#
# There is insufficient memory for the Java Runtime Environment to continue.
# Native memory allocation (malloc) failed to allocate 1048576 bytes for AllocateHeap
# Possible reasons:
#   The system is out of physical RAM or swap space
#   The process is running with CompressedOops enabled, and the Java Heap may be blocking the growth of the native heap
# Possible solutions:
#   Reduce memory load on the system
#   Increase physical memory or swap space
#   Check if swap backing store is full
#   Decrease Java heap size (-Xmx/-Xms)
#   Decrease number of Java threads
#   Decrease Java thread stack sizes (-Xss)
#   Set larger code cache with -XX:ReservedCodeCacheSize=
#   JVM is running with Unscaled Compressed Oops mode in which the Java heap is
#     placed in the first 4GB address space. The Java Heap base address is the
#     maximum limit for the native heap growth. Please use -XX:HeapBaseMinAddress
#     to set the Java Heap base and to place the Java Heap above 4GB virtual address.
# This output file may be truncated or incomplete.
#
#  Out of Memory Error (allocation.cpp:44), pid=34172, tid=27744
#
# JRE version: OpenJDK Runtime Environment Temurin-17.0.6+10 (17.0.6+10) (build 17.0.6+10)
# Java VM: OpenJDK 64-Bit Server VM Temurin-17.0.6+10 (17.0.6+10, mixed mode, emulated-client, tiered, compressed oops, compressed class ptrs, g1 gc, windows-amd64)
# No core dump will be written. Minidumps are not enabled by default on client versions of Windows
#

---------------  S U M M A R Y ------------

Command Line: -XX:+HeapDumpOnOutOfMemoryError -Xmx1024m -Dsts.lsp.client=vscode -Dsts.log.file=/dev/null -XX:TieredStopAtLevel=1 -Xlog:jni+resolve=off -Dspring.config.location=file:c:\Users\Administrator\.vscode\extensions\vmware.vscode-spring-boot-1.45.0\language-server\BOOT-INF\classes\application.properties org.springframework.ide.vscode.boot.app.BootLanguageServerBootApp

Host: 12th Gen Intel(R) Core(TM) i5-12490F, 12 cores, 15G,  Windows 10 , 64 bit Build 19041 (10.0.19041.2546)
Time: Fri Jul 14 10:33:54 2023  Windows 10 , 64 bit Build 19041 (10.0.19041.2546) elapsed time: 372007.597684 seconds (4d 7h 20m 7s)

---------------  T H R E A D  ---------------

Current thread (0x0000023d854b31e0):  VMThread "VM Thread" [stack: 0x000000bc2a900000,0x000000bc2aa00000] [id=27744]

Stack: [0x000000bc2a900000,0x000000bc2aa00000]
Native frames: (J=compiled Java code, j=interpreted, Vv=VM code, C=native code)
V  [jvm.dll+0x67741a]
V  [jvm.dll+0x834434]
V  [jvm.dll+0x835bde]
V  [jvm.dll+0x836243]
V  [jvm.dll+0x2457b5]
V  [jvm.dll+0xa626f]
V  [jvm.dll+0x2f5ad3]
V  [jvm.dll+0x2f17e0]
V  [jvm.dll+0x2d9ee7]
V  [jvm.dll+0x31ce67]
V  [jvm.dll+0x83a6eb]
V  [jvm.dll+0x83b424]
V  [jvm.dll+0x83b93c]
V  [jvm.dll+0x83bd14]
V  [jvm.dll+0x83bde0]
V  [jvm.dll+0x7e483a]
V  [jvm.dll+0x6762c5]
C  [ucrtbase.dll+0x21bb2]
C  [KERNEL32.DLL+0x17614]
C  [ntdll.dll+0x526a1]

VM_Operation (0x000000bc2c5fed40): G1CollectFull, mode: safepoint, requested by thread 0x0000023d87632c00


---------------  P R O C E S S  ---------------

Threads class SMR info:
_java_thread_list=0x0000023d86f81bf0, length=18, elements={
0x0000023d854b6bf0, 0x0000023d854b7770, 0x0000023d86053820, 0x0000023d86054240,
0x0000023d8602bd10, 0x0000023d8602c5d0, 0x0000023d8602cf40, 0x0000023d8602f850,
0x0000023d8629b770, 0x0000023d862a40b0, 0x0000023d875702c0, 0x0000023d87631b10,
0x0000023d87632c00, 0x0000023d8765d4e0, 0x0000023dfa206e80, 0x0000023d8768f6f0,
0x0000023d876cac70, 0x0000023d876eaa30
}

Java Threads: ( => current thread )
  0x0000023d854b6bf0 JavaThread "Reference Handler" daemon [_thread_blocked, id=10144, stack(0x000000bc2aa00000,0x000000bc2ab00000)]
  0x0000023d854b7770 JavaThread "Finalizer" daemon [_thread_blocked, id=33020, stack(0x000000bc2ab00000,0x000000bc2ac00000)]
  0x0000023d86053820 JavaThread "Signal Dispatcher" daemon [_thread_blocked, id=18420, stack(0x000000bc2ac00000,0x000000bc2ad00000)]
  0x0000023d86054240 JavaThread "Attach Listener" daemon [_thread_blocked, id=30756, stack(0x000000bc2ad00000,0x000000bc2ae00000)]
  0x0000023d8602bd10 JavaThread "Service Thread" daemon [_thread_blocked, id=21624, stack(0x000000bc2ae00000,0x000000bc2af00000)]
  0x0000023d8602c5d0 JavaThread "Monitor Deflation Thread" daemon [_thread_blocked, id=32868, stack(0x000000bc2af00000,0x000000bc2b000000)]
  0x0000023d8602cf40 JavaThread "C1 CompilerThread0" daemon [_thread_blocked, id=34400, stack(0x000000bc2b000000,0x000000bc2b100000)]
  0x0000023d8602f850 JavaThread "Sweeper thread" daemon [_thread_blocked, id=34160, stack(0x000000bc2b100000,0x000000bc2b200000)]
  0x0000023d8629b770 JavaThread "Notification Thread" daemon [_thread_blocked, id=21260, stack(0x000000bc2b300000,0x000000bc2b400000)]
  0x0000023d862a40b0 JavaThread "Common-Cleaner" daemon [_thread_blocked, id=17740, stack(0x000000bc2b500000,0x000000bc2b600000)]
  0x0000023d875702c0 JavaThread "boundedElastic-evictor-1" daemon [_thread_blocked, id=17060, stack(0x000000bc2be00000,0x000000bc2bf00000)]
  0x0000023d87631b10 JavaThread "boundedElastic-evictor-2" daemon [_thread_blocked, id=17792, stack(0x000000bc2c400000,0x000000bc2c500000)]
  0x0000023d87632c00 JavaThread "pool-10-thread-1" [_thread_blocked, id=31712, stack(0x000000bc2c500000,0x000000bc2c600000)]
  0x0000023d8765d4e0 JavaThread "LanguageServerApp-lifecycle" [_thread_blocked, id=23592, stack(0x000000bc2c600000,0x000000bc2c700000)]
  0x0000023dfa206e80 JavaThread "DestroyJavaVM" [_thread_blocked, id=25040, stack(0x000000bc2a300000,0x000000bc2a400000)]
  0x0000023d8768f6f0 JavaThread "pool-11-thread-1" [_thread_in_native, id=30380, stack(0x000000bc2c700000,0x000000bc2c800000)]
  0x0000023d876cac70 JavaThread "Simple-Language-Server main thread" daemon [_thread_blocked, id=24064, stack(0x000000bc2c800000,0x000000bc2c900000)]
  0x0000023d876eaa30 JavaThread "pool-6-thread-1" [_thread_blocked, id=27972, stack(0x000000bc2c900000,0x000000bc2ca00000)]

Other Threads:
=>0x0000023d854b31e0 VMThread "VM Thread" [stack: 0x000000bc2a900000,0x000000bc2aa00000] [id=27744]
  0x0000023d8629bc40 WatcherThread [stack: 0x000000bc2b400000,0x000000bc2b500000] [id=33428]
  0x0000023dfa2476f0 GCTaskThread "GC Thread#0" [stack: 0x000000bc2a400000,0x000000bc2a500000] [id=28132]
  0x0000023d86bda820 GCTaskThread "GC Thread#1" [stack: 0x000000bc2b600000,0x000000bc2b700000] [id=24696]
  0x0000023d86c30020 GCTaskThread "GC Thread#2" [stack: 0x000000bc2b700000,0x000000bc2b800000] [id=19216]
  0x0000023d86c302d0 GCTaskThread "GC Thread#3" [stack: 0x000000bc2b800000,0x000000bc2b900000] [id=34672]
  0x0000023d86c30b90 GCTaskThread "GC Thread#4" [stack: 0x000000bc2b900000,0x000000bc2ba00000] [id=18548]
  0x0000023d86c30e40 GCTaskThread "GC Thread#5" [stack: 0x000000bc2ba00000,0x000000bc2bb00000] [id=26752]
  0x0000023d86ed0ba0 GCTaskThread "GC Thread#6" [stack: 0x000000bc2bb00000,0x000000bc2bc00000] [id=24184]
  0x0000023d86ed0e50 GCTaskThread "GC Thread#7" [stack: 0x000000bc2bc00000,0x000000bc2bd00000] [id=34596]
  0x0000023d86ed1100 GCTaskThread "GC Thread#8" [stack: 0x000000bc2bd00000,0x000000bc2be00000] [id=17336]
  0x0000023d870b16f0 GCTaskThread "GC Thread#9" [stack: 0x000000bc2c100000,0x000000bc2c200000] [id=10828]
  0x0000023dfa250540 ConcurrentGCThread "G1 Main Marker" [stack: 0x000000bc2a500000,0x000000bc2a600000] [id=27912]
  0x0000023dfa250e60 ConcurrentGCThread "G1 Conc#0" [stack: 0x000000bc2a600000,0x000000bc2a700000] [id=31504]
  0x0000023d870e7480 ConcurrentGCThread "G1 Conc#1" [stack: 0x000000bc2c200000,0x000000bc2c300000] [id=7984]
  0x0000023d86ec74c0 ConcurrentGCThread "G1 Conc#2" [stack: 0x000000bc2c300000,0x000000bc2c400000] [id=824]
  0x0000023dfa2cd290 ConcurrentGCThread "G1 Refine#0" [stack: 0x000000bc2a700000,0x000000bc2a800000] [id=11524]
  0x0000023dfa2cdbc0 ConcurrentGCThread "G1 Service" [stack: 0x000000bc2a800000,0x000000bc2a900000] [id=14748]

Threads with active compile tasks:

VM state: at safepoint (normal execution)

VM Mutex/Monitor currently owned by a thread:  ([mutex/lock_event])
[0x0000023df7f80870] Threads_lock - owner thread: 0x0000023d854b31e0
[0x0000023dfa204aa0] Heap_lock - owner thread: 0x0000023d87632c00

Heap address: 0x00000000c0000000, size: 1024 MB, Compressed Oops mode: 32-bit

CDS archive(s) not mapped
Compressed class space mapped at: 0x0000000100000000-0x0000000140000000, reserved size: 1073741824
Narrow klass base: 0x0000000000000000, Narrow klass shift: 3, Narrow klass range: 0x140000000

GC Precious Log:
 CPUs: 12 total, 12 available
 Memory: 16239M
 Large Page Support: Disabled
 NUMA Support: Disabled
 Compressed Oops: Enabled (32-bit)
 Heap Region Size: 1M
 Heap Min Capacity: 8M
 Heap Initial Capacity: 254M
 Heap Max Capacity: 1G
 Pre-touch: Disabled
 Parallel Workers: 10
 Concurrent Workers: 3
 Concurrent Refinement Workers: 10
 Periodic GC: Disabled

Heap:
 garbage-first heap   total 51200K, used 14372K [0x00000000c0000000, 0x0000000100000000)
  region size 1024K, 1 young (1024K), 0 survivors (0K)
 Metaspace       used 34464K, committed 35008K, reserved 1081344K
  class space    used 4468K, committed 4672K, reserved 1048576K

Heap Regions: E=young(eden), S=young(survivor), O=old, HS=humongous(starts), HC=humongous(continues), CS=collection set, F=free, OA=open archive, CA=closed archive, TAMS=top-at-mark-start (previous, next)
|   0|0x00000000c0000000, 0x00000000c0100000, 0x00000000c0100000|100%| O|  |TAMS 0x00000000c0100000, 0x00000000c0000000| Untracked 
|   1|0x00000000c0100000, 0x00000000c01fffd0, 0x00000000c0200000| 99%| O|  |TAMS 0x00000000c01fffd0, 0x00000000c0100000| Untracked 
|   2|0x00000000c0200000, 0x00000000c0300000, 0x00000000c0300000|100%| O|  |TAMS 0x00000000c0300000, 0x00000000c0200000| Untracked 
|   3|0x00000000c0300000, 0x00000000c03ffff0, 0x00000000c0400000| 99%| O|  |TAMS 0x00000000c03ffff0, 0x00000000c0300000| Untracked 
|   4|0x00000000c0400000, 0x00000000c04ffff8, 0x00000000c0500000| 99%| O|  |TAMS 0x00000000c04ffff8, 0x00000000c0400000| Untracked 
|   5|0x00000000c0500000, 0x00000000c05fffb8, 0x00000000c0600000| 99%| O|  |TAMS 0x00000000c05fffb8, 0x00000000c0500000| Untracked 
|   6|0x00000000c0600000, 0x00000000c0700000, 0x00000000c0700000|100%| O|  |TAMS 0x00000000c0700000, 0x00000000c0600000| Untracked 
|   7|0x00000000c0700000, 0x00000000c0800000, 0x00000000c0800000|100%| O|  |TAMS 0x00000000c0800000, 0x00000000c0700000| Untracked 
|   8|0x00000000c0800000, 0x00000000c08ffff0, 0x00000000c0900000| 99%| O|  |TAMS 0x00000000c08ffff0, 0x00000000c0800000| Untracked 
|   9|0x00000000c0900000, 0x00000000c09ffff8, 0x00000000c0a00000| 99%| O|  |TAMS 0x00000000c09ffff8, 0x00000000c0900000| Untracked 
|  10|0x00000000c0a00000, 0x00000000c0afdfb8, 0x00000000c0b00000| 99%| O|  |TAMS 0x00000000c0afdfb8, 0x00000000c0a00000| Untracked 
|  11|0x00000000c0b00000, 0x00000000c0bfffa8, 0x00000000c0c00000| 99%| O|  |TAMS 0x00000000c0bfffa8, 0x00000000c0b00000| Untracked 
|  12|0x00000000c0c00000, 0x00000000c0cffff8, 0x00000000c0d00000| 99%| O|  |TAMS 0x00000000c0cffff8, 0x00000000c0c00000| Untracked 
|  13|0x00000000c0d00000, 0x00000000c0dffce0, 0x00000000c0e00000| 99%| O|  |TAMS 0x00000000c0dffce0, 0x00000000c0d00000| Untracked 
|  14|0x00000000c0e00000, 0x00000000c0e0b730, 0x00000000c0f00000|  4%| O|  |TAMS 0x00000000c0e00000, 0x00000000c0e00000| Untracked 
|  15|0x00000000c0f00000, 0x00000000c0f00000, 0x00000000c1000000|  0%| F|  |TAMS 0x00000000c0f00000, 0x00000000c0f00000| Untracked 
|  16|0x00000000c1000000, 0x00000000c1000000, 0x00000000c1100000|  0%| F|  |TAMS 0x00000000c1000000, 0x00000000c1000000| Untracked 
|  17|0x00000000c1100000, 0x00000000c1100000, 0x00000000c1200000|  0%| F|  |TAMS 0x00000000c1100000, 0x00000000c1100000| Untracked 
|  18|0x00000000c1200000, 0x00000000c1200000, 0x00000000c1300000|  0%| F|  |TAMS 0x00000000c1200000, 0x00000000c1200000| Untracked 
|  19|0x00000000c1300000, 0x00000000c1300000, 0x00000000c1400000|  0%| F|  |TAMS 0x00000000c1300000, 0x00000000c1300000| Untracked 
|  20|0x00000000c1400000, 0x00000000c1400000, 0x00000000c1500000|  0%| F|  |TAMS 0x00000000c1400000, 0x00000000c1400000| Untracked 
|  21|0x00000000c1500000, 0x00000000c1500000, 0x00000000c1600000|  0%| F|  |TAMS 0x00000000c1500000, 0x00000000c1500000| Untracked 
|  22|0x00000000c1600000, 0x00000000c1600000, 0x00000000c1700000|  0%| F|  |TAMS 0x00000000c1600000, 0x00000000c1600000| Untracked 
|  23|0x00000000c1700000, 0x00000000c1700000, 0x00000000c1800000|  0%| F|  |TAMS 0x00000000c1700000, 0x00000000c1700000| Untracked 
|  24|0x00000000c1800000, 0x00000000c1800000, 0x00000000c1900000|  0%| F|  |TAMS 0x00000000c1800000, 0x00000000c1800000| Untracked 
|  25|0x00000000c1900000, 0x00000000c1900000, 0x00000000c1a00000|  0%| F|  |TAMS 0x00000000c1900000, 0x00000000c1900000| Untracked 
|  26|0x00000000c1a00000, 0x00000000c1a00000, 0x00000000c1b00000|  0%| F|  |TAMS 0x00000000c1a00000, 0x00000000c1a00000| Untracked 
|  27|0x00000000c1b00000, 0x00000000c1b00000, 0x00000000c1c00000|  0%| F|  |TAMS 0x00000000c1b00000, 0x00000000c1b00000| Untracked 
|  28|0x00000000c1c00000, 0x00000000c1c00000, 0x00000000c1d00000|  0%| F|  |TAMS 0x00000000c1c00000, 0x00000000c1c00000| Untracked 
|  29|0x00000000c1d00000, 0x00000000c1d00000, 0x00000000c1e00000|  0%| F|  |TAMS 0x00000000c1d00000, 0x00000000c1d00000| Untracked 
|  30|0x00000000c1e00000, 0x00000000c1e00000, 0x00000000c1f00000|  0%| F|  |TAMS 0x00000000c1e00000, 0x00000000c1e00000| Untracked 
|  31|0x00000000c1f00000, 0x00000000c1f00000, 0x00000000c2000000|  0%| F|  |TAMS 0x00000000c1f00000, 0x00000000c1f00000| Untracked 
|  32|0x00000000c2000000, 0x00000000c2000000, 0x00000000c2100000|  0%| F|  |TAMS 0x00000000c2000000, 0x00000000c2000000| Untracked 
|  33|0x00000000c2100000, 0x00000000c2100000, 0x00000000c2200000|  0%| F|  |TAMS 0x00000000c2100000, 0x00000000c2100000| Untracked 
|  34|0x00000000c2200000, 0x00000000c2200000, 0x00000000c2300000|  0%| F|  |TAMS 0x00000000c2200000, 0x00000000c2200000| Untracked 
|  35|0x00000000c2300000, 0x00000000c2300000, 0x00000000c2400000|  0%| F|  |TAMS 0x00000000c2300000, 0x00000000c2300000| Untracked 
|  36|0x00000000c2400000, 0x00000000c2400000, 0x00000000c2500000|  0%| F|  |TAMS 0x00000000c2400000, 0x00000000c2400000| Untracked 
|  37|0x00000000c2500000, 0x00000000c2500000, 0x00000000c2600000|  0%| F|  |TAMS 0x00000000c2500000, 0x00000000c2500000| Untracked 
|  38|0x00000000c2600000, 0x00000000c2600000, 0x00000000c2700000|  0%| F|  |TAMS 0x00000000c2600000, 0x00000000c2600000| Untracked 
|  39|0x00000000c2700000, 0x00000000c2700000, 0x00000000c2800000|  0%| F|  |TAMS 0x00000000c2700000, 0x00000000c2700000| Untracked 
|  40|0x00000000c2800000, 0x00000000c2800000, 0x00000000c2900000|  0%| F|  |TAMS 0x00000000c2800000, 0x00000000c2800000| Untracked 
|  41|0x00000000c2900000, 0x00000000c2900000, 0x00000000c2a00000|  0%| F|  |TAMS 0x00000000c2900000, 0x00000000c2900000| Untracked 
|  42|0x00000000c2a00000, 0x00000000c2a00000, 0x00000000c2b00000|  0%| F|  |TAMS 0x00000000c2a00000, 0x00000000c2a00000| Untracked 
|  43|0x00000000c2b00000, 0x00000000c2b00000, 0x00000000c2c00000|  0%| F|  |TAMS 0x00000000c2b00000, 0x00000000c2b00000| Untracked 
|  44|0x00000000c2c00000, 0x00000000c2c00000, 0x00000000c2d00000|  0%| F|  |TAMS 0x00000000c2c00000, 0x00000000c2c00000| Untracked 
|  45|0x00000000c2d00000, 0x00000000c2d00000, 0x00000000c2e00000|  0%| F|  |TAMS 0x00000000c2d00000, 0x00000000c2d00000| Untracked 
|  46|0x00000000c2e00000, 0x00000000c2e00000, 0x00000000c2f00000|  0%| F|  |TAMS 0x00000000c2e00000, 0x00000000c2e00000| Untracked 
|  47|0x00000000c2f00000, 0x00000000c2f00000, 0x00000000c3000000|  0%| F|  |TAMS 0x00000000c2f00000, 0x00000000c2f00000| Untracked 
|  48|0x00000000c3000000, 0x00000000c3000000, 0x00000000c3100000|  0%| F|  |TAMS 0x00000000c3000000, 0x00000000c3000000| Untracked 
|  49|0x00000000c3100000, 0x00000000c3128568, 0x00000000c3200000| 15%| E|  |TAMS 0x00000000c3100000, 0x00000000c3100000| Complete 

Card table byte_map: [0x0000023d80420000,0x0000023d80620000] _byte_map_base: 0x0000023d7fe20000

Marking Bits (Prev, Next): (CMBitMap*) 0x0000023dfa247c10, (CMBitMap*) 0x0000023dfa247c50
 Prev Bits: [0x0000023d80820000, 0x0000023d81820000)
 Next Bits: [0x0000023d81820000, 0x0000023d82820000)

Polling page: 0x0000023df99d0000

Metaspace:

Usage:
  Non-class:     29.29 MB used.
      Class:      4.36 MB used.
       Both:     33.66 MB used.

Virtual space:
  Non-class space:       32.00 MB reserved,      29.62 MB ( 93%) committed,  4 nodes.
      Class space:        1.00 GB reserved,       4.56 MB ( <1%) committed,  1 nodes.
             Both:        1.03 GB reserved,      34.19 MB (  3%) committed. 

Chunk freelists:
   Non-Class:  2.41 MB
       Class:  3.35 MB
        Both:  5.76 MB

MaxMetaspaceSize: unlimited
CompressedClassSpaceSize: 1.00 GB
Initial GC threshold: 21.00 MB
Current GC threshold: 57.00 MB
CDS: off
MetaspaceReclaimPolicy: balanced
 - commit_granule_bytes: 65536.
 - commit_granule_words: 8192.
 - virtual_space_node_default_size: 1048576.
 - enlarge_chunks_in_place: 1.
 - new_chunks_are_fully_committed: 0.
 - uncommit_free_chunks: 1.
 - use_allocation_guard: 0.
 - handle_deallocations: 1.


Internal statistics:

num_allocs_failed_limit: 3.
num_arena_births: 436.
num_arena_deaths: 120.
num_vsnodes_births: 5.
num_vsnodes_deaths: 0.
num_space_committed: 547.
num_space_uncommitted: 0.
num_chunks_returned_to_freelist: 138.
num_chunks_taken_from_freelist: 1440.
num_chunk_merges: 43.
num_chunk_splits: 987.
num_chunks_enlarged: 733.
num_purges: 2.
num_inconsistent_stats: 0.

CodeCache: size=49152Kb used=6467Kb max_used=7896Kb free=42684Kb
 bounds [0x0000023dfce90000, 0x0000023dfd650000, 0x0000023dffe90000]
 total_blobs=3943 nmethods=3409 adapters=461
 compilation: enabled
              stopped_count=0, restarted_count=0
 full_count=0

Compilation events (20 events):
Event: 2623.093 Thread 0x0000023d8602cf40 3397   !   1       java.io.FilterOutputStream::close (183 bytes)
Event: 2623.107 Thread 0x0000023d8602cf40 nmethod 3397 0x0000023dfd372d10 code [0x0000023dfd372f20, 0x0000023dfd3733f8]
Event: 2623.107 Thread 0x0000023d8602cf40 3398   !   1       java.io.FileOutputStream::close (69 bytes)
Event: 2623.108 Thread 0x0000023d8602cf40 nmethod 3398 0x0000023dfd372690 code [0x0000023dfd372860, 0x0000023dfd372bd8]
Event: 2623.108 Thread 0x0000023d8602cf40 3399       1       java.io.FileOutputStream$1::<init> (10 bytes)
Event: 2623.108 Thread 0x0000023d8602cf40 nmethod 3399 0x0000023dfd372390 code [0x0000023dfd372520, 0x0000023dfd372638]
Event: 2623.108 Thread 0x0000023d8602cf40 3400       1       java.io.FileOutputStream$1::close (11 bytes)
Event: 2623.108 Thread 0x0000023d8602cf40 nmethod 3400 0x0000023dfd371d10 code [0x0000023dfd371ec0, 0x0000023dfd3721d8]
Event: 2623.108 Thread 0x0000023d8602cf40 3402       1       java.lang.ProcessImpl$$Lambda$627/0x000000010044b810::run (8 bytes)
Event: 2623.108 Thread 0x0000023d8602cf40 nmethod 3402 0x0000023dfd371a10 code [0x0000023dfd371ba0, 0x0000023dfd371c88]
Event: 2623.108 Thread 0x0000023d8602cf40 3403       1       java.lang.ProcessImpl::lambda$new$0 (6 bytes)
Event: 2623.108 Thread 0x0000023d8602cf40 nmethod 3403 0x0000023dfd371710 code [0x0000023dfd3718a0, 0x0000023dfd371968]
Event: 3918.698 Thread 0x0000023d8602cf40 3405       1       java.lang.ProcessImpl::waitFor (136 bytes)
Event: 3918.699 Thread 0x0000023d8602cf40 nmethod 3405 0x0000023dfd370a90 code [0x0000023dfd370ca0, 0x0000023dfd3710d8]
Event: 202251.416 Thread 0x0000023d8602cf40 3407 % !   1       java.util.concurrent.ThreadPoolExecutor::runWorker @ 21 (187 bytes)
Event: 202251.439 Thread 0x0000023d8602cf40 nmethod 3407% 0x0000023dfd36f810 code [0x0000023dfd36fa60, 0x0000023dfd3703c8]
Event: 205681.402 Thread 0x0000023d8602cf40 3408   !   1       java.util.concurrent.ThreadPoolExecutor::runWorker (187 bytes)
Event: 205681.409 Thread 0x0000023d8602cf40 nmethod 3408 0x0000023dfd36ea90 code [0x0000023dfd36ecc0, 0x0000023dfd36f318]
Event: 205691.417 Thread 0x0000023d8602cf40 3409       1       java.util.concurrent.ThreadPoolExecutor$Worker::tryAcquire (20 bytes)
Event: 205691.417 Thread 0x0000023d8602cf40 nmethod 3409 0x0000023dfd36e710 code [0x0000023dfd36e8a0, 0x0000023dfd36ea18]

GC Heap History (20 events):
Event: 371906.257 GC heap before
{Heap before GC invocations=36718 (full 36709):
 garbage-first heap   total 51200K, used 14372K [0x00000000c0000000, 0x0000000100000000)
  region size 1024K, 1 young (1024K), 0 survivors (0K)
 Metaspace       used 34464K, committed 35008K, reserved 1081344K
  class space    used 4468K, committed 4672K, reserved 1048576K
}
Event: 371906.269 GC heap after
{Heap after GC invocations=36719 (full 36710):
 garbage-first heap   total 51200K, used 14372K [0x00000000c0000000, 0x0000000100000000)
  region size 1024K, 0 young (0K), 0 survivors (0K)
 Metaspace       used 34464K, committed 35008K, reserved 1081344K
  class space    used 4468K, committed 4672K, reserved 1048576K
}
Event: 371916.382 GC heap before
{Heap before GC invocations=36719 (full 36710):
 garbage-first heap   total 51200K, used 14372K [0x00000000c0000000, 0x0000000100000000)
  region size 1024K, 1 young (1024K), 0 survivors (0K)
 Metaspace       used 34464K, committed 35008K, reserved 1081344K
  class space    used 4468K, committed 4672K, reserved 1048576K
}
Event: 371916.393 GC heap after
{Heap after GC invocations=36720 (full 36711):
 garbage-first heap   total 51200K, used 14372K [0x00000000c0000000, 0x0000000100000000)
  region size 1024K, 0 young (0K), 0 survivors (0K)
 Metaspace       used 34464K, committed 35008K, reserved 1081344K
  class space    used 4468K, committed 4672K, reserved 1048576K
}
Event: 371926.491 GC heap before
{Heap before GC invocations=36720 (full 36711):
 garbage-first heap   total 51200K, used 14372K [0x00000000c0000000, 0x0000000100000000)
  region size 1024K, 1 young (1024K), 0 survivors (0K)
 Metaspace       used 34464K, committed 35008K, reserved 1081344K
  class space    used 4468K, committed 4672K, reserved 1048576K
}
Event: 371926.501 GC heap after
{Heap after GC invocations=36721 (full 36712):
 garbage-first heap   total 51200K, used 14372K [0x00000000c0000000, 0x0000000100000000)
  region size 1024K, 0 young (0K), 0 survivors (0K)
 Metaspace       used 34464K, committed 35008K, reserved 1081344K
  class space    used 4468K, committed 4672K, reserved 1048576K
}
Event: 371936.609 GC heap before
{Heap before GC invocations=36721 (full 36712):
 garbage-first heap   total 51200K, used 14372K [0x00000000c0000000, 0x0000000100000000)
  region size 1024K, 1 young (1024K), 0 survivors (0K)
 Metaspace       used 34464K, committed 35008K, reserved 1081344K
  class space    used 4468K, committed 4672K, reserved 1048576K
}
Event: 371936.618 GC heap after
{Heap after GC invocations=36722 (full 36713):
 garbage-first heap   total 51200K, used 14372K [0x00000000c0000000, 0x0000000100000000)
  region size 1024K, 0 young (0K), 0 survivors (0K)
 Metaspace       used 34464K, committed 35008K, reserved 1081344K
  class space    used 4468K, committed 4672K, reserved 1048576K
}
Event: 371946.719 GC heap before
{Heap before GC invocations=36722 (full 36713):
 garbage-first heap   total 51200K, used 14372K [0x00000000c0000000, 0x0000000100000000)
  region size 1024K, 1 young (1024K), 0 survivors (0K)
 Metaspace       used 34464K, committed 35008K, reserved 1081344K
  class space    used 4468K, committed 4672K, reserved 1048576K
}
Event: 371946.730 GC heap after
{Heap after GC invocations=36723 (full 36714):
 garbage-first heap   total 51200K, used 14372K [0x00000000c0000000, 0x0000000100000000)
  region size 1024K, 0 young (0K), 0 survivors (0K)
 Metaspace       used 34464K, committed 35008K, reserved 1081344K
  class space    used 4468K, committed 4672K, reserved 1048576K
}
Event: 371956.854 GC heap before
{Heap before GC invocations=36723 (full 36714):
 garbage-first heap   total 51200K, used 14372K [0x00000000c0000000, 0x0000000100000000)
  region size 1024K, 1 young (1024K), 0 survivors (0K)
 Metaspace       used 34464K, committed 35008K, reserved 1081344K
  class space    used 4468K, committed 4672K, reserved 1048576K
}
Event: 371956.866 GC heap after
{Heap after GC invocations=36724 (full 36715):
 garbage-first heap   total 51200K, used 14372K [0x00000000c0000000, 0x0000000100000000)
  region size 1024K, 0 young (0K), 0 survivors (0K)
 Metaspace       used 34464K, committed 35008K, reserved 1081344K
  class space    used 4468K, committed 4672K, reserved 1048576K
}
Event: 371966.972 GC heap before
{Heap before GC invocations=36724 (full 36715):
 garbage-first heap   total 51200K, used 14372K [0x00000000c0000000, 0x0000000100000000)
  region size 1024K, 1 young (1024K), 0 survivors (0K)
 Metaspace       used 34464K, committed 35008K, reserved 1081344K
  class space    used 4468K, committed 4672K, reserved 1048576K
}
Event: 371966.982 GC heap after
{Heap after GC invocations=36725 (full 36716):
 garbage-first heap   total 51200K, used 14372K [0x00000000c0000000, 0x0000000100000000)
  region size 1024K, 0 young (0K), 0 survivors (0K)
 Metaspace       used 34464K, committed 35008K, reserved 1081344K
  class space    used 4468K, committed 4672K, reserved 1048576K
}
Event: 371977.080 GC heap before
{Heap before GC invocations=36725 (full 36716):
 garbage-first heap   total 51200K, used 14372K [0x00000000c0000000, 0x0000000100000000)
  region size 1024K, 1 young (1024K), 0 survivors (0K)
 Metaspace       used 34464K, committed 35008K, reserved 1081344K
  class space    used 4468K, committed 4672K, reserved 1048576K
}
Event: 371977.093 GC heap after
{Heap after GC invocations=36726 (full 36717):
 garbage-first heap   total 51200K, used 14372K [0x00000000c0000000, 0x0000000100000000)
  region size 1024K, 0 young (0K), 0 survivors (0K)
 Metaspace       used 34464K, committed 35008K, reserved 1081344K
  class space    used 4468K, committed 4672K, reserved 1048576K
}
Event: 371987.203 GC heap before
{Heap before GC invocations=36726 (full 36717):
 garbage-first heap   total 51200K, used 14372K [0x00000000c0000000, 0x0000000100000000)
  region size 1024K, 1 young (1024K), 0 survivors (0K)
 Metaspace       used 34464K, committed 35008K, reserved 1081344K
  class space    used 4468K, committed 4672K, reserved 1048576K
}
Event: 371987.213 GC heap after
{Heap after GC invocations=36727 (full 36718):
 garbage-first heap   total 51200K, used 14372K [0x00000000c0000000, 0x0000000100000000)
  region size 1024K, 0 young (0K), 0 survivors (0K)
 Metaspace       used 34464K, committed 35008K, reserved 1081344K
  class space    used 4468K, committed 4672K, reserved 1048576K
}
Event: 371997.499 GC heap before
{Heap before GC invocations=36727 (full 36718):
 garbage-first heap   total 51200K, used 14372K [0x00000000c0000000, 0x0000000100000000)
  region size 1024K, 1 young (1024K), 0 survivors (0K)
 Metaspace       used 34464K, committed 35008K, reserved 1081344K
  class space    used 4468K, committed 4672K, reserved 1048576K
}
Event: 371997.514 GC heap after
{Heap after GC invocations=36728 (full 36719):
 garbage-first heap   total 51200K, used 14372K [0x00000000c0000000, 0x0000000100000000)
  region size 1024K, 0 young (0K), 0 survivors (0K)
 Metaspace       used 34464K, committed 35008K, reserved 1081344K
  class space    used 4468K, committed 4672K, reserved 1048576K
}

Dll operation events (7 events):
Event: 0.004 Loaded shared library c:\Users\Administrator\.vscode\extensions\redhat.java-1.16.0-win32-x64\jre\17.0.6-win32-x86_64\bin\java.dll
Event: 0.112 Loaded shared library C:\Users\Administrator\.vscode\extensions\redhat.java-1.16.0-win32-x64\jre\17.0.6-win32-x86_64\bin\net.dll
Event: 0.115 Loaded shared library C:\Users\Administrator\.vscode\extensions\redhat.java-1.16.0-win32-x64\jre\17.0.6-win32-x86_64\bin\nio.dll
Event: 0.122 Loaded shared library C:\Users\Administrator\.vscode\extensions\redhat.java-1.16.0-win32-x64\jre\17.0.6-win32-x86_64\bin\zip.dll
Event: 0.211 Loaded shared library C:\Users\Administrator\.vscode\extensions\redhat.java-1.16.0-win32-x64\jre\17.0.6-win32-x86_64\bin\jimage.dll
Event: 1.435 Loaded shared library C:\Users\Administrator\.vscode\extensions\redhat.java-1.16.0-win32-x64\jre\17.0.6-win32-x86_64\bin\management.dll
Event: 1.437 Loaded shared library C:\Users\Administrator\.vscode\extensions\redhat.java-1.16.0-win32-x64\jre\17.0.6-win32-x86_64\bin\management_ext.dll

Deoptimization events (6 events):
Event: 0.777 Thread 0x0000023dfa206e80 DEOPT PACKING pc=0x0000023dfd419419 sp=0x000000bc2a3fd720
Event: 0.777 Thread 0x0000023dfa206e80 DEOPT UNPACKING pc=0x0000023dfcee7143 sp=0x000000bc2a3fcc00 mode 3
Event: 1.102 Thread 0x0000023dfa206e80 DEOPT PACKING pc=0x0000023dfd533b9d sp=0x000000bc2a3faaf0
Event: 1.102 Thread 0x0000023dfa206e80 DEOPT UNPACKING pc=0x0000023dfcee7143 sp=0x000000bc2a3fa008 mode 3
Event: 1.548 Thread 0x0000023d876cac70 DEOPT PACKING pc=0x0000023dfd639cb5 sp=0x000000bc2c8fd300
Event: 1.548 Thread 0x0000023d876cac70 DEOPT UNPACKING pc=0x0000023dfcee7143 sp=0x000000bc2c8fc828 mode 3

Classes unloaded (20 events):
Event: 61.804 Thread 0x0000023d854b31e0 Unloading class 0x0000000100220800 'java/lang/invoke/LambdaForm$MH+0x0000000100220800'
Event: 61.804 Thread 0x0000023d854b31e0 Unloading class 0x0000000100215000 'java/lang/invoke/LambdaForm$DMH+0x0000000100215000'
Event: 61.804 Thread 0x0000023d854b31e0 Unloading class 0x0000000100091c00 'java/lang/invoke/LambdaForm$MH+0x0000000100091c00'
Event: 61.804 Thread 0x0000023d854b31e0 Unloading class 0x0000000100091800 'java/lang/invoke/LambdaForm$MH+0x0000000100091800'
Event: 61.804 Thread 0x0000023d854b31e0 Unloading class 0x0000000100091400 'java/lang/invoke/LambdaForm$MH+0x0000000100091400'
Event: 61.804 Thread 0x0000023d854b31e0 Unloading class 0x0000000100091000 'java/lang/invoke/LambdaForm$MH+0x0000000100091000'
Event: 61.804 Thread 0x0000023d854b31e0 Unloading class 0x0000000100090c00 'java/lang/invoke/LambdaForm$MH+0x0000000100090c00'
Event: 61.804 Thread 0x0000023d854b31e0 Unloading class 0x0000000100090800 'java/lang/invoke/LambdaForm$MH+0x0000000100090800'
Event: 61.804 Thread 0x0000023d854b31e0 Unloading class 0x0000000100090400 'java/lang/invoke/LambdaForm$MH+0x0000000100090400'
Event: 61.804 Thread 0x0000023d854b31e0 Unloading class 0x0000000100090000 'java/lang/invoke/LambdaForm$MH+0x0000000100090000'
Event: 61.804 Thread 0x0000023d854b31e0 Unloading class 0x000000010008b800 'java/lang/invoke/LambdaForm$MH+0x000000010008b800'
Event: 61.804 Thread 0x0000023d854b31e0 Unloading class 0x000000010008b400 'java/lang/invoke/LambdaForm$MH+0x000000010008b400'
Event: 61.804 Thread 0x0000023d854b31e0 Unloading class 0x000000010008b000 'java/lang/invoke/LambdaForm$MH+0x000000010008b000'
Event: 61.804 Thread 0x0000023d854b31e0 Unloading class 0x000000010008ac00 'java/lang/invoke/LambdaForm$MH+0x000000010008ac00'
Event: 61.804 Thread 0x0000023d854b31e0 Unloading class 0x000000010008a800 'java/lang/invoke/LambdaForm$MH+0x000000010008a800'
Event: 61.804 Thread 0x0000023d854b31e0 Unloading class 0x000000010008a400 'java/lang/invoke/LambdaForm$MH+0x000000010008a400'
Event: 61.804 Thread 0x0000023d854b31e0 Unloading class 0x0000000100089c00 'java/lang/invoke/LambdaForm$MH+0x0000000100089c00'
Event: 61.804 Thread 0x0000023d854b31e0 Unloading class 0x0000000100089400 'java/lang/invoke/LambdaForm$MH+0x0000000100089400'
Event: 61.804 Thread 0x0000023d854b31e0 Unloading class 0x0000000100088c00 'java/lang/invoke/LambdaForm$MH+0x0000000100088c00'
Event: 61.804 Thread 0x0000023d854b31e0 Unloading class 0x0000000100088400 'java/lang/invoke/LambdaForm$MH+0x0000000100088400'

Classes redefined (0 events):
No events

Internal exceptions (20 events):
Event: 1.015 Thread 0x0000023dfa206e80 Exception <a 'java/lang/NoSuchMethodError'{0x00000000c282b670}: 'int java.lang.invoke.Invokers$Holder.linkToTargetMethod(java.lang.Object, java.lang.Object)'> (0x00000000c282b670) 
thrown [s\src\hotspot\share\interpreter\linkResolver.cpp, line 759]
Event: 1.023 Thread 0x0000023dfa206e80 Exception <a 'java/lang/NoSuchMethodError'{0x00000000c28fefc8}: 'java.lang.Object java.lang.invoke.DirectMethodHandle$Holder.invokeSpecial(java.lang.Object, java.lang.Object, java.lang.Object, java.lang.Object, java.lang.Object, java.lang.Object, java.lang.Object, java.lang.Object, java.lang.Object, java.lang.Object)'> (0x00000000c28fefc8) 
thrown [s\src\hotspot\share\interpreter\linkResolver.cpp, line 759]
Event: 1.023 Thread 0x0000023dfa206e80 Exception <a 'java/lang/NoSuchMethodError'{0x00000000c27037b8}: 'java.lang.Object java.lang.invoke.Invokers$Holder.invoke_MT(java.lang.Object, java.lang.Object, java.lang.Object, java.lang.Object, java.lang.Object, java.lang.Object, java.lang.Object, java.lang.Object, java.lang.Object, java.lang.Object)'> (0x00000000c27037b8) 
thrown [s\src\hotspot\share\interpreter\linkResolver.cpp, line 759]
Event: 1.025 Thread 0x0000023dfa206e80 Exception <a 'java/lang/NoSuchMethodError'{0x00000000c27497e8}: 'java.lang.Object java.lang.invoke.DirectMethodHandle$Holder.invokeSpecial(java.lang.Object, java.lang.Object, int, java.lang.Object, java.lang.Object)'> (0x00000000c27497e8) 
thrown [s\src\hotspot\share\interpreter\linkResolver.cpp, line 759]
Event: 1.026 Thread 0x0000023dfa206e80 Exception <a 'java/lang/NoSuchMethodError'{0x00000000c274d490}: 'java.lang.Object java.lang.invoke.DelegatingMethodHandle$Holder.delegate(java.lang.Object, int, java.lang.Object, java.lang.Object)'> (0x00000000c274d490) 
thrown [s\src\hotspot\share\interpreter\linkResolver.cpp, line 759]
Event: 1.026 Thread 0x0000023dfa206e80 Exception <a 'java/lang/NoSuchMethodError'{0x00000000c2771ae8}: 'int java.lang.invoke.Invokers$Holder.linkToTargetMethod(java.lang.Object, java.lang.Object, java.lang.Object)'> (0x00000000c2771ae8) 
thrown [s\src\hotspot\share\interpreter\linkResolver.cpp, line 759]
Event: 1.057 Thread 0x0000023dfa206e80 Exception <a 'java/lang/NoSuchMethodError'{0x00000000c25e3cf0}: 'void java.lang.invoke.DirectMethodHandle$Holder.invokeSpecial(java.lang.Object, java.lang.Object, java.lang.Object, java.lang.Object, java.lang.Object, java.lang.Object)'> (0x00000000c25e3cf0) 
thrown [s\src\hotspot\share\interpreter\linkResolver.cpp, line 759]
Event: 1.075 Thread 0x0000023dfa206e80 Exception <a 'java/lang/NoSuchMethodError'{0x00000000c238c930}: 'java.lang.Object java.lang.invoke.DirectMethodHandle$Holder.invokeStaticInit(java.lang.Object, int, int, int, int)'> (0x00000000c238c930) 
thrown [s\src\hotspot\share\interpreter\linkResolver.cpp, line 759]
Event: 1.103 Thread 0x0000023dfa206e80 Exception <a 'java/lang/NoSuchMethodError'{0x00000000c22c10a8}: 'java.lang.Object java.lang.invoke.DirectMethodHandle$Holder.invokeStaticInit(java.lang.Object, java.lang.Object, int, int, int, int)'> (0x00000000c22c10a8) 
thrown [s\src\hotspot\share\interpreter\linkResolver.cpp, line 759]
Event: 1.182 Thread 0x0000023dfa206e80 Exception <a 'java/lang/NoSuchMethodError'{0x00000000ce84ec98}: 'void java.lang.invoke.DirectMethodHandle$Holder.invokeSpecialIFC(java.lang.Object, java.lang.Object, java.lang.Object)'> (0x00000000ce84ec98) 
thrown [s\src\hotspot\share\interpreter\linkResolver.cpp, line 759]
Event: 1.376 Thread 0x0000023dfa206e80 Exception <a 'java/lang/NoSuchMethodError'{0x00000000ce667680}: 'java.lang.Object java.lang.invoke.DirectMethodHandle$Holder.invokeInterface(java.lang.Object, java.lang.Object, int)'> (0x00000000ce667680) 
thrown [s\src\hotspot\share\interpreter\linkResolver.cpp, line 759]
Event: 1.377 Thread 0x0000023dfa206e80 Exception <a 'java/lang/IncompatibleClassChangeError'{0x00000000ce67a958}: Found class java.lang.Object, but interface was expected> (0x00000000ce67a958) 
thrown [s\src\hotspot\share\interpreter\linkResolver.cpp, line 826]
Event: 1.430 Thread 0x0000023dfa206e80 Exception <a 'java/lang/NoSuchMethodError'{0x00000000c277f718}: 'java.lang.Object java.lang.invoke.DirectMethodHandle$Holder.newInvokeSpecial(java.lang.Object, java.lang.Object, int, java.lang.Object, java.lang.Object)'> (0x00000000c277f718) 
thrown [s\src\hotspot\share\interpreter\linkResolver.cpp, line 759]
Event: 1.430 Thread 0x0000023dfa206e80 Exception <a 'java/lang/NoSuchMethodError'{0x00000000c2791a08}: 'java.lang.Object java.lang.invoke.DirectMethodHandle$Holder.invokeSpecial(java.lang.Object, java.lang.Object, int, java.lang.Object, int, java.lang.Object)'> (0x00000000c2791a08) 
thrown [s\src\hotspot\share\interpreter\linkResolver.cpp, line 759]
Event: 1.431 Thread 0x0000023dfa206e80 Exception <a 'java/lang/NoSuchMethodError'{0x00000000c2799810}: 'java.lang.Object java.lang.invoke.DirectMethodHandle$Holder.newInvokeSpecial(java.lang.Object, java.lang.Object, int, java.lang.Object, int)'> (0x00000000c2799810) 
thrown [s\src\hotspot\share\interpreter\linkResolver.cpp, line 759]
Event: 1.431 Thread 0x0000023dfa206e80 Exception <a 'java/lang/NoSuchMethodError'{0x00000000c279d910}: 'java.lang.Object java.lang.invoke.DirectMethodHandle$Holder.invokeSpecial(java.lang.Object, java.lang.Object, java.lang.Object, int, java.lang.Object, int)'> (0x00000000c279d910) 
thrown [s\src\hotspot\share\interpreter\linkResolver.cpp, line 759]
Event: 1.546 Thread 0x0000023d876cac70 Exception <a 'java/lang/NoSuchMethodError'{0x00000000cfd984e8}: 'java.lang.Object java.lang.invoke.DirectMethodHandle$Holder.invokeStatic(java.lang.Object, int, java.lang.Object)'> (0x00000000cfd984e8) 
thrown [s\src\hotspot\share\interpreter\linkResolver.cpp, line 759]
Event: 1.547 Thread 0x0000023d8768f6f0 Exception <a 'java/lang/NoSuchMethodError'{0x00000000cfd5a230}: 'java.lang.Object java.lang.invoke.DirectMethodHandle$Holder.invokeStatic(java.lang.Object, java.lang.Object, java.lang.Object, int, java.lang.Object, java.lang.Object)'> (0x00000000cfd5a230) 
thrown [s\src\hotspot\share\interpreter\linkResolver.cpp, line 759]
Event: 41.459 Thread 0x0000023d87632c00 Exception <a 'java/lang/NoSuchMethodError'{0x00000000ce5de8f0}: 'void java.lang.invoke.DirectMethodHandle$Holder.invokeStatic(java.lang.Object, long)'> (0x00000000ce5de8f0) 
thrown [s\src\hotspot\share\interpreter\linkResolver.cpp, line 759]
Event: 41.459 Thread 0x0000023d87632c00 Exception <a 'java/lang/NoSuchMethodError'{0x00000000ce5e3c98}: 'java.lang.Object java.lang.invoke.DirectMethodHandle$Holder.newInvokeSpecial(java.lang.Object, long)'> (0x00000000ce5e3c98) 
thrown [s\src\hotspot\share\interpreter\linkResolver.cpp, line 759]

VM Operations (20 events):
Event: 371906.269 Executing VM operation: G1CollectFull done
Event: 371916.382 Executing VM operation: G1CollectFull
Event: 371916.393 Executing VM operation: G1CollectFull done
Event: 371926.491 Executing VM operation: G1CollectFull
Event: 371926.502 Executing VM operation: G1CollectFull done
Event: 371936.609 Executing VM operation: G1CollectFull
Event: 371936.618 Executing VM operation: G1CollectFull done
Event: 371946.719 Executing VM operation: G1CollectFull
Event: 371946.730 Executing VM operation: G1CollectFull done
Event: 371956.854 Executing VM operation: G1CollectFull
Event: 371956.866 Executing VM operation: G1CollectFull done
Event: 371966.972 Executing VM operation: G1CollectFull
Event: 371966.982 Executing VM operation: G1CollectFull done
Event: 371977.080 Executing VM operation: G1CollectFull
Event: 371977.093 Executing VM operation: G1CollectFull done
Event: 371987.203 Executing VM operation: G1CollectFull
Event: 371987.213 Executing VM operation: G1CollectFull done
Event: 371997.499 Executing VM operation: G1CollectFull
Event: 371997.514 Executing VM operation: G1CollectFull done
Event: 372007.588 Executing VM operation: G1CollectFull

Events (20 events):
Event: 2.446 Thread 0x0000023d86e7d390 Thread exited: 0x0000023d86e7d390
Event: 7.453 Thread 0x0000023d8628b140 Thread exited: 0x0000023d8628b140
Event: 41.453 loading class java/lang/ProcessBuilder
Event: 41.453 loading class java/lang/ProcessBuilder done
Event: 41.454 loading class java/lang/ProcessImpl
Event: 41.454 loading class java/lang/Process
Event: 41.454 loading class java/lang/Process done
Event: 41.454 loading class java/lang/ProcessImpl done
Event: 41.459 loading class java/lang/ProcessImpl$2
Event: 41.460 loading class java/lang/ProcessImpl$2 done
Event: 41.460 loading class java/lang/Process$PipeInputStream
Event: 41.460 loading class java/lang/Process$PipeInputStream done
Event: 41.460 loading class jdk/internal/event/ProcessStartEvent
Event: 41.460 loading class jdk/internal/event/ProcessStartEvent done
Event: 41.552 loading class java/io/FileOutputStream$1
Event: 41.552 loading class java/io/FileOutputStream$1 done
Event: 61.567 Thread 0x0000023d876f9e50 Thread exited: 0x0000023d876f9e50
Event: 62.456 Thread 0x0000023d876f9980 Thread exited: 0x0000023d876f9980
Event: 62.456 Thread 0x0000023d876f94b0 Thread exited: 0x0000023d876f94b0
Event: 121.568 Thread 0x0000023d876facc0 Thread exited: 0x0000023d876facc0


Dynamic libraries:
0x00007ff7323f0000 - 0x00007ff7323fe000 	c:\Users\Administrator\.vscode\extensions\redhat.java-1.16.0-win32-x64\jre\17.0.6-win32-x86_64\bin\java.exe
0x00007ffb8e0f0000 - 0x00007ffb8e2e8000 	C:\Windows\SYSTEM32\ntdll.dll
0x00007ffb8dba0000 - 0x00007ffb8dc5f000 	C:\Windows\System32\KERNEL32.DLL
0x00007ffb8b900000 - 0x00007ffb8bbd2000 	C:\Windows\System32\KERNELBASE.dll
0x00007ffb8bbe0000 - 0x00007ffb8bce0000 	C:\Windows\System32\ucrtbase.dll
0x00007ffb87640000 - 0x00007ffb87657000 	c:\Users\Administrator\.vscode\extensions\redhat.java-1.16.0-win32-x64\jre\17.0.6-win32-x86_64\bin\jli.dll
0x00007ffb87660000 - 0x00007ffb87679000 	c:\Users\Administrator\.vscode\extensions\redhat.java-1.16.0-win32-x64\jre\17.0.6-win32-x86_64\bin\VCRUNTIME140.dll
0x00007ffb8c250000 - 0x00007ffb8c3f1000 	C:\Windows\System32\USER32.dll
0x00007ffb7e8b0000 - 0x00007ffb7eb4a000 	C:\Windows\WinSxS\amd64_microsoft.windows.common-controls_6595b64144ccf1df_6.0.19041.1110_none_60b5254171f9507e\COMCTL32.dll
0x00007ffb8c0e0000 - 0x00007ffb8c102000 	C:\Windows\System32\win32u.dll
0x00007ffb8d550000 - 0x00007ffb8d57b000 	C:\Windows\System32\GDI32.dll
0x00007ffb8d660000 - 0x00007ffb8d6fe000 	C:\Windows\System32\msvcrt.dll
0x00007ffb8bfd0000 - 0x00007ffb8c0df000 	C:\Windows\System32\gdi32full.dll
0x00007ffb8b7f0000 - 0x00007ffb8b88d000 	C:\Windows\System32\msvcp_win.dll
0x00007ffb8d3a0000 - 0x00007ffb8d3d0000 	C:\Windows\System32\IMM32.DLL
0x00007ffb87630000 - 0x00007ffb8763c000 	c:\Users\Administrator\.vscode\extensions\redhat.java-1.16.0-win32-x64\jre\17.0.6-win32-x86_64\bin\vcruntime140_1.dll
0x00007ffb6a170000 - 0x00007ffb6a201000 	c:\Users\Administrator\.vscode\extensions\redhat.java-1.16.0-win32-x64\jre\17.0.6-win32-x86_64\bin\msvcp140.dll
0x00007ffb2d320000 - 0x00007ffb2df67000 	c:\Users\Administrator\.vscode\extensions\redhat.java-1.16.0-win32-x64\jre\17.0.6-win32-x86_64\bin\server\jvm.dll
0x00007ffb8c680000 - 0x00007ffb8c72e000 	C:\Windows\System32\ADVAPI32.dll
0x00007ffb8deb0000 - 0x00007ffb8df4c000 	C:\Windows\System32\sechost.dll
0x00007ffb8dc60000 - 0x00007ffb8dd84000 	C:\Windows\System32\RPCRT4.dll
0x00007ffb82330000 - 0x00007ffb82357000 	C:\Windows\SYSTEM32\WINMM.dll
0x00007ffb72820000 - 0x00007ffb72829000 	C:\Windows\SYSTEM32\WSOCK32.dll
0x00007ffb84b30000 - 0x00007ffb84b3a000 	C:\Windows\SYSTEM32\VERSION.dll
0x00007ffb8c610000 - 0x00007ffb8c67b000 	C:\Windows\System32\WS2_32.dll
0x00007ffb89690000 - 0x00007ffb896a2000 	C:\Windows\SYSTEM32\kernel.appcore.dll
0x00007ffb87620000 - 0x00007ffb8762a000 	c:\Users\Administrator\.vscode\extensions\redhat.java-1.16.0-win32-x64\jre\17.0.6-win32-x86_64\bin\jimage.dll
0x00007ffb82b90000 - 0x00007ffb82d74000 	C:\Windows\SYSTEM32\DBGHELP.DLL
0x00007ffb72830000 - 0x00007ffb72865000 	C:\Windows\SYSTEM32\dbgcore.DLL
0x00007ffb8bde0000 - 0x00007ffb8be62000 	C:\Windows\System32\bcryptPrimitives.dll
0x00007ffb763d0000 - 0x00007ffb763f5000 	c:\Users\Administrator\.vscode\extensions\redhat.java-1.16.0-win32-x64\jre\17.0.6-win32-x86_64\bin\java.dll
0x00007ffb75c50000 - 0x00007ffb75c68000 	c:\Users\Administrator\.vscode\extensions\redhat.java-1.16.0-win32-x64\jre\17.0.6-win32-x86_64\bin\zip.dll
0x00007ffb8cc40000 - 0x00007ffb8d385000 	C:\Windows\System32\SHELL32.dll
0x00007ffb89890000 - 0x00007ffb8a022000 	C:\Windows\SYSTEM32\windows.storage.dll
0x00007ffb8c730000 - 0x00007ffb8ca85000 	C:\Windows\System32\combase.dll
0x00007ffb8b170000 - 0x00007ffb8b1a0000 	C:\Windows\SYSTEM32\Wldp.dll
0x00007ffb8c1a0000 - 0x00007ffb8c24d000 	C:\Windows\System32\SHCORE.dll
0x00007ffb8dd90000 - 0x00007ffb8dde5000 	C:\Windows\System32\shlwapi.dll
0x00007ffb8b730000 - 0x00007ffb8b74f000 	C:\Windows\SYSTEM32\profapi.dll
0x00007ffb75c30000 - 0x00007ffb75c49000 	C:\Users\Administrator\.vscode\extensions\redhat.java-1.16.0-win32-x64\jre\17.0.6-win32-x86_64\bin\net.dll
0x00007ffb84e50000 - 0x00007ffb84f5a000 	C:\Windows\SYSTEM32\WINHTTP.dll
0x00007ffb8af50000 - 0x00007ffb8afba000 	C:\Windows\system32\mswsock.dll
0x00007ffb75250000 - 0x00007ffb75265000 	C:\Users\Administrator\.vscode\extensions\redhat.java-1.16.0-win32-x64\jre\17.0.6-win32-x86_64\bin\nio.dll
0x00007ffb8b1b0000 - 0x00007ffb8b1c8000 	C:\Windows\SYSTEM32\CRYPTSP.dll
0x00007ffb8a820000 - 0x00007ffb8a854000 	C:\Windows\system32\rsaenh.dll
0x00007ffb8c110000 - 0x00007ffb8c137000 	C:\Windows\System32\bcrypt.dll
0x00007ffb8b6f0000 - 0x00007ffb8b71e000 	C:\Windows\SYSTEM32\USERENV.dll
0x00007ffb8b0e0000 - 0x00007ffb8b0ec000 	C:\Windows\SYSTEM32\CRYPTBASE.dll
0x00007ffb8ac10000 - 0x00007ffb8ac4b000 	C:\Windows\SYSTEM32\IPHLPAPI.DLL
0x00007ffb8ddf0000 - 0x00007ffb8ddf8000 	C:\Windows\System32\NSI.dll
0x00007ffb853e0000 - 0x00007ffb853f7000 	C:\Windows\SYSTEM32\dhcpcsvc6.DLL
0x00007ffb85ed0000 - 0x00007ffb85eed000 	C:\Windows\SYSTEM32\dhcpcsvc.DLL
0x00007ffb8ac50000 - 0x00007ffb8ad1b000 	C:\Windows\SYSTEM32\DNSAPI.dll
0x00007ffb75ab0000 - 0x00007ffb75ab9000 	C:\Users\Administrator\.vscode\extensions\redhat.java-1.16.0-win32-x64\jre\17.0.6-win32-x86_64\bin\management.dll
0x00007ffb750d0000 - 0x00007ffb750db000 	C:\Users\Administrator\.vscode\extensions\redhat.java-1.16.0-win32-x64\jre\17.0.6-win32-x86_64\bin\management_ext.dll
0x00007ffb8d720000 - 0x00007ffb8d728000 	C:\Windows\System32\PSAPI.DLL

dbghelp: loaded successfully - version: 4.0.5 - missing functions: none
symbol engine: initialized successfully - sym options: 0x614 - pdb path: .;c:\Users\Administrator\.vscode\extensions\redhat.java-1.16.0-win32-x64\jre\17.0.6-win32-x86_64\bin;C:\Windows\SYSTEM32;C:\Windows\WinSxS\amd64_microsoft.windows.common-controls_6595b64144ccf1df_6.0.19041.1110_none_60b5254171f9507e;c:\Users\Administrator\.vscode\extensions\redhat.java-1.16.0-win32-x64\jre\17.0.6-win32-x86_64\bin\server

VM Arguments:
jvm_args: -XX:+HeapDumpOnOutOfMemoryError -Xmx1024m -Dsts.lsp.client=vscode -Dsts.log.file=/dev/null -XX:TieredStopAtLevel=1 -Xlog:jni+resolve=off -Dspring.config.location=file:c:\Users\Administrator\.vscode\extensions\vmware.vscode-spring-boot-1.45.0\language-server\BOOT-INF\classes\application.properties 
java_command: org.springframework.ide.vscode.boot.app.BootLanguageServerBootApp
java_class_path (initial): c:\Users\Administrator\.vscode\extensions\vmware.vscode-spring-boot-1.45.0\language-server\BOOT-INF\classes;c:\Users\Administrator\.vscode\extensions\vmware.vscode-spring-boot-1.45.0\language-server\BOOT-INF\lib\annotations-24.0.1.jar;c:\Users\Administrator\.vscode\extensions\vmware.vscode-spring-boot-1.45.0\language-server\BOOT-INF\lib\ant-1.10.13.jar;c:\Users\Administrator\.vscode\extensions\vmware.vscode-spring-boot-1.45.0\language-server\BOOT-INF\lib\ant-launcher-1.10.13.jar;c:\Users\Administrator\.vscode\extensions\vmware.vscode-spring-boot-1.45.0\language-server\BOOT-INF\lib\antlr-runtime-3.5.3.jar;c:\Users\Administrator\.vscode\extensions\vmware.vscode-spring-boot-1.45.0\language-server\BOOT-INF\lib\antlr4-4.11.1.jar;c:\Users\Administrator\.vscode\extensions\vmware.vscode-spring-boot-1.45.0\language-server\BOOT-INF\lib\antlr4-runtime-4.11.1.jar;c:\Users\Administrator\.vscode\extensions\vmware.vscode-spring-boot-1.45.0\language-server\BOOT-INF\lib\asm-9.4.jar;c:\Users\Administrator\.vscode\extensions\vmware.vscode-spring-boot-1.45.0\language-server\BOOT-INF\lib\asm-analysis-9.4.jar;c:\Users\Administrator\.vscode\extensions\vmware.vscode-spring-boot-1.45.0\language-server\BOOT-INF\lib\asm-tree-9.4.jar;c:\Users\Administrator\.vscode\extensions\vmware.vscode-spring-boot-1.45.0\language-server\BOOT-INF\lib\asm-util-9.4.jar;c:\Users\Administrator\.vscode\extensions\vmware.vscode-spring-boot-1.45.0\language-server\BOOT-INF\lib\caffeine-3.1.2.jar;c:\Users\Administrator\.vscode\extensions\vmware.vscode-spring-boot-1.45.0\language-server\BOOT-INF\lib\checker-qual-3.12.0.jar;c:\Users\Administrator\.vscode\extensions\vmware.vscode-spring-boot-1.45.0\language-server\BOOT-INF\lib\classgraph-4.8.149.jar;c:\Users\Administrator\.vscode\extensions\vmware.vscode-spring-boot-1.45.0\language-server\BOOT-INF\lib\commons-codec-1.15.jar;c:\Users\Administrator\.vscode\extensions\vmware.vscode-spring-boot-1.45.0\language-server\BOOT-INF\lib\commons-compres
Launcher Type: SUN_STANDARD

[Global flags]
     intx CICompilerCount                          = 4                                         {product} {ergonomic}
     uint ConcGCThreads                            = 3                                         {product} {ergonomic}
     uint G1ConcRefinementThreads                  = 10                                        {product} {ergonomic}
   size_t G1HeapRegionSize                         = 1048576                                   {product} {ergonomic}
    uintx GCDrainStackTargetSize                   = 64                                        {product} {ergonomic}
     bool HeapDumpOnOutOfMemoryError               = true                                   {manageable} {command line}
   size_t InitialHeapSize                          = 266338304                                 {product} {ergonomic}
   size_t MarkStackSize                            = 4194304                                   {product} {ergonomic}
   size_t MaxHeapSize                              = 1073741824                                {product} {command line}
   size_t MaxNewSize                               = 643825664                                 {product} {ergonomic}
   size_t MinHeapDeltaBytes                        = 1048576                                   {product} {ergonomic}
   size_t MinHeapSize                              = 8388608                                   {product} {ergonomic}
    uintx NonProfiledCodeHeapSize                  = 0                                      {pd product} {ergonomic}
     bool ProfileInterpreter                       = false                                  {pd product} {command line}
    uintx ProfiledCodeHeapSize                     = 0                                      {pd product} {ergonomic}
   size_t SoftMaxHeapSize                          = 1073741824                             {manageable} {ergonomic}
     intx TieredStopAtLevel                        = 1                                         {product} {command line}
     bool UseCompressedClassPointers               = true                           {product lp64_product} {ergonomic}
     bool UseCompressedOops                        = true                           {product lp64_product} {ergonomic}
     bool UseG1GC                                  = true                                      {product} {ergonomic}
     bool UseLargePagesIndividualAllocation        = false                                  {pd product} {ergonomic}

Logging:
Log output configuration:
 #0: stdout all=warning,jni+resolve=off uptime,level,tags
 #1: stderr all=off uptime,level,tags

Environment Variables:
JAVA_HOME=D:\Java\jdk-17
PATH=C:\Program Files (x86)\Common Files\Oracle\Java\javapath;C:\Program Files\Common Files\Oracle\Java\javapath;E:\VMware\VMware Workstation\bin\;C:\Windows\system32;C:\Windows;C:\Windows\System32\Wbem;C:\Windows\System32\WindowsPowerShell\v1.0\;C:\Windows\System32\OpenSSH\;C:\Program Files (x86)\NVIDIA Corporation\PhysX\Common;C:\Program Files\NVIDIA Corporation\NVIDIA NvDLISR;D:\Java\jdk-17\bin;D:\MySQL\MySQL Server 8.0\bin\;D:\Git\cmd;D:\apache-maven-3.8.6-bin\apache-maven-3.8.6\bin;C:\Program Files\Docker\Docker\resources\bin;D:\AndroidTool\flutter_windows_3.7.6-stable\flutter\bin;D:\AndroidTool\flutter_windows_3.7.6-stable\flutter\bin\cache\dart-sdk;D:\web\dll;D:\nvm;D:\nodejs;D:\Java\jdk-17\jre1.8;C:\Users\Administrator\AppData\Local\Programs\Python\Python38\Scripts\;C:\Users\Administrator\AppData\Local\Programs\Python\Python38\;C:\Users\Administrator\AppData\Local\Microsoft\WindowsApps;C:\Users\Administrator\AppData\Roaming\npm;D:\Microsoft VS Code\bin;D:\nvm;D:\nodejs
USERNAME=Administrator
OS=Windows_NT
PROCESSOR_IDENTIFIER=Intel64 Family 6 Model 151 Stepping 2, GenuineIntel
TMP=C:\Users\ADMINI~1\AppData\Local\Temp
TEMP=C:\Users\ADMINI~1\AppData\Local\Temp



---------------  S Y S T E M  ---------------

OS:
 Windows 10 , 64 bit Build 19041 (10.0.19041.2546)
OS uptime: 16 days 0:40 hours
Hyper-V role detected

CPU: total 12 (initial active 12) (6 cores per cpu, 2 threads per core) family 6 model 151 stepping 2 microcode 0x28, cx8, cmov, fxsr, ht, mmx, 3dnowpref, sse, sse2, sse3, ssse3, sse4.1, sse4.2, popcnt, lzcnt, tsc, tscinvbit, avx, avx2, aes, erms, clmul, bmi1, bmi2, adx, sha, fma, vzeroupper, clflush, clflushopt, clwb, hv

Memory: 4k page, system-wide physical 16239M (97M free)
TotalPageFile size 65391M (AvailPageFile size 3M)
current process WorkingSet (physical memory assigned to process): 40M, peak: 135M
current process commit charge ("private bytes"): 178M, peak: 368M

vm_info: OpenJDK 64-Bit Server VM (17.0.6+10) for windows-amd64 JRE (17.0.6+10), built on Jan 18 2023 10:08:59 by "temurin" with MS VC++ 16.7 (VS2019)

END.
