#
# There is insufficient memory for the Java Runtime Environment to continue.
# Native memory allocation (malloc) failed to allocate 1048576 bytes for AllocateHeap
# Possible reasons:
#   The system is out of physical RAM or swap space
#   The process is running with CompressedOops enabled, and the Java Heap may be blocking the growth of the native heap
# Possible solutions:
#   Reduce memory load on the system
#   Increase physical memory or swap space
#   Check if swap backing store is full
#   Decrease Java heap size (-Xmx/-Xms)
#   Decrease number of Java threads
#   Decrease Java thread stack sizes (-Xss)
#   Set larger code cache with -XX:ReservedCodeCacheSize=
#   JVM is running with Unscaled Compressed Oops mode in which the Java heap is
#     placed in the first 4GB address space. The Java Heap base address is the
#     maximum limit for the native heap growth. Please use -XX:HeapBaseMinAddress
#     to set the Java Heap base and to place the Java Heap above 4GB virtual address.
# This output file may be truncated or incomplete.
#
#  Out of Memory Error (allocation.cpp:44), pid=36376, tid=15036
#
# JRE version: OpenJDK Runtime Environment Temurin-17.0.6+10 (17.0.6+10) (build 17.0.6+10)
# Java VM: OpenJDK 64-Bit Server VM Temurin-17.0.6+10 (17.0.6+10, mixed mode, emulated-client, tiered, compressed oops, compressed class ptrs, g1 gc, windows-amd64)
# No core dump will be written. Minidumps are not enabled by default on client versions of Windows
#

---------------  S U M M A R Y ------------

Command Line: -XX:+HeapDumpOnOutOfMemoryError -Xmx1024m -Dsts.lsp.client=vscode -Dsts.log.file=/dev/null -XX:TieredStopAtLevel=1 -Xlog:jni+resolve=off -Dspring.config.location=file:c:\Users\Administrator\.vscode\extensions\vmware.vscode-spring-boot-1.45.0\language-server\BOOT-INF\classes\application.properties org.springframework.ide.vscode.boot.app.BootLanguageServerBootApp

Host: 12th Gen Intel(R) Core(TM) i5-12490F, 12 cores, 15G,  Windows 10 , 64 bit Build 19041 (10.0.19041.2546)
Time: Sun Jul 23 14:44:18 2023  Windows 10 , 64 bit Build 19041 (10.0.19041.2546) elapsed time: 10161.993093 seconds (0d 2h 49m 21s)

---------------  T H R E A D  ---------------

Current thread (0x00000264f8035530):  VMThread "VM Thread" [stack: 0x000000a879a00000,0x000000a879b00000] [id=15036]

Stack: [0x000000a879a00000,0x000000a879b00000]
Native frames: (J=compiled Java code, j=interpreted, Vv=VM code, C=native code)
V  [jvm.dll+0x67741a]
V  [jvm.dll+0x834434]
V  [jvm.dll+0x835bde]
V  [jvm.dll+0x836243]
V  [jvm.dll+0x2457b5]
V  [jvm.dll+0xa626f]
V  [jvm.dll+0x2f5ad3]
V  [jvm.dll+0x2f17e0]
V  [jvm.dll+0x2d9ee7]
V  [jvm.dll+0x31ce67]
V  [jvm.dll+0x83a6eb]
V  [jvm.dll+0x83b424]
V  [jvm.dll+0x83b93c]
V  [jvm.dll+0x83bd14]
V  [jvm.dll+0x83bde0]
V  [jvm.dll+0x7e483a]
V  [jvm.dll+0x6762c5]
C  [ucrtbase.dll+0x21bb2]
C  [KERNEL32.DLL+0x17614]
C  [ntdll.dll+0x526a1]

VM_Operation (0x000000a87b6feed0): G1CollectFull, mode: safepoint, requested by thread 0x00000264f9715630


---------------  P R O C E S S  ---------------

Threads class SMR info:
_java_thread_list=0x00000264f9790900, length=18, elements={
0x00000264f804afb0, 0x00000264f804c030, 0x00000264f807f410, 0x00000264f76bb740,
0x00000264f76bd820, 0x00000264f76be0e0, 0x00000264f76be9a0, 0x00000264f809b070,
0x00000264f82ad760, 0x00000264f82a7900, 0x00000264f96ed9a0, 0x00000264f970ae90,
0x00000264f9715630, 0x00000264f974f820, 0x00000264ea458190, 0x00000264f933d060,
0x00000264f97b6130, 0x00000264f97e2520
}

Java Threads: ( => current thread )
  0x00000264f804afb0 JavaThread "Reference Handler" daemon [_thread_blocked, id=17192, stack(0x000000a879b00000,0x000000a879c00000)]
  0x00000264f804c030 JavaThread "Finalizer" daemon [_thread_blocked, id=35428, stack(0x000000a879c00000,0x000000a879d00000)]
  0x00000264f807f410 JavaThread "Signal Dispatcher" daemon [_thread_blocked, id=15768, stack(0x000000a879d00000,0x000000a879e00000)]
  0x00000264f76bb740 JavaThread "Attach Listener" daemon [_thread_blocked, id=38272, stack(0x000000a879e00000,0x000000a879f00000)]
  0x00000264f76bd820 JavaThread "Service Thread" daemon [_thread_blocked, id=25780, stack(0x000000a879f00000,0x000000a87a000000)]
  0x00000264f76be0e0 JavaThread "Monitor Deflation Thread" daemon [_thread_blocked, id=27340, stack(0x000000a87a000000,0x000000a87a100000)]
  0x00000264f76be9a0 JavaThread "C1 CompilerThread0" daemon [_thread_blocked, id=25320, stack(0x000000a87a100000,0x000000a87a200000)]
  0x00000264f809b070 JavaThread "Sweeper thread" daemon [_thread_blocked, id=28272, stack(0x000000a87a200000,0x000000a87a300000)]
  0x00000264f82ad760 JavaThread "Notification Thread" daemon [_thread_blocked, id=37696, stack(0x000000a87a400000,0x000000a87a500000)]
  0x00000264f82a7900 JavaThread "Common-Cleaner" daemon [_thread_blocked, id=38548, stack(0x000000a87a600000,0x000000a87a700000)]
  0x00000264f96ed9a0 JavaThread "boundedElastic-evictor-1" daemon [_thread_blocked, id=12312, stack(0x000000a87af00000,0x000000a87b000000)]
  0x00000264f970ae90 JavaThread "boundedElastic-evictor-2" daemon [_thread_blocked, id=31028, stack(0x000000a87b500000,0x000000a87b600000)]
  0x00000264f9715630 JavaThread "pool-10-thread-1" [_thread_blocked, id=23704, stack(0x000000a87b600000,0x000000a87b700000)]
  0x00000264f974f820 JavaThread "LanguageServerApp-lifecycle" [_thread_blocked, id=29520, stack(0x000000a87b700000,0x000000a87b800000)]
  0x00000264ea458190 JavaThread "DestroyJavaVM" [_thread_blocked, id=18420, stack(0x000000a879400000,0x000000a879500000)]
  0x00000264f933d060 JavaThread "pool-11-thread-1" [_thread_in_native, id=35380, stack(0x000000a87b800000,0x000000a87b900000)]
  0x00000264f97b6130 JavaThread "Simple-Language-Server main thread" daemon [_thread_blocked, id=4320, stack(0x000000a87b900000,0x000000a87ba00000)]
  0x00000264f97e2520 JavaThread "pool-6-thread-1" [_thread_blocked, id=33104, stack(0x000000a87ba00000,0x000000a87bb00000)]

Other Threads:
=>0x00000264f8035530 VMThread "VM Thread" [stack: 0x000000a879a00000,0x000000a879b00000] [id=15036]
  0x00000264ea4af760 WatcherThread [stack: 0x000000a87a500000,0x000000a87a600000] [id=29392]
  0x00000264ea499330 GCTaskThread "GC Thread#0" [stack: 0x000000a879500000,0x000000a879600000] [id=552]
  0x00000264f8d1b300 GCTaskThread "GC Thread#1" [stack: 0x000000a87a700000,0x000000a87a800000] [id=25620]
  0x00000264f8d1bdc0 GCTaskThread "GC Thread#2" [stack: 0x000000a87a800000,0x000000a87a900000] [id=15872]
  0x00000264f8d1c280 GCTaskThread "GC Thread#3" [stack: 0x000000a87a900000,0x000000a87aa00000] [id=23392]
  0x00000264f8d1c530 GCTaskThread "GC Thread#4" [stack: 0x000000a87aa00000,0x000000a87ab00000] [id=36156]
  0x00000264f8d1cbf0 GCTaskThread "GC Thread#5" [stack: 0x000000a87ab00000,0x000000a87ac00000] [id=28752]
  0x00000264f8f851b0 GCTaskThread "GC Thread#6" [stack: 0x000000a87ac00000,0x000000a87ad00000] [id=17612]
  0x00000264f8f86470 GCTaskThread "GC Thread#7" [stack: 0x000000a87ad00000,0x000000a87ae00000] [id=26092]
  0x00000264f8f87140 GCTaskThread "GC Thread#8" [stack: 0x000000a87ae00000,0x000000a87af00000] [id=26524]
  0x00000264f91825e0 GCTaskThread "GC Thread#9" [stack: 0x000000a87b200000,0x000000a87b300000] [id=29080]
  0x00000264ea4a3990 ConcurrentGCThread "G1 Main Marker" [stack: 0x000000a879600000,0x000000a879700000] [id=28928]
  0x00000264ea4a42a0 ConcurrentGCThread "G1 Conc#0" [stack: 0x000000a879700000,0x000000a879800000] [id=28364]
  0x00000264f9182890 ConcurrentGCThread "G1 Conc#1" [stack: 0x000000a87b300000,0x000000a87b400000] [id=35968]
  0x00000264f9182b40 ConcurrentGCThread "G1 Conc#2" [stack: 0x000000a87b400000,0x000000a87b500000] [id=27764]
  0x00000264ea51e8e0 ConcurrentGCThread "G1 Refine#0" [stack: 0x000000a879800000,0x000000a879900000] [id=35036]
  0x00000264f7560840 ConcurrentGCThread "G1 Service" [stack: 0x000000a879900000,0x000000a879a00000] [id=30644]

Threads with active compile tasks:

VM state: at safepoint (normal execution)

VM Mutex/Monitor currently owned by a thread:  ([mutex/lock_event])
[0x00000264ea2e1e20] Threads_lock - owner thread: 0x00000264f8035530
[0x00000264ea456200] Heap_lock - owner thread: 0x00000264f9715630

Heap address: 0x00000000c0000000, size: 1024 MB, Compressed Oops mode: 32-bit

CDS archive(s) not mapped
Compressed class space mapped at: 0x0000000100000000-0x0000000140000000, reserved size: 1073741824
Narrow klass base: 0x0000000000000000, Narrow klass shift: 3, Narrow klass range: 0x140000000

GC Precious Log:
 CPUs: 12 total, 12 available
 Memory: 16239M
 Large Page Support: Disabled
 NUMA Support: Disabled
 Compressed Oops: Enabled (32-bit)
 Heap Region Size: 1M
 Heap Min Capacity: 8M
 Heap Initial Capacity: 254M
 Heap Max Capacity: 1G
 Pre-touch: Disabled
 Parallel Workers: 10
 Concurrent Workers: 3
 Concurrent Refinement Workers: 10
 Periodic GC: Disabled

Heap:
 garbage-first heap   total 48128K, used 14414K [0x00000000c0000000, 0x0000000100000000)
  region size 1024K, 1 young (1024K), 0 survivors (0K)
 Metaspace       used 34464K, committed 35008K, reserved 1081344K
  class space    used 4469K, committed 4672K, reserved 1048576K

Heap Regions: E=young(eden), S=young(survivor), O=old, HS=humongous(starts), HC=humongous(continues), CS=collection set, F=free, OA=open archive, CA=closed archive, TAMS=top-at-mark-start (previous, next)
|   0|0x00000000c0000000, 0x00000000c0100000, 0x00000000c0100000|100%| O|  |TAMS 0x00000000c0100000, 0x00000000c0000000| Untracked 
|   1|0x00000000c0100000, 0x00000000c01ffff8, 0x00000000c0200000| 99%| O|  |TAMS 0x00000000c01ffff8, 0x00000000c0100000| Untracked 
|   2|0x00000000c0200000, 0x00000000c0300000, 0x00000000c0300000|100%| O|  |TAMS 0x00000000c0300000, 0x00000000c0200000| Untracked 
|   3|0x00000000c0300000, 0x00000000c0400000, 0x00000000c0400000|100%| O|  |TAMS 0x00000000c0400000, 0x00000000c0300000| Untracked 
|   4|0x00000000c0400000, 0x00000000c0500000, 0x00000000c0500000|100%| O|  |TAMS 0x00000000c0500000, 0x00000000c0400000| Untracked 
|   5|0x00000000c0500000, 0x00000000c05fffc8, 0x00000000c0600000| 99%| O|  |TAMS 0x00000000c05fffc8, 0x00000000c0500000| Untracked 
|   6|0x00000000c0600000, 0x00000000c06ffff8, 0x00000000c0700000| 99%| O|  |TAMS 0x00000000c06ffff8, 0x00000000c0600000| Untracked 
|   7|0x00000000c0700000, 0x00000000c07fffe8, 0x00000000c0800000| 99%| O|  |TAMS 0x00000000c07fffe8, 0x00000000c0700000| Untracked 
|   8|0x00000000c0800000, 0x00000000c08ff3a0, 0x00000000c0900000| 99%| O|  |TAMS 0x00000000c08ff3a0, 0x00000000c0800000| Untracked 
|   9|0x00000000c0900000, 0x00000000c09ffff0, 0x00000000c0a00000| 99%| O|  |TAMS 0x00000000c09ffff0, 0x00000000c0900000| Untracked 
|  10|0x00000000c0a00000, 0x00000000c0b00000, 0x00000000c0b00000|100%| O|  |TAMS 0x00000000c0b00000, 0x00000000c0a00000| Untracked 
|  11|0x00000000c0b00000, 0x00000000c0bffff0, 0x00000000c0c00000| 99%| O|  |TAMS 0x00000000c0bffff0, 0x00000000c0b00000| Untracked 
|  12|0x00000000c0c00000, 0x00000000c0ce4db8, 0x00000000c0d00000| 89%| O|  |TAMS 0x00000000c0c00000, 0x00000000c0c00000| Untracked 
|  13|0x00000000c0d00000, 0x00000000c0dffd78, 0x00000000c0e00000| 99%| O|  |TAMS 0x00000000c0dffd78, 0x00000000c0d00000| Untracked 
|  14|0x00000000c0e00000, 0x00000000c0e2f9e8, 0x00000000c0f00000| 18%| O|  |TAMS 0x00000000c0e00000, 0x00000000c0e00000| Untracked 
|  15|0x00000000c0f00000, 0x00000000c0f00000, 0x00000000c1000000|  0%| F|  |TAMS 0x00000000c0f00000, 0x00000000c0f00000| Untracked 
|  16|0x00000000c1000000, 0x00000000c1000000, 0x00000000c1100000|  0%| F|  |TAMS 0x00000000c1000000, 0x00000000c1000000| Untracked 
|  17|0x00000000c1100000, 0x00000000c1100000, 0x00000000c1200000|  0%| F|  |TAMS 0x00000000c1100000, 0x00000000c1100000| Untracked 
|  18|0x00000000c1200000, 0x00000000c1200000, 0x00000000c1300000|  0%| F|  |TAMS 0x00000000c1200000, 0x00000000c1200000| Untracked 
|  19|0x00000000c1300000, 0x00000000c1300000, 0x00000000c1400000|  0%| F|  |TAMS 0x00000000c1300000, 0x00000000c1300000| Untracked 
|  20|0x00000000c1400000, 0x00000000c1400000, 0x00000000c1500000|  0%| F|  |TAMS 0x00000000c1400000, 0x00000000c1400000| Untracked 
|  21|0x00000000c1500000, 0x00000000c1500000, 0x00000000c1600000|  0%| F|  |TAMS 0x00000000c1500000, 0x00000000c1500000| Untracked 
|  22|0x00000000c1600000, 0x00000000c1600000, 0x00000000c1700000|  0%| F|  |TAMS 0x00000000c1600000, 0x00000000c1600000| Untracked 
|  23|0x00000000c1700000, 0x00000000c1700000, 0x00000000c1800000|  0%| F|  |TAMS 0x00000000c1700000, 0x00000000c1700000| Untracked 
|  24|0x00000000c1800000, 0x00000000c1800000, 0x00000000c1900000|  0%| F|  |TAMS 0x00000000c1800000, 0x00000000c1800000| Untracked 
|  25|0x00000000c1900000, 0x00000000c1900000, 0x00000000c1a00000|  0%| F|  |TAMS 0x00000000c1900000, 0x00000000c1900000| Untracked 
|  26|0x00000000c1a00000, 0x00000000c1a00000, 0x00000000c1b00000|  0%| F|  |TAMS 0x00000000c1a00000, 0x00000000c1a00000| Untracked 
|  27|0x00000000c1b00000, 0x00000000c1b00000, 0x00000000c1c00000|  0%| F|  |TAMS 0x00000000c1b00000, 0x00000000c1b00000| Untracked 
|  28|0x00000000c1c00000, 0x00000000c1c00000, 0x00000000c1d00000|  0%| F|  |TAMS 0x00000000c1c00000, 0x00000000c1c00000| Untracked 
|  29|0x00000000c1d00000, 0x00000000c1d00000, 0x00000000c1e00000|  0%| F|  |TAMS 0x00000000c1d00000, 0x00000000c1d00000| Untracked 
|  30|0x00000000c1e00000, 0x00000000c1e00000, 0x00000000c1f00000|  0%| F|  |TAMS 0x00000000c1e00000, 0x00000000c1e00000| Untracked 
|  31|0x00000000c1f00000, 0x00000000c1f00000, 0x00000000c2000000|  0%| F|  |TAMS 0x00000000c1f00000, 0x00000000c1f00000| Untracked 
|  32|0x00000000c2000000, 0x00000000c2000000, 0x00000000c2100000|  0%| F|  |TAMS 0x00000000c2000000, 0x00000000c2000000| Untracked 
|  33|0x00000000c2100000, 0x00000000c2100000, 0x00000000c2200000|  0%| F|  |TAMS 0x00000000c2100000, 0x00000000c2100000| Untracked 
|  34|0x00000000c2200000, 0x00000000c2200000, 0x00000000c2300000|  0%| F|  |TAMS 0x00000000c2200000, 0x00000000c2200000| Untracked 
|  35|0x00000000c2300000, 0x00000000c2300000, 0x00000000c2400000|  0%| F|  |TAMS 0x00000000c2300000, 0x00000000c2300000| Untracked 
|  36|0x00000000c2400000, 0x00000000c2400000, 0x00000000c2500000|  0%| F|  |TAMS 0x00000000c2400000, 0x00000000c2400000| Untracked 
|  37|0x00000000c2500000, 0x00000000c2500000, 0x00000000c2600000|  0%| F|  |TAMS 0x00000000c2500000, 0x00000000c2500000| Untracked 
|  38|0x00000000c2600000, 0x00000000c2600000, 0x00000000c2700000|  0%| F|  |TAMS 0x00000000c2600000, 0x00000000c2600000| Untracked 
|  39|0x00000000c2700000, 0x00000000c2700000, 0x00000000c2800000|  0%| F|  |TAMS 0x00000000c2700000, 0x00000000c2700000| Untracked 
|  40|0x00000000c2800000, 0x00000000c2800000, 0x00000000c2900000|  0%| F|  |TAMS 0x00000000c2800000, 0x00000000c2800000| Untracked 
| 228|0x00000000ce400000, 0x00000000ce400000, 0x00000000ce500000|  0%| F|  |TAMS 0x00000000ce400000, 0x00000000ce400000| Untracked 
| 229|0x00000000ce500000, 0x00000000ce500000, 0x00000000ce600000|  0%| F|  |TAMS 0x00000000ce500000, 0x00000000ce500000| Untracked 
| 230|0x00000000ce600000, 0x00000000ce600000, 0x00000000ce700000|  0%| F|  |TAMS 0x00000000ce600000, 0x00000000ce600000| Untracked 
| 231|0x00000000ce700000, 0x00000000ce700000, 0x00000000ce800000|  0%| F|  |TAMS 0x00000000ce700000, 0x00000000ce700000| Untracked 
| 232|0x00000000ce800000, 0x00000000ce800000, 0x00000000ce900000|  0%| F|  |TAMS 0x00000000ce800000, 0x00000000ce800000| Untracked 
| 253|0x00000000cfd00000, 0x00000000cfd247e8, 0x00000000cfe00000| 14%| E|  |TAMS 0x00000000cfd00000, 0x00000000cfd00000| Complete 

Card table byte_map: [0x00000264f25b0000,0x00000264f27b0000] _byte_map_base: 0x00000264f1fb0000

Marking Bits (Prev, Next): (CMBitMap*) 0x00000264ea49a890, (CMBitMap*) 0x00000264ea49a850
 Prev Bits: [0x00000264f39b0000, 0x00000264f49b0000)
 Next Bits: [0x00000264f29b0000, 0x00000264f39b0000)

Polling page: 0x00000264ea520000

Metaspace:

Usage:
  Non-class:     29.29 MB used.
      Class:      4.37 MB used.
       Both:     33.66 MB used.

Virtual space:
  Non-class space:       32.00 MB reserved,      29.62 MB ( 93%) committed,  4 nodes.
      Class space:        1.00 GB reserved,       4.56 MB ( <1%) committed,  1 nodes.
             Both:        1.03 GB reserved,      34.19 MB (  3%) committed. 

Chunk freelists:
   Non-Class:  2.54 MB
       Class:  3.35 MB
        Both:  5.88 MB

MaxMetaspaceSize: unlimited
CompressedClassSpaceSize: 1.00 GB
Initial GC threshold: 21.00 MB
Current GC threshold: 57.00 MB
CDS: off
MetaspaceReclaimPolicy: balanced
 - commit_granule_bytes: 65536.
 - commit_granule_words: 8192.
 - virtual_space_node_default_size: 1048576.
 - enlarge_chunks_in_place: 1.
 - new_chunks_are_fully_committed: 0.
 - uncommit_free_chunks: 1.
 - use_allocation_guard: 0.
 - handle_deallocations: 1.


Internal statistics:

num_allocs_failed_limit: 3.
num_arena_births: 436.
num_arena_deaths: 120.
num_vsnodes_births: 5.
num_vsnodes_deaths: 0.
num_space_committed: 547.
num_space_uncommitted: 0.
num_chunks_returned_to_freelist: 139.
num_chunks_taken_from_freelist: 1440.
num_chunk_merges: 43.
num_chunk_splits: 985.
num_chunks_enlarged: 731.
num_purges: 2.
num_inconsistent_stats: 0.

CodeCache: size=49152Kb used=6467Kb max_used=7907Kb free=42684Kb
 bounds [0x00000264ee8b0000, 0x00000264ef070000, 0x00000264f18b0000]
 total_blobs=3947 nmethods=3413 adapters=461
 compilation: enabled
              stopped_count=0, restarted_count=0
 full_count=0

Compilation events (20 events):
Event: 2631.431 Thread 0x00000264f76be9a0 3400       1       java.lang.ProcessImpl$$Lambda$626/0x000000010044b810::<init> (10 bytes)
Event: 2631.431 Thread 0x00000264f76be9a0 nmethod 3400 0x00000264eea1d690 code [0x00000264eea1d820, 0x00000264eea1d8f8]
Event: 2631.528 Thread 0x00000264f76be9a0 3401   !   1       java.io.FilterOutputStream::close (183 bytes)
Event: 2631.539 Thread 0x00000264f76be9a0 nmethod 3401 0x00000264eea1c510 code [0x00000264eea1c720, 0x00000264eea1cbf8]
Event: 2631.539 Thread 0x00000264f76be9a0 3402   !   1       java.io.FileOutputStream::close (69 bytes)
Event: 2631.539 Thread 0x00000264f76be9a0 nmethod 3402 0x00000264eea1be90 code [0x00000264eea1c060, 0x00000264eea1c3d8]
Event: 2631.539 Thread 0x00000264f76be9a0 3403       1       java.io.FileOutputStream$1::<init> (10 bytes)
Event: 2631.539 Thread 0x00000264f76be9a0 nmethod 3403 0x00000264eea1bb90 code [0x00000264eea1bd20, 0x00000264eea1be38]
Event: 2631.539 Thread 0x00000264f76be9a0 3404       1       java.io.FileOutputStream$1::close (11 bytes)
Event: 2631.539 Thread 0x00000264f76be9a0 nmethod 3404 0x00000264eea1b510 code [0x00000264eea1b6c0, 0x00000264eea1b9d8]
Event: 2631.539 Thread 0x00000264f76be9a0 3406       1       java.lang.ProcessImpl$$Lambda$626/0x000000010044b810::run (8 bytes)
Event: 2631.539 Thread 0x00000264f76be9a0 nmethod 3406 0x00000264eea1b210 code [0x00000264eea1b3a0, 0x00000264eea1b488]
Event: 2631.539 Thread 0x00000264f76be9a0 3407       1       java.lang.ProcessImpl::lambda$new$0 (6 bytes)
Event: 2631.539 Thread 0x00000264f76be9a0 nmethod 3407 0x00000264eea1af10 code [0x00000264eea1b0a0, 0x00000264eea1b168]
Event: 3928.542 Thread 0x00000264f76be9a0 3410       1       java.lang.ProcessImpl$2::run (242 bytes)
Event: 3928.546 Thread 0x00000264f76be9a0 nmethod 3410 0x00000264eea19090 code [0x00000264eea19340, 0x00000264eea1a0d8]
Event: 3928.547 Thread 0x00000264f76be9a0 3411       1       java.io.BufferedOutputStream::<init> (9 bytes)
Event: 3928.547 Thread 0x00000264f76be9a0 nmethod 3411 0x00000264eea18b10 code [0x00000264eea18ca0, 0x00000264eea18f78]
Event: 3928.547 Thread 0x00000264f76be9a0 3412       1       java.lang.ProcessImpl::waitFor (136 bytes)
Event: 3928.548 Thread 0x00000264f76be9a0 nmethod 3412 0x00000264eea18290 code [0x00000264eea184a0, 0x00000264eea188d8]

GC Heap History (20 events):
Event: 10060.683 GC heap before
{Heap before GC invocations=997 (full 988):
 garbage-first heap   total 48128K, used 14414K [0x00000000c0000000, 0x0000000100000000)
  region size 1024K, 1 young (1024K), 0 survivors (0K)
 Metaspace       used 34464K, committed 35008K, reserved 1081344K
  class space    used 4469K, committed 4672K, reserved 1048576K
}
Event: 10060.694 GC heap after
{Heap after GC invocations=998 (full 989):
 garbage-first heap   total 48128K, used 14414K [0x00000000c0000000, 0x0000000100000000)
  region size 1024K, 0 young (0K), 0 survivors (0K)
 Metaspace       used 34464K, committed 35008K, reserved 1081344K
  class space    used 4469K, committed 4672K, reserved 1048576K
}
Event: 10070.813 GC heap before
{Heap before GC invocations=998 (full 989):
 garbage-first heap   total 48128K, used 14414K [0x00000000c0000000, 0x0000000100000000)
  region size 1024K, 1 young (1024K), 0 survivors (0K)
 Metaspace       used 34464K, committed 35008K, reserved 1081344K
  class space    used 4469K, committed 4672K, reserved 1048576K
}
Event: 10070.824 GC heap after
{Heap after GC invocations=999 (full 990):
 garbage-first heap   total 48128K, used 14414K [0x00000000c0000000, 0x0000000100000000)
  region size 1024K, 0 young (0K), 0 survivors (0K)
 Metaspace       used 34464K, committed 35008K, reserved 1081344K
  class space    used 4469K, committed 4672K, reserved 1048576K
}
Event: 10080.951 GC heap before
{Heap before GC invocations=999 (full 990):
 garbage-first heap   total 48128K, used 14414K [0x00000000c0000000, 0x0000000100000000)
  region size 1024K, 1 young (1024K), 0 survivors (0K)
 Metaspace       used 34464K, committed 35008K, reserved 1081344K
  class space    used 4469K, committed 4672K, reserved 1048576K
}
Event: 10080.961 GC heap after
{Heap after GC invocations=1000 (full 991):
 garbage-first heap   total 48128K, used 14414K [0x00000000c0000000, 0x0000000100000000)
  region size 1024K, 0 young (0K), 0 survivors (0K)
 Metaspace       used 34464K, committed 35008K, reserved 1081344K
  class space    used 4469K, committed 4672K, reserved 1048576K
}
Event: 10091.079 GC heap before
{Heap before GC invocations=1000 (full 991):
 garbage-first heap   total 48128K, used 14414K [0x00000000c0000000, 0x0000000100000000)
  region size 1024K, 1 young (1024K), 0 survivors (0K)
 Metaspace       used 34464K, committed 35008K, reserved 1081344K
  class space    used 4469K, committed 4672K, reserved 1048576K
}
Event: 10091.090 GC heap after
{Heap after GC invocations=1001 (full 992):
 garbage-first heap   total 48128K, used 14414K [0x00000000c0000000, 0x0000000100000000)
  region size 1024K, 0 young (0K), 0 survivors (0K)
 Metaspace       used 34464K, committed 35008K, reserved 1081344K
  class space    used 4469K, committed 4672K, reserved 1048576K
}
Event: 10101.216 GC heap before
{Heap before GC invocations=1001 (full 992):
 garbage-first heap   total 48128K, used 14414K [0x00000000c0000000, 0x0000000100000000)
  region size 1024K, 1 young (1024K), 0 survivors (0K)
 Metaspace       used 34464K, committed 35008K, reserved 1081344K
  class space    used 4469K, committed 4672K, reserved 1048576K
}
Event: 10101.227 GC heap after
{Heap after GC invocations=1002 (full 993):
 garbage-first heap   total 48128K, used 14414K [0x00000000c0000000, 0x0000000100000000)
  region size 1024K, 0 young (0K), 0 survivors (0K)
 Metaspace       used 34464K, committed 35008K, reserved 1081344K
  class space    used 4469K, committed 4672K, reserved 1048576K
}
Event: 10111.352 GC heap before
{Heap before GC invocations=1002 (full 993):
 garbage-first heap   total 48128K, used 14414K [0x00000000c0000000, 0x0000000100000000)
  region size 1024K, 1 young (1024K), 0 survivors (0K)
 Metaspace       used 34464K, committed 35008K, reserved 1081344K
  class space    used 4469K, committed 4672K, reserved 1048576K
}
Event: 10111.363 GC heap after
{Heap after GC invocations=1003 (full 994):
 garbage-first heap   total 48128K, used 14414K [0x00000000c0000000, 0x0000000100000000)
  region size 1024K, 0 young (0K), 0 survivors (0K)
 Metaspace       used 34464K, committed 35008K, reserved 1081344K
  class space    used 4469K, committed 4672K, reserved 1048576K
}
Event: 10121.508 GC heap before
{Heap before GC invocations=1003 (full 994):
 garbage-first heap   total 48128K, used 14414K [0x00000000c0000000, 0x0000000100000000)
  region size 1024K, 1 young (1024K), 0 survivors (0K)
 Metaspace       used 34464K, committed 35008K, reserved 1081344K
  class space    used 4469K, committed 4672K, reserved 1048576K
}
Event: 10121.520 GC heap after
{Heap after GC invocations=1004 (full 995):
 garbage-first heap   total 48128K, used 14414K [0x00000000c0000000, 0x0000000100000000)
  region size 1024K, 0 young (0K), 0 survivors (0K)
 Metaspace       used 34464K, committed 35008K, reserved 1081344K
  class space    used 4469K, committed 4672K, reserved 1048576K
}
Event: 10131.670 GC heap before
{Heap before GC invocations=1004 (full 995):
 garbage-first heap   total 48128K, used 14414K [0x00000000c0000000, 0x0000000100000000)
  region size 1024K, 1 young (1024K), 0 survivors (0K)
 Metaspace       used 34464K, committed 35008K, reserved 1081344K
  class space    used 4469K, committed 4672K, reserved 1048576K
}
Event: 10131.680 GC heap after
{Heap after GC invocations=1005 (full 996):
 garbage-first heap   total 48128K, used 14414K [0x00000000c0000000, 0x0000000100000000)
  region size 1024K, 0 young (0K), 0 survivors (0K)
 Metaspace       used 34464K, committed 35008K, reserved 1081344K
  class space    used 4469K, committed 4672K, reserved 1048576K
}
Event: 10141.791 GC heap before
{Heap before GC invocations=1005 (full 996):
 garbage-first heap   total 48128K, used 14414K [0x00000000c0000000, 0x0000000100000000)
  region size 1024K, 1 young (1024K), 0 survivors (0K)
 Metaspace       used 34464K, committed 35008K, reserved 1081344K
  class space    used 4469K, committed 4672K, reserved 1048576K
}
Event: 10141.801 GC heap after
{Heap after GC invocations=1006 (full 997):
 garbage-first heap   total 48128K, used 14414K [0x00000000c0000000, 0x0000000100000000)
  region size 1024K, 0 young (0K), 0 survivors (0K)
 Metaspace       used 34464K, committed 35008K, reserved 1081344K
  class space    used 4469K, committed 4672K, reserved 1048576K
}
Event: 10151.933 GC heap before
{Heap before GC invocations=1006 (full 997):
 garbage-first heap   total 48128K, used 14414K [0x00000000c0000000, 0x0000000100000000)
  region size 1024K, 1 young (1024K), 0 survivors (0K)
 Metaspace       used 34464K, committed 35008K, reserved 1081344K
  class space    used 4469K, committed 4672K, reserved 1048576K
}
Event: 10151.942 GC heap after
{Heap after GC invocations=1007 (full 998):
 garbage-first heap   total 48128K, used 14414K [0x00000000c0000000, 0x0000000100000000)
  region size 1024K, 0 young (0K), 0 survivors (0K)
 Metaspace       used 34464K, committed 35008K, reserved 1081344K
  class space    used 4469K, committed 4672K, reserved 1048576K
}

Dll operation events (7 events):
Event: 0.090 Loaded shared library c:\Users\Administrator\.vscode\extensions\redhat.java-1.16.0-win32-x64\jre\17.0.6-win32-x86_64\bin\java.dll
Event: 0.269 Loaded shared library C:\Users\Administrator\.vscode\extensions\redhat.java-1.16.0-win32-x64\jre\17.0.6-win32-x86_64\bin\net.dll
Event: 0.288 Loaded shared library C:\Users\Administrator\.vscode\extensions\redhat.java-1.16.0-win32-x64\jre\17.0.6-win32-x86_64\bin\nio.dll
Event: 0.469 Loaded shared library C:\Users\Administrator\.vscode\extensions\redhat.java-1.16.0-win32-x64\jre\17.0.6-win32-x86_64\bin\zip.dll
Event: 2.991 Loaded shared library C:\Users\Administrator\.vscode\extensions\redhat.java-1.16.0-win32-x64\jre\17.0.6-win32-x86_64\bin\jimage.dll
Event: 5.024 Loaded shared library C:\Users\Administrator\.vscode\extensions\redhat.java-1.16.0-win32-x64\jre\17.0.6-win32-x86_64\bin\management.dll
Event: 5.040 Loaded shared library C:\Users\Administrator\.vscode\extensions\redhat.java-1.16.0-win32-x64\jre\17.0.6-win32-x86_64\bin\management_ext.dll

Deoptimization events (6 events):
Event: 3.805 Thread 0x00000264ea458190 DEOPT PACKING pc=0x00000264eee3fa19 sp=0x000000a8794fd3d0
Event: 3.805 Thread 0x00000264ea458190 DEOPT UNPACKING pc=0x00000264ee907143 sp=0x000000a8794fc8b0 mode 3
Event: 4.287 Thread 0x00000264ea458190 DEOPT PACKING pc=0x00000264eef5719d sp=0x000000a8794fa780
Event: 4.287 Thread 0x00000264ea458190 DEOPT UNPACKING pc=0x00000264ee907143 sp=0x000000a8794f9c98 mode 3
Event: 5.196 Thread 0x00000264f97b6130 DEOPT PACKING pc=0x00000264ef05b1b5 sp=0x000000a87b9fcfe0
Event: 5.196 Thread 0x00000264f97b6130 DEOPT UNPACKING pc=0x00000264ee907143 sp=0x000000a87b9fc508 mode 3

Classes unloaded (20 events):
Event: 55.336 Thread 0x00000264f8035530 Unloading class 0x0000000100224800 'java/lang/invoke/LambdaForm$MH+0x0000000100224800'
Event: 55.337 Thread 0x00000264f8035530 Unloading class 0x0000000100215000 'java/lang/invoke/LambdaForm$DMH+0x0000000100215000'
Event: 55.337 Thread 0x00000264f8035530 Unloading class 0x0000000100091c00 'java/lang/invoke/LambdaForm$MH+0x0000000100091c00'
Event: 55.337 Thread 0x00000264f8035530 Unloading class 0x0000000100091800 'java/lang/invoke/LambdaForm$MH+0x0000000100091800'
Event: 55.337 Thread 0x00000264f8035530 Unloading class 0x0000000100091400 'java/lang/invoke/LambdaForm$MH+0x0000000100091400'
Event: 55.337 Thread 0x00000264f8035530 Unloading class 0x0000000100091000 'java/lang/invoke/LambdaForm$MH+0x0000000100091000'
Event: 55.337 Thread 0x00000264f8035530 Unloading class 0x0000000100090c00 'java/lang/invoke/LambdaForm$MH+0x0000000100090c00'
Event: 55.337 Thread 0x00000264f8035530 Unloading class 0x0000000100090800 'java/lang/invoke/LambdaForm$MH+0x0000000100090800'
Event: 55.337 Thread 0x00000264f8035530 Unloading class 0x0000000100090400 'java/lang/invoke/LambdaForm$MH+0x0000000100090400'
Event: 55.337 Thread 0x00000264f8035530 Unloading class 0x0000000100090000 'java/lang/invoke/LambdaForm$MH+0x0000000100090000'
Event: 55.337 Thread 0x00000264f8035530 Unloading class 0x000000010008b800 'java/lang/invoke/LambdaForm$MH+0x000000010008b800'
Event: 55.337 Thread 0x00000264f8035530 Unloading class 0x000000010008b400 'java/lang/invoke/LambdaForm$MH+0x000000010008b400'
Event: 55.337 Thread 0x00000264f8035530 Unloading class 0x000000010008b000 'java/lang/invoke/LambdaForm$MH+0x000000010008b000'
Event: 55.337 Thread 0x00000264f8035530 Unloading class 0x000000010008ac00 'java/lang/invoke/LambdaForm$MH+0x000000010008ac00'
Event: 55.337 Thread 0x00000264f8035530 Unloading class 0x000000010008a800 'java/lang/invoke/LambdaForm$MH+0x000000010008a800'
Event: 55.337 Thread 0x00000264f8035530 Unloading class 0x000000010008a400 'java/lang/invoke/LambdaForm$MH+0x000000010008a400'
Event: 55.337 Thread 0x00000264f8035530 Unloading class 0x0000000100089c00 'java/lang/invoke/LambdaForm$MH+0x0000000100089c00'
Event: 55.337 Thread 0x00000264f8035530 Unloading class 0x0000000100089400 'java/lang/invoke/LambdaForm$MH+0x0000000100089400'
Event: 55.337 Thread 0x00000264f8035530 Unloading class 0x0000000100088c00 'java/lang/invoke/LambdaForm$MH+0x0000000100088c00'
Event: 55.337 Thread 0x00000264f8035530 Unloading class 0x0000000100088400 'java/lang/invoke/LambdaForm$MH+0x0000000100088400'

Classes redefined (0 events):
No events

Internal exceptions (20 events):
Event: 4.201 Thread 0x00000264ea458190 Exception <a 'java/lang/NoSuchMethodError'{0x00000000c2879020}: 'int java.lang.invoke.Invokers$Holder.linkToTargetMethod(java.lang.Object, java.lang.Object)'> (0x00000000c2879020) 
thrown [s\src\hotspot\share\interpreter\linkResolver.cpp, line 759]
Event: 4.208 Thread 0x00000264ea458190 Exception <a 'java/lang/NoSuchMethodError'{0x00000000c274c628}: 'java.lang.Object java.lang.invoke.DirectMethodHandle$Holder.invokeSpecial(java.lang.Object, java.lang.Object, java.lang.Object, java.lang.Object, java.lang.Object, java.lang.Object, java.lang.Object, java.lang.Object, java.lang.Object, java.lang.Object)'> (0x00000000c274c628) 
thrown [s\src\hotspot\share\interpreter\linkResolver.cpp, line 759]
Event: 4.208 Thread 0x00000264ea458190 Exception <a 'java/lang/NoSuchMethodError'{0x00000000c2750c10}: 'java.lang.Object java.lang.invoke.Invokers$Holder.invoke_MT(java.lang.Object, java.lang.Object, java.lang.Object, java.lang.Object, java.lang.Object, java.lang.Object, java.lang.Object, java.lang.Object, java.lang.Object, java.lang.Object)'> (0x00000000c2750c10) 
thrown [s\src\hotspot\share\interpreter\linkResolver.cpp, line 759]
Event: 4.211 Thread 0x00000264ea458190 Exception <a 'java/lang/NoSuchMethodError'{0x00000000c2797100}: 'java.lang.Object java.lang.invoke.DirectMethodHandle$Holder.invokeSpecial(java.lang.Object, java.lang.Object, int, java.lang.Object, java.lang.Object)'> (0x00000000c2797100) 
thrown [s\src\hotspot\share\interpreter\linkResolver.cpp, line 759]
Event: 4.211 Thread 0x00000264ea458190 Exception <a 'java/lang/NoSuchMethodError'{0x00000000c279ada8}: 'java.lang.Object java.lang.invoke.DelegatingMethodHandle$Holder.delegate(java.lang.Object, int, java.lang.Object, java.lang.Object)'> (0x00000000c279ada8) 
thrown [s\src\hotspot\share\interpreter\linkResolver.cpp, line 759]
Event: 4.211 Thread 0x00000264ea458190 Exception <a 'java/lang/NoSuchMethodError'{0x00000000c27abc60}: 'int java.lang.invoke.Invokers$Holder.linkToTargetMethod(java.lang.Object, java.lang.Object, java.lang.Object)'> (0x00000000c27abc60) 
thrown [s\src\hotspot\share\interpreter\linkResolver.cpp, line 759]
Event: 4.240 Thread 0x00000264ea458190 Exception <a 'java/lang/NoSuchMethodError'{0x00000000c241c620}: 'void java.lang.invoke.DirectMethodHandle$Holder.invokeSpecial(java.lang.Object, java.lang.Object, java.lang.Object, java.lang.Object, java.lang.Object, java.lang.Object)'> (0x00000000c241c620) 
thrown [s\src\hotspot\share\interpreter\linkResolver.cpp, line 759]
Event: 4.257 Thread 0x00000264ea458190 Exception <a 'java/lang/NoSuchMethodError'{0x00000000c23c4988}: 'java.lang.Object java.lang.invoke.DirectMethodHandle$Holder.invokeStaticInit(java.lang.Object, int, int, int, int)'> (0x00000000c23c4988) 
thrown [s\src\hotspot\share\interpreter\linkResolver.cpp, line 759]
Event: 4.289 Thread 0x00000264ea458190 Exception <a 'java/lang/NoSuchMethodError'{0x00000000c22f6680}: 'java.lang.Object java.lang.invoke.DirectMethodHandle$Holder.invokeStaticInit(java.lang.Object, java.lang.Object, int, int, int, int)'> (0x00000000c22f6680) 
thrown [s\src\hotspot\share\interpreter\linkResolver.cpp, line 759]
Event: 4.389 Thread 0x00000264ea458190 Exception <a 'java/lang/NoSuchMethodError'{0x00000000ce885bd0}: 'void java.lang.invoke.DirectMethodHandle$Holder.invokeSpecialIFC(java.lang.Object, java.lang.Object, java.lang.Object)'> (0x00000000ce885bd0) 
thrown [s\src\hotspot\share\interpreter\linkResolver.cpp, line 759]
Event: 4.920 Thread 0x00000264ea458190 Exception <a 'java/lang/NoSuchMethodError'{0x00000000ce6b7c90}: 'java.lang.Object java.lang.invoke.DirectMethodHandle$Holder.invokeInterface(java.lang.Object, java.lang.Object, int)'> (0x00000000ce6b7c90) 
thrown [s\src\hotspot\share\interpreter\linkResolver.cpp, line 759]
Event: 4.921 Thread 0x00000264ea458190 Exception <a 'java/lang/IncompatibleClassChangeError'{0x00000000ce6caf68}: Found class java.lang.Object, but interface was expected> (0x00000000ce6caf68) 
thrown [s\src\hotspot\share\interpreter\linkResolver.cpp, line 826]
Event: 5.006 Thread 0x00000264ea458190 Exception <a 'java/lang/NoSuchMethodError'{0x00000000c27e51d0}: 'java.lang.Object java.lang.invoke.DirectMethodHandle$Holder.newInvokeSpecial(java.lang.Object, java.lang.Object, int, java.lang.Object, java.lang.Object)'> (0x00000000c27e51d0) 
thrown [s\src\hotspot\share\interpreter\linkResolver.cpp, line 759]
Event: 5.007 Thread 0x00000264ea458190 Exception <a 'java/lang/NoSuchMethodError'{0x00000000c27f74c0}: 'java.lang.Object java.lang.invoke.DirectMethodHandle$Holder.invokeSpecial(java.lang.Object, java.lang.Object, int, java.lang.Object, int, java.lang.Object)'> (0x00000000c27f74c0) 
thrown [s\src\hotspot\share\interpreter\linkResolver.cpp, line 759]
Event: 5.007 Thread 0x00000264ea458190 Exception <a 'java/lang/NoSuchMethodError'{0x00000000c27ff2c8}: 'java.lang.Object java.lang.invoke.DirectMethodHandle$Holder.newInvokeSpecial(java.lang.Object, java.lang.Object, int, java.lang.Object, int)'> (0x00000000c27ff2c8) 
thrown [s\src\hotspot\share\interpreter\linkResolver.cpp, line 759]
Event: 5.007 Thread 0x00000264ea458190 Exception <a 'java/lang/NoSuchMethodError'{0x00000000c2603500}: 'java.lang.Object java.lang.invoke.DirectMethodHandle$Holder.invokeSpecial(java.lang.Object, java.lang.Object, java.lang.Object, int, java.lang.Object, int)'> (0x00000000c2603500) 
thrown [s\src\hotspot\share\interpreter\linkResolver.cpp, line 759]
Event: 5.190 Thread 0x00000264f933d060 Exception <a 'java/lang/NoSuchMethodError'{0x00000000cfd683a0}: 'java.lang.Object java.lang.invoke.DirectMethodHandle$Holder.invokeStatic(java.lang.Object, java.lang.Object, java.lang.Object, int, java.lang.Object, java.lang.Object)'> (0x00000000cfd683a0) 
thrown [s\src\hotspot\share\interpreter\linkResolver.cpp, line 759]
Event: 5.192 Thread 0x00000264f97b6130 Exception <a 'java/lang/NoSuchMethodError'{0x00000000cfda8010}: 'java.lang.Object java.lang.invoke.DirectMethodHandle$Holder.invokeStatic(java.lang.Object, int, java.lang.Object)'> (0x00000000cfda8010) 
thrown [s\src\hotspot\share\interpreter\linkResolver.cpp, line 759]
Event: 45.025 Thread 0x00000264f9715630 Exception <a 'java/lang/NoSuchMethodError'{0x00000000ce62ff30}: 'void java.lang.invoke.DirectMethodHandle$Holder.invokeStatic(java.lang.Object, long)'> (0x00000000ce62ff30) 
thrown [s\src\hotspot\share\interpreter\linkResolver.cpp, line 759]
Event: 45.027 Thread 0x00000264f9715630 Exception <a 'java/lang/NoSuchMethodError'{0x00000000ce6352d8}: 'java.lang.Object java.lang.invoke.DirectMethodHandle$Holder.newInvokeSpecial(java.lang.Object, long)'> (0x00000000ce6352d8) 
thrown [s\src\hotspot\share\interpreter\linkResolver.cpp, line 759]

VM Operations (20 events):
Event: 10060.694 Executing VM operation: G1CollectFull done
Event: 10070.813 Executing VM operation: G1CollectFull
Event: 10070.824 Executing VM operation: G1CollectFull done
Event: 10080.950 Executing VM operation: G1CollectFull
Event: 10080.961 Executing VM operation: G1CollectFull done
Event: 10091.079 Executing VM operation: G1CollectFull
Event: 10091.090 Executing VM operation: G1CollectFull done
Event: 10101.216 Executing VM operation: G1CollectFull
Event: 10101.227 Executing VM operation: G1CollectFull done
Event: 10111.352 Executing VM operation: G1CollectFull
Event: 10111.363 Executing VM operation: G1CollectFull done
Event: 10121.508 Executing VM operation: G1CollectFull
Event: 10121.520 Executing VM operation: G1CollectFull done
Event: 10131.669 Executing VM operation: G1CollectFull
Event: 10131.680 Executing VM operation: G1CollectFull done
Event: 10141.791 Executing VM operation: G1CollectFull
Event: 10141.801 Executing VM operation: G1CollectFull done
Event: 10151.932 Executing VM operation: G1CollectFull
Event: 10151.942 Executing VM operation: G1CollectFull done
Event: 10161.991 Executing VM operation: G1CollectFull

Events (20 events):
Event: 16.412 Thread 0x00000264f8d3f9b0 Thread exited: 0x00000264f8d3f9b0
Event: 21.414 Thread 0x00000264f8294360 Thread exited: 0x00000264f8294360
Event: 45.014 loading class java/lang/ProcessBuilder
Event: 45.015 loading class java/lang/ProcessBuilder done
Event: 45.016 loading class java/lang/ProcessImpl
Event: 45.017 loading class java/lang/Process
Event: 45.017 loading class java/lang/Process done
Event: 45.017 loading class java/lang/ProcessImpl done
Event: 45.028 loading class java/lang/ProcessImpl$2
Event: 45.029 loading class java/lang/ProcessImpl$2 done
Event: 45.029 loading class java/lang/Process$PipeInputStream
Event: 45.030 loading class java/lang/Process$PipeInputStream done
Event: 45.031 loading class jdk/internal/event/ProcessStartEvent
Event: 45.031 loading class jdk/internal/event/ProcessStartEvent done
Event: 45.157 loading class java/io/FileOutputStream$1
Event: 45.157 loading class java/io/FileOutputStream$1 done
Event: 65.228 Thread 0x00000264f97f0500 Thread exited: 0x00000264f97f0500
Event: 66.400 Thread 0x00000264f97f1840 Thread exited: 0x00000264f97f1840
Event: 66.415 Thread 0x00000264f97f0030 Thread exited: 0x00000264f97f0030
Event: 125.233 Thread 0x00000264f97f1370 Thread exited: 0x00000264f97f1370


Dynamic libraries:
0x00007ff7323f0000 - 0x00007ff7323fe000 	c:\Users\Administrator\.vscode\extensions\redhat.java-1.16.0-win32-x64\jre\17.0.6-win32-x86_64\bin\java.exe
0x00007ffb8e0f0000 - 0x00007ffb8e2e8000 	C:\Windows\SYSTEM32\ntdll.dll
0x00007ffb8dba0000 - 0x00007ffb8dc5f000 	C:\Windows\System32\KERNEL32.DLL
0x00007ffb8b900000 - 0x00007ffb8bbd2000 	C:\Windows\System32\KERNELBASE.dll
0x00007ffb8bbe0000 - 0x00007ffb8bce0000 	C:\Windows\System32\ucrtbase.dll
0x00007ffb87660000 - 0x00007ffb87679000 	c:\Users\Administrator\.vscode\extensions\redhat.java-1.16.0-win32-x64\jre\17.0.6-win32-x86_64\bin\VCRUNTIME140.dll
0x00007ffb87640000 - 0x00007ffb87657000 	c:\Users\Administrator\.vscode\extensions\redhat.java-1.16.0-win32-x64\jre\17.0.6-win32-x86_64\bin\jli.dll
0x00007ffb8c250000 - 0x00007ffb8c3f1000 	C:\Windows\System32\USER32.dll
0x00007ffb8c0e0000 - 0x00007ffb8c102000 	C:\Windows\System32\win32u.dll
0x00007ffb8d550000 - 0x00007ffb8d57b000 	C:\Windows\System32\GDI32.dll
0x00007ffb8bfd0000 - 0x00007ffb8c0df000 	C:\Windows\System32\gdi32full.dll
0x00007ffb7e8b0000 - 0x00007ffb7eb4a000 	C:\Windows\WinSxS\amd64_microsoft.windows.common-controls_6595b64144ccf1df_6.0.19041.1110_none_60b5254171f9507e\COMCTL32.dll
0x00007ffb8b7f0000 - 0x00007ffb8b88d000 	C:\Windows\System32\msvcp_win.dll
0x00007ffb8d660000 - 0x00007ffb8d6fe000 	C:\Windows\System32\msvcrt.dll
0x00007ffb8d3a0000 - 0x00007ffb8d3d0000 	C:\Windows\System32\IMM32.DLL
0x00007ffb87630000 - 0x00007ffb8763c000 	c:\Users\Administrator\.vscode\extensions\redhat.java-1.16.0-win32-x64\jre\17.0.6-win32-x86_64\bin\vcruntime140_1.dll
0x00007ffb6a170000 - 0x00007ffb6a201000 	c:\Users\Administrator\.vscode\extensions\redhat.java-1.16.0-win32-x64\jre\17.0.6-win32-x86_64\bin\msvcp140.dll
0x00007ffb2d320000 - 0x00007ffb2df67000 	c:\Users\Administrator\.vscode\extensions\redhat.java-1.16.0-win32-x64\jre\17.0.6-win32-x86_64\bin\server\jvm.dll
0x00007ffb8c680000 - 0x00007ffb8c72e000 	C:\Windows\System32\ADVAPI32.dll
0x00007ffb8deb0000 - 0x00007ffb8df4c000 	C:\Windows\System32\sechost.dll
0x00007ffb8dc60000 - 0x00007ffb8dd84000 	C:\Windows\System32\RPCRT4.dll
0x00007ffb84b30000 - 0x00007ffb84b3a000 	C:\Windows\SYSTEM32\VERSION.dll
0x00007ffb82330000 - 0x00007ffb82357000 	C:\Windows\SYSTEM32\WINMM.dll
0x00007ffb72820000 - 0x00007ffb72829000 	C:\Windows\SYSTEM32\WSOCK32.dll
0x00007ffb8c610000 - 0x00007ffb8c67b000 	C:\Windows\System32\WS2_32.dll
0x00007ffb89690000 - 0x00007ffb896a2000 	C:\Windows\SYSTEM32\kernel.appcore.dll
0x00007ffb87620000 - 0x00007ffb8762a000 	c:\Users\Administrator\.vscode\extensions\redhat.java-1.16.0-win32-x64\jre\17.0.6-win32-x86_64\bin\jimage.dll
0x00007ffb82b90000 - 0x00007ffb82d74000 	C:\Windows\SYSTEM32\DBGHELP.DLL
0x00007ffb72830000 - 0x00007ffb72865000 	C:\Windows\SYSTEM32\dbgcore.DLL
0x00007ffb8bde0000 - 0x00007ffb8be62000 	C:\Windows\System32\bcryptPrimitives.dll
0x00007ffb763d0000 - 0x00007ffb763f5000 	c:\Users\Administrator\.vscode\extensions\redhat.java-1.16.0-win32-x64\jre\17.0.6-win32-x86_64\bin\java.dll
0x00007ffb75c50000 - 0x00007ffb75c68000 	c:\Users\Administrator\.vscode\extensions\redhat.java-1.16.0-win32-x64\jre\17.0.6-win32-x86_64\bin\zip.dll
0x00007ffb8cc40000 - 0x00007ffb8d385000 	C:\Windows\System32\SHELL32.dll
0x00007ffb89890000 - 0x00007ffb8a022000 	C:\Windows\SYSTEM32\windows.storage.dll
0x00007ffb8c730000 - 0x00007ffb8ca85000 	C:\Windows\System32\combase.dll
0x00007ffb8b170000 - 0x00007ffb8b1a0000 	C:\Windows\SYSTEM32\Wldp.dll
0x00007ffb8c1a0000 - 0x00007ffb8c24d000 	C:\Windows\System32\SHCORE.dll
0x00007ffb8dd90000 - 0x00007ffb8dde5000 	C:\Windows\System32\shlwapi.dll
0x00007ffb8b730000 - 0x00007ffb8b74f000 	C:\Windows\SYSTEM32\profapi.dll
0x00007ffb75c30000 - 0x00007ffb75c49000 	C:\Users\Administrator\.vscode\extensions\redhat.java-1.16.0-win32-x64\jre\17.0.6-win32-x86_64\bin\net.dll
0x00007ffb84e50000 - 0x00007ffb84f5a000 	C:\Windows\SYSTEM32\WINHTTP.dll
0x00007ffb8af50000 - 0x00007ffb8afba000 	C:\Windows\system32\mswsock.dll
0x00007ffb75250000 - 0x00007ffb75265000 	C:\Users\Administrator\.vscode\extensions\redhat.java-1.16.0-win32-x64\jre\17.0.6-win32-x86_64\bin\nio.dll
0x00007ffb8b1b0000 - 0x00007ffb8b1c8000 	C:\Windows\SYSTEM32\CRYPTSP.dll
0x00007ffb8a820000 - 0x00007ffb8a854000 	C:\Windows\system32\rsaenh.dll
0x00007ffb8c110000 - 0x00007ffb8c137000 	C:\Windows\System32\bcrypt.dll
0x00007ffb8b6f0000 - 0x00007ffb8b71e000 	C:\Windows\SYSTEM32\USERENV.dll
0x00007ffb8b0e0000 - 0x00007ffb8b0ec000 	C:\Windows\SYSTEM32\CRYPTBASE.dll
0x00007ffb8ac10000 - 0x00007ffb8ac4b000 	C:\Windows\SYSTEM32\IPHLPAPI.DLL
0x00007ffb8ddf0000 - 0x00007ffb8ddf8000 	C:\Windows\System32\NSI.dll
0x00007ffb853e0000 - 0x00007ffb853f7000 	C:\Windows\SYSTEM32\dhcpcsvc6.DLL
0x00007ffb85ed0000 - 0x00007ffb85eed000 	C:\Windows\SYSTEM32\dhcpcsvc.DLL
0x00007ffb8ac50000 - 0x00007ffb8ad1b000 	C:\Windows\SYSTEM32\DNSAPI.dll
0x00007ffb75ab0000 - 0x00007ffb75ab9000 	C:\Users\Administrator\.vscode\extensions\redhat.java-1.16.0-win32-x64\jre\17.0.6-win32-x86_64\bin\management.dll
0x00007ffb750d0000 - 0x00007ffb750db000 	C:\Users\Administrator\.vscode\extensions\redhat.java-1.16.0-win32-x64\jre\17.0.6-win32-x86_64\bin\management_ext.dll
0x00007ffb8d720000 - 0x00007ffb8d728000 	C:\Windows\System32\PSAPI.DLL

dbghelp: loaded successfully - version: 4.0.5 - missing functions: none
symbol engine: initialized successfully - sym options: 0x614 - pdb path: .;c:\Users\Administrator\.vscode\extensions\redhat.java-1.16.0-win32-x64\jre\17.0.6-win32-x86_64\bin;C:\Windows\SYSTEM32;C:\Windows\WinSxS\amd64_microsoft.windows.common-controls_6595b64144ccf1df_6.0.19041.1110_none_60b5254171f9507e;c:\Users\Administrator\.vscode\extensions\redhat.java-1.16.0-win32-x64\jre\17.0.6-win32-x86_64\bin\server

VM Arguments:
jvm_args: -XX:+HeapDumpOnOutOfMemoryError -Xmx1024m -Dsts.lsp.client=vscode -Dsts.log.file=/dev/null -XX:TieredStopAtLevel=1 -Xlog:jni+resolve=off -Dspring.config.location=file:c:\Users\Administrator\.vscode\extensions\vmware.vscode-spring-boot-1.45.0\language-server\BOOT-INF\classes\application.properties 
java_command: org.springframework.ide.vscode.boot.app.BootLanguageServerBootApp
java_class_path (initial): c:\Users\Administrator\.vscode\extensions\vmware.vscode-spring-boot-1.45.0\language-server\BOOT-INF\classes;c:\Users\Administrator\.vscode\extensions\vmware.vscode-spring-boot-1.45.0\language-server\BOOT-INF\lib\annotations-24.0.1.jar;c:\Users\Administrator\.vscode\extensions\vmware.vscode-spring-boot-1.45.0\language-server\BOOT-INF\lib\ant-1.10.13.jar;c:\Users\Administrator\.vscode\extensions\vmware.vscode-spring-boot-1.45.0\language-server\BOOT-INF\lib\ant-launcher-1.10.13.jar;c:\Users\Administrator\.vscode\extensions\vmware.vscode-spring-boot-1.45.0\language-server\BOOT-INF\lib\antlr-runtime-3.5.3.jar;c:\Users\Administrator\.vscode\extensions\vmware.vscode-spring-boot-1.45.0\language-server\BOOT-INF\lib\antlr4-4.11.1.jar;c:\Users\Administrator\.vscode\extensions\vmware.vscode-spring-boot-1.45.0\language-server\BOOT-INF\lib\antlr4-runtime-4.11.1.jar;c:\Users\Administrator\.vscode\extensions\vmware.vscode-spring-boot-1.45.0\language-server\BOOT-INF\lib\asm-9.4.jar;c:\Users\Administrator\.vscode\extensions\vmware.vscode-spring-boot-1.45.0\language-server\BOOT-INF\lib\asm-analysis-9.4.jar;c:\Users\Administrator\.vscode\extensions\vmware.vscode-spring-boot-1.45.0\language-server\BOOT-INF\lib\asm-tree-9.4.jar;c:\Users\Administrator\.vscode\extensions\vmware.vscode-spring-boot-1.45.0\language-server\BOOT-INF\lib\asm-util-9.4.jar;c:\Users\Administrator\.vscode\extensions\vmware.vscode-spring-boot-1.45.0\language-server\BOOT-INF\lib\caffeine-3.1.2.jar;c:\Users\Administrator\.vscode\extensions\vmware.vscode-spring-boot-1.45.0\language-server\BOOT-INF\lib\checker-qual-3.12.0.jar;c:\Users\Administrator\.vscode\extensions\vmware.vscode-spring-boot-1.45.0\language-server\BOOT-INF\lib\classgraph-4.8.149.jar;c:\Users\Administrator\.vscode\extensions\vmware.vscode-spring-boot-1.45.0\language-server\BOOT-INF\lib\commons-codec-1.15.jar;c:\Users\Administrator\.vscode\extensions\vmware.vscode-spring-boot-1.45.0\language-server\BOOT-INF\lib\commons-compres
Launcher Type: SUN_STANDARD

[Global flags]
     intx CICompilerCount                          = 4                                         {product} {ergonomic}
     uint ConcGCThreads                            = 3                                         {product} {ergonomic}
     uint G1ConcRefinementThreads                  = 10                                        {product} {ergonomic}
   size_t G1HeapRegionSize                         = 1048576                                   {product} {ergonomic}
    uintx GCDrainStackTargetSize                   = 64                                        {product} {ergonomic}
     bool HeapDumpOnOutOfMemoryError               = true                                   {manageable} {command line}
   size_t InitialHeapSize                          = 266338304                                 {product} {ergonomic}
   size_t MarkStackSize                            = 4194304                                   {product} {ergonomic}
   size_t MaxHeapSize                              = 1073741824                                {product} {command line}
   size_t MaxNewSize                               = 643825664                                 {product} {ergonomic}
   size_t MinHeapDeltaBytes                        = 1048576                                   {product} {ergonomic}
   size_t MinHeapSize                              = 8388608                                   {product} {ergonomic}
    uintx NonProfiledCodeHeapSize                  = 0                                      {pd product} {ergonomic}
     bool ProfileInterpreter                       = false                                  {pd product} {command line}
    uintx ProfiledCodeHeapSize                     = 0                                      {pd product} {ergonomic}
   size_t SoftMaxHeapSize                          = 1073741824                             {manageable} {ergonomic}
     intx TieredStopAtLevel                        = 1                                         {product} {command line}
     bool UseCompressedClassPointers               = true                           {product lp64_product} {ergonomic}
     bool UseCompressedOops                        = true                           {product lp64_product} {ergonomic}
     bool UseG1GC                                  = true                                      {product} {ergonomic}
     bool UseLargePagesIndividualAllocation        = false                                  {pd product} {ergonomic}

Logging:
Log output configuration:
 #0: stdout all=warning,jni+resolve=off uptime,level,tags
 #1: stderr all=off uptime,level,tags

Environment Variables:
JAVA_HOME=D:\Java\jdk-17
PATH=C:\Program Files (x86)\Common Files\Oracle\Java\javapath;C:\Program Files\Common Files\Oracle\Java\javapath;E:\VMware\VMware Workstation\bin\;C:\Windows\system32;C:\Windows;C:\Windows\System32\Wbem;C:\Windows\System32\WindowsPowerShell\v1.0\;C:\Windows\System32\OpenSSH\;C:\Program Files (x86)\NVIDIA Corporation\PhysX\Common;C:\Program Files\NVIDIA Corporation\NVIDIA NvDLISR;D:\Java\jdk-17\bin;D:\MySQL\MySQL Server 8.0\bin\;D:\Git\cmd;D:\apache-maven-3.8.6-bin\apache-maven-3.8.6\bin;C:\Program Files\Docker\Docker\resources\bin;D:\AndroidTool\flutter_windows_3.7.6-stable\flutter\bin;D:\AndroidTool\flutter_windows_3.7.6-stable\flutter\bin\cache\dart-sdk;D:\web\dll;D:\nvm;D:\nodejs;D:\Java\jdk-17\jre1.8;C:\Users\Administrator\AppData\Local\Programs\Python\Python38\Scripts\;C:\Users\Administrator\AppData\Local\Programs\Python\Python38\;C:\Users\Administrator\AppData\Local\Microsoft\WindowsApps;C:\Users\Administrator\AppData\Roaming\npm;D:\Microsoft VS Code\bin;D:\nvm;D:\nodejs
USERNAME=Administrator
OS=Windows_NT
PROCESSOR_IDENTIFIER=Intel64 Family 6 Model 151 Stepping 2, GenuineIntel
TMP=C:\Users\ADMINI~1\AppData\Local\Temp
TEMP=C:\Users\ADMINI~1\AppData\Local\Temp



---------------  S Y S T E M  ---------------

OS:
 Windows 10 , 64 bit Build 19041 (10.0.19041.2546)
OS uptime: 25 days 4:51 hours
Hyper-V role detected

CPU: total 12 (initial active 12) (6 cores per cpu, 2 threads per core) family 6 model 151 stepping 2 microcode 0x28, cx8, cmov, fxsr, ht, mmx, 3dnowpref, sse, sse2, sse3, ssse3, sse4.1, sse4.2, popcnt, lzcnt, tsc, tscinvbit, avx, avx2, aes, erms, clmul, bmi1, bmi2, adx, sha, fma, vzeroupper, clflush, clflushopt, clwb, hv

Memory: 4k page, system-wide physical 16239M (940M free)
TotalPageFile size 65391M (AvailPageFile size 11M)
current process WorkingSet (physical memory assigned to process): 135M, peak: 135M
current process commit charge ("private bytes"): 178M, peak: 368M

vm_info: OpenJDK 64-Bit Server VM (17.0.6+10) for windows-amd64 JRE (17.0.6+10), built on Jan 18 2023 10:08:59 by "temurin" with MS VC++ 16.7 (VS2019)

END.
