#
# There is insufficient memory for the Java Runtime Environment to continue.
# Native memory allocation (malloc) failed to allocate 2097152 bytes for AllocateHeap
# Possible reasons:
#   The system is out of physical RAM or swap space
#   The process is running with CompressedOops enabled, and the Java Heap may be blocking the growth of the native heap
# Possible solutions:
#   Reduce memory load on the system
#   Increase physical memory or swap space
#   Check if swap backing store is full
#   Decrease Java heap size (-Xmx/-Xms)
#   Decrease number of Java threads
#   Decrease Java thread stack sizes (-Xss)
#   Set larger code cache with -XX:ReservedCodeCacheSize=
#   JVM is running with Unscaled Compressed Oops mode in which the Java heap is
#     placed in the first 4GB address space. The Java Heap base address is the
#     maximum limit for the native heap growth. Please use -XX:HeapBaseMinAddress
#     to set the Java Heap base and to place the Java Heap above 4GB virtual address.
# This output file may be truncated or incomplete.
#
#  Out of Memory Error (allocation.cpp:44), pid=30308, tid=11032
#
# JRE version: OpenJDK Runtime Environment Temurin-17.0.6+10 (17.0.6+10) (build 17.0.6+10)
# Java VM: OpenJDK 64-Bit Server VM Temurin-17.0.6+10 (17.0.6+10, mixed mode, emulated-client, tiered, compressed oops, compressed class ptrs, g1 gc, windows-amd64)
# No core dump will be written. Minidumps are not enabled by default on client versions of Windows
#

---------------  S U M M A R Y ------------

Command Line: -XX:+HeapDumpOnOutOfMemoryError -Xmx1024m -Dsts.lsp.client=vscode -Dsts.log.file=/dev/null -XX:TieredStopAtLevel=1 -Xlog:jni+resolve=off -Dspring.config.location=file:c:\Users\Administrator\.vscode\extensions\vmware.vscode-spring-boot-1.45.0\language-server\BOOT-INF\classes\application.properties org.springframework.ide.vscode.boot.app.BootLanguageServerBootApp

Host: 12th Gen Intel(R) Core(TM) i5-12490F, 12 cores, 15G,  Windows 10 , 64 bit Build 19041 (10.0.19041.2546)
Time: Sun Jul 23 11:54:55 2023  Windows 10 , 64 bit Build 19041 (10.0.19041.2546) elapsed time: 747.298476 seconds (0d 0h 12m 27s)

---------------  T H R E A D  ---------------

Current thread (0x0000022134cf3b20):  VMThread "VM Thread" [stack: 0x0000008f31b00000,0x0000008f31c00000] [id=11032]

Stack: [0x0000008f31b00000,0x0000008f31c00000]
Native frames: (J=compiled Java code, j=interpreted, Vv=VM code, C=native code)
V  [jvm.dll+0x67741a]
V  [jvm.dll+0x834434]
V  [jvm.dll+0x835bde]
V  [jvm.dll+0x836243]
V  [jvm.dll+0x2457b5]
V  [jvm.dll+0xa626f]
V  [jvm.dll+0x2f5b61]
V  [jvm.dll+0x2f17e0]
V  [jvm.dll+0x2d9ee7]
V  [jvm.dll+0x31ce67]
V  [jvm.dll+0x83a6eb]
V  [jvm.dll+0x83b424]
V  [jvm.dll+0x83b93c]
V  [jvm.dll+0x83bd14]
V  [jvm.dll+0x83bde0]
V  [jvm.dll+0x7e483a]
V  [jvm.dll+0x6762c5]
C  [ucrtbase.dll+0x21bb2]
C  [KERNEL32.DLL+0x17614]
C  [ntdll.dll+0x526a1]

VM_Operation (0x0000008f337ff1f0): G1CollectFull, mode: safepoint, requested by thread 0x00000221362dd930


---------------  P R O C E S S  ---------------

Threads class SMR info:
_java_thread_list=0x00000221361a39e0, length=18, elements={
0x0000022134cf7630, 0x0000022134cf8630, 0x0000022135854040, 0x000002213582c4f0,
0x000002213582ddc0, 0x000002213582e680, 0x000002213582ef40, 0x000002213582f840,
0x0000022135aaab90, 0x0000022135ab7df0, 0x0000022136d5ac60, 0x0000022136d5b540,
0x00000221362dd930, 0x00000221362de720, 0x0000022127a77f30, 0x0000022135a10990,
0x0000022136dc3ae0, 0x0000022136dde5a0
}

Java Threads: ( => current thread )
  0x0000022134cf7630 JavaThread "Reference Handler" daemon [_thread_blocked, id=28940, stack(0x0000008f31c00000,0x0000008f31d00000)]
  0x0000022134cf8630 JavaThread "Finalizer" daemon [_thread_blocked, id=23508, stack(0x0000008f31d00000,0x0000008f31e00000)]
  0x0000022135854040 JavaThread "Signal Dispatcher" daemon [_thread_blocked, id=8740, stack(0x0000008f31e00000,0x0000008f31f00000)]
  0x000002213582c4f0 JavaThread "Attach Listener" daemon [_thread_blocked, id=14132, stack(0x0000008f31f00000,0x0000008f32000000)]
  0x000002213582ddc0 JavaThread "Service Thread" daemon [_thread_blocked, id=31848, stack(0x0000008f32000000,0x0000008f32100000)]
  0x000002213582e680 JavaThread "Monitor Deflation Thread" daemon [_thread_blocked, id=15760, stack(0x0000008f32100000,0x0000008f32200000)]
  0x000002213582ef40 JavaThread "C1 CompilerThread0" daemon [_thread_blocked, id=34252, stack(0x0000008f32200000,0x0000008f32300000)]
  0x000002213582f840 JavaThread "Sweeper thread" daemon [_thread_blocked, id=11596, stack(0x0000008f32300000,0x0000008f32400000)]
  0x0000022135aaab90 JavaThread "Notification Thread" daemon [_thread_blocked, id=1496, stack(0x0000008f32500000,0x0000008f32600000)]
  0x0000022135ab7df0 JavaThread "Common-Cleaner" daemon [_thread_blocked, id=19864, stack(0x0000008f32700000,0x0000008f32800000)]
  0x0000022136d5ac60 JavaThread "boundedElastic-evictor-1" daemon [_thread_blocked, id=29728, stack(0x0000008f33000000,0x0000008f33100000)]
  0x0000022136d5b540 JavaThread "boundedElastic-evictor-2" daemon [_thread_blocked, id=2336, stack(0x0000008f33600000,0x0000008f33700000)]
  0x00000221362dd930 JavaThread "pool-10-thread-1" [_thread_blocked, id=36512, stack(0x0000008f33700000,0x0000008f33800000)]
  0x00000221362de720 JavaThread "LanguageServerApp-lifecycle" [_thread_blocked, id=20492, stack(0x0000008f33800000,0x0000008f33900000)]
  0x0000022127a77f30 JavaThread "DestroyJavaVM" [_thread_blocked, id=25460, stack(0x0000008f31500000,0x0000008f31600000)]
  0x0000022135a10990 JavaThread "pool-11-thread-1" [_thread_in_native, id=18068, stack(0x0000008f33900000,0x0000008f33a00000)]
  0x0000022136dc3ae0 JavaThread "Simple-Language-Server main thread" daemon [_thread_blocked, id=21952, stack(0x0000008f33a00000,0x0000008f33b00000)]
  0x0000022136dde5a0 JavaThread "pool-6-thread-1" [_thread_blocked, id=19844, stack(0x0000008f33b00000,0x0000008f33c00000)]

Other Threads:
=>0x0000022134cf3b20 VMThread "VM Thread" [stack: 0x0000008f31b00000,0x0000008f31c00000] [id=11032]
  0x0000022135aab880 WatcherThread [stack: 0x0000008f32600000,0x0000008f32700000] [id=10580]
  0x0000022127ab7950 GCTaskThread "GC Thread#0" [stack: 0x0000008f31600000,0x0000008f31700000] [id=28952]
  0x0000022136437460 GCTaskThread "GC Thread#1" [stack: 0x0000008f32800000,0x0000008f32900000] [id=39388]
  0x0000022136437710 GCTaskThread "GC Thread#2" [stack: 0x0000008f32900000,0x0000008f32a00000] [id=13880]
  0x00000221364a2030 GCTaskThread "GC Thread#3" [stack: 0x0000008f32a00000,0x0000008f32b00000] [id=38240]
  0x00000221364a28f0 GCTaskThread "GC Thread#4" [stack: 0x0000008f32b00000,0x0000008f32c00000] [id=32224]
  0x00000221364a2fb0 GCTaskThread "GC Thread#5" [stack: 0x0000008f32c00000,0x0000008f32d00000] [id=28248]
  0x000002213672cbc0 GCTaskThread "GC Thread#6" [stack: 0x0000008f32d00000,0x0000008f32e00000] [id=31108]
  0x000002213672ce70 GCTaskThread "GC Thread#7" [stack: 0x0000008f32e00000,0x0000008f32f00000] [id=20200]
  0x000002213672d120 GCTaskThread "GC Thread#8" [stack: 0x0000008f32f00000,0x0000008f33000000] [id=35596]
  0x000002213693fc10 GCTaskThread "GC Thread#9" [stack: 0x0000008f33300000,0x0000008f33400000] [id=37128]
  0x0000022127ac1f50 ConcurrentGCThread "G1 Main Marker" [stack: 0x0000008f31700000,0x0000008f31800000] [id=1208]
  0x0000022127ac2870 ConcurrentGCThread "G1 Conc#0" [stack: 0x0000008f31800000,0x0000008f31900000] [id=35336]
  0x0000022136925e60 ConcurrentGCThread "G1 Conc#1" [stack: 0x0000008f33400000,0x0000008f33500000] [id=25816]
  0x0000022136926110 ConcurrentGCThread "G1 Conc#2" [stack: 0x0000008f33500000,0x0000008f33600000] [id=23988]
  0x0000022127b3eb20 ConcurrentGCThread "G1 Refine#0" [stack: 0x0000008f31900000,0x0000008f31a00000] [id=11532]
  0x0000022134b6a670 ConcurrentGCThread "G1 Service" [stack: 0x0000008f31a00000,0x0000008f31b00000] [id=20592]

Threads with active compile tasks:

VM state: at safepoint (normal execution)

VM Mutex/Monitor currently owned by a thread:  ([mutex/lock_event])
[0x00000221278a1ee0] Threads_lock - owner thread: 0x0000022134cf3b20
[0x0000022127a74750] Heap_lock - owner thread: 0x00000221362dd930

Heap address: 0x00000000c0000000, size: 1024 MB, Compressed Oops mode: 32-bit

CDS archive(s) not mapped
Compressed class space mapped at: 0x0000000100000000-0x0000000140000000, reserved size: 1073741824
Narrow klass base: 0x0000000000000000, Narrow klass shift: 3, Narrow klass range: 0x140000000

GC Precious Log:
 CPUs: 12 total, 12 available
 Memory: 16239M
 Large Page Support: Disabled
 NUMA Support: Disabled
 Compressed Oops: Enabled (32-bit)
 Heap Region Size: 1M
 Heap Min Capacity: 8M
 Heap Initial Capacity: 254M
 Heap Max Capacity: 1G
 Pre-touch: Disabled
 Parallel Workers: 10
 Concurrent Workers: 3
 Concurrent Refinement Workers: 10
 Periodic GC: Disabled

Heap:
 garbage-first heap   total 48128K, used 14393K [0x00000000c0000000, 0x0000000100000000)
  region size 1024K, 1 young (1024K), 0 survivors (0K)
 Metaspace       used 34461K, committed 35008K, reserved 1081344K
  class space    used 4467K, committed 4672K, reserved 1048576K

Heap Regions: E=young(eden), S=young(survivor), O=old, HS=humongous(starts), HC=humongous(continues), CS=collection set, F=free, OA=open archive, CA=closed archive, TAMS=top-at-mark-start (previous, next)
|   0|0x00000000c0000000, 0x00000000c00ffff8, 0x00000000c0100000| 99%| O|  |TAMS 0x00000000c00ffff8, 0x00000000c0000000| Untracked 
|   1|0x00000000c0100000, 0x00000000c0200000, 0x00000000c0200000|100%| O|  |TAMS 0x00000000c0200000, 0x00000000c0100000| Untracked 
|   2|0x00000000c0200000, 0x00000000c0300000, 0x00000000c0300000|100%| O|  |TAMS 0x00000000c0300000, 0x00000000c0200000| Untracked 
|   3|0x00000000c0300000, 0x00000000c0400000, 0x00000000c0400000|100%| O|  |TAMS 0x00000000c0400000, 0x00000000c0300000| Untracked 
|   4|0x00000000c0400000, 0x00000000c04fffe8, 0x00000000c0500000| 99%| O|  |TAMS 0x00000000c04fffe8, 0x00000000c0400000| Untracked 
|   5|0x00000000c0500000, 0x00000000c0600000, 0x00000000c0600000|100%| O|  |TAMS 0x00000000c0600000, 0x00000000c0500000| Untracked 
|   6|0x00000000c0600000, 0x00000000c0700000, 0x00000000c0700000|100%| O|  |TAMS 0x00000000c0700000, 0x00000000c0600000| Untracked 
|   7|0x00000000c0700000, 0x00000000c0800000, 0x00000000c0800000|100%| O|  |TAMS 0x00000000c0800000, 0x00000000c0700000| Untracked 
|   8|0x00000000c0800000, 0x00000000c08fffe8, 0x00000000c0900000| 99%| O|  |TAMS 0x00000000c08fffe8, 0x00000000c0800000| Untracked 
|   9|0x00000000c0900000, 0x00000000c09fffc8, 0x00000000c0a00000| 99%| O|  |TAMS 0x00000000c09fffc8, 0x00000000c0900000| Untracked 
|  10|0x00000000c0a00000, 0x00000000c0afffd8, 0x00000000c0b00000| 99%| O|  |TAMS 0x00000000c0afffd8, 0x00000000c0a00000| Untracked 
|  11|0x00000000c0b00000, 0x00000000c0bfffe8, 0x00000000c0c00000| 99%| O|  |TAMS 0x00000000c0bfffe8, 0x00000000c0b00000| Untracked 
|  12|0x00000000c0c00000, 0x00000000c0ccf3f0, 0x00000000c0d00000| 80%| O|  |TAMS 0x00000000c0c00000, 0x00000000c0c00000| Untracked 
|  13|0x00000000c0d00000, 0x00000000c0e00000, 0x00000000c0e00000|100%| O|  |TAMS 0x00000000c0e00000, 0x00000000c0d00000| Untracked 
|  14|0x00000000c0e00000, 0x00000000c0e3f310, 0x00000000c0f00000| 24%| O|  |TAMS 0x00000000c0e00000, 0x00000000c0e00000| Untracked 
|  15|0x00000000c0f00000, 0x00000000c0f00000, 0x00000000c1000000|  0%| F|  |TAMS 0x00000000c0f00000, 0x00000000c0f00000| Untracked 
|  16|0x00000000c1000000, 0x00000000c1000000, 0x00000000c1100000|  0%| F|  |TAMS 0x00000000c1000000, 0x00000000c1000000| Untracked 
|  17|0x00000000c1100000, 0x00000000c1100000, 0x00000000c1200000|  0%| F|  |TAMS 0x00000000c1100000, 0x00000000c1100000| Untracked 
|  18|0x00000000c1200000, 0x00000000c1200000, 0x00000000c1300000|  0%| F|  |TAMS 0x00000000c1200000, 0x00000000c1200000| Untracked 
|  19|0x00000000c1300000, 0x00000000c1300000, 0x00000000c1400000|  0%| F|  |TAMS 0x00000000c1300000, 0x00000000c1300000| Untracked 
|  20|0x00000000c1400000, 0x00000000c1400000, 0x00000000c1500000|  0%| F|  |TAMS 0x00000000c1400000, 0x00000000c1400000| Untracked 
|  21|0x00000000c1500000, 0x00000000c1500000, 0x00000000c1600000|  0%| F|  |TAMS 0x00000000c1500000, 0x00000000c1500000| Untracked 
|  22|0x00000000c1600000, 0x00000000c1600000, 0x00000000c1700000|  0%| F|  |TAMS 0x00000000c1600000, 0x00000000c1600000| Untracked 
|  23|0x00000000c1700000, 0x00000000c1700000, 0x00000000c1800000|  0%| F|  |TAMS 0x00000000c1700000, 0x00000000c1700000| Untracked 
|  24|0x00000000c1800000, 0x00000000c1800000, 0x00000000c1900000|  0%| F|  |TAMS 0x00000000c1800000, 0x00000000c1800000| Untracked 
|  25|0x00000000c1900000, 0x00000000c1900000, 0x00000000c1a00000|  0%| F|  |TAMS 0x00000000c1900000, 0x00000000c1900000| Untracked 
|  26|0x00000000c1a00000, 0x00000000c1a00000, 0x00000000c1b00000|  0%| F|  |TAMS 0x00000000c1a00000, 0x00000000c1a00000| Untracked 
|  27|0x00000000c1b00000, 0x00000000c1b00000, 0x00000000c1c00000|  0%| F|  |TAMS 0x00000000c1b00000, 0x00000000c1b00000| Untracked 
|  28|0x00000000c1c00000, 0x00000000c1c00000, 0x00000000c1d00000|  0%| F|  |TAMS 0x00000000c1c00000, 0x00000000c1c00000| Untracked 
|  29|0x00000000c1d00000, 0x00000000c1d00000, 0x00000000c1e00000|  0%| F|  |TAMS 0x00000000c1d00000, 0x00000000c1d00000| Untracked 
|  30|0x00000000c1e00000, 0x00000000c1e00000, 0x00000000c1f00000|  0%| F|  |TAMS 0x00000000c1e00000, 0x00000000c1e00000| Untracked 
|  31|0x00000000c1f00000, 0x00000000c1f00000, 0x00000000c2000000|  0%| F|  |TAMS 0x00000000c1f00000, 0x00000000c1f00000| Untracked 
|  32|0x00000000c2000000, 0x00000000c2000000, 0x00000000c2100000|  0%| F|  |TAMS 0x00000000c2000000, 0x00000000c2000000| Untracked 
|  33|0x00000000c2100000, 0x00000000c2100000, 0x00000000c2200000|  0%| F|  |TAMS 0x00000000c2100000, 0x00000000c2100000| Untracked 
|  34|0x00000000c2200000, 0x00000000c2200000, 0x00000000c2300000|  0%| F|  |TAMS 0x00000000c2200000, 0x00000000c2200000| Untracked 
|  35|0x00000000c2300000, 0x00000000c2300000, 0x00000000c2400000|  0%| F|  |TAMS 0x00000000c2300000, 0x00000000c2300000| Untracked 
|  36|0x00000000c2400000, 0x00000000c2400000, 0x00000000c2500000|  0%| F|  |TAMS 0x00000000c2400000, 0x00000000c2400000| Untracked 
|  37|0x00000000c2500000, 0x00000000c2500000, 0x00000000c2600000|  0%| F|  |TAMS 0x00000000c2500000, 0x00000000c2500000| Untracked 
|  38|0x00000000c2600000, 0x00000000c2600000, 0x00000000c2700000|  0%| F|  |TAMS 0x00000000c2600000, 0x00000000c2600000| Untracked 
|  39|0x00000000c2700000, 0x00000000c2700000, 0x00000000c2800000|  0%| F|  |TAMS 0x00000000c2700000, 0x00000000c2700000| Untracked 
|  40|0x00000000c2800000, 0x00000000c2800000, 0x00000000c2900000|  0%| F|  |TAMS 0x00000000c2800000, 0x00000000c2800000| Untracked 
| 227|0x00000000ce300000, 0x00000000ce300000, 0x00000000ce400000|  0%| F|  |TAMS 0x00000000ce300000, 0x00000000ce300000| Untracked 
| 228|0x00000000ce400000, 0x00000000ce400000, 0x00000000ce500000|  0%| F|  |TAMS 0x00000000ce400000, 0x00000000ce400000| Untracked 
| 229|0x00000000ce500000, 0x00000000ce500000, 0x00000000ce600000|  0%| F|  |TAMS 0x00000000ce500000, 0x00000000ce500000| Untracked 
| 230|0x00000000ce600000, 0x00000000ce600000, 0x00000000ce700000|  0%| F|  |TAMS 0x00000000ce600000, 0x00000000ce600000| Untracked 
| 231|0x00000000ce700000, 0x00000000ce700000, 0x00000000ce800000|  0%| F|  |TAMS 0x00000000ce700000, 0x00000000ce700000| Untracked 
| 253|0x00000000cfd00000, 0x00000000cfd1d330, 0x00000000cfe00000| 11%| E|  |TAMS 0x00000000cfd00000, 0x00000000cfd00000| Complete 

Card table byte_map: [0x000002212fc10000,0x000002212fe10000] _byte_map_base: 0x000002212f610000

Marking Bits (Prev, Next): (CMBitMap*) 0x0000022127ab8e80, (CMBitMap*) 0x0000022127ab8ec0
 Prev Bits: [0x0000022130010000, 0x0000022131010000)
 Next Bits: [0x0000022131010000, 0x0000022132010000)

Polling page: 0x0000022127850000

Metaspace:

Usage:
  Non-class:     29.29 MB used.
      Class:      4.36 MB used.
       Both:     33.65 MB used.

Virtual space:
  Non-class space:       32.00 MB reserved,      29.62 MB ( 93%) committed,  4 nodes.
      Class space:        1.00 GB reserved,       4.56 MB ( <1%) committed,  1 nodes.
             Both:        1.03 GB reserved,      34.19 MB (  3%) committed. 

Chunk freelists:
   Non-Class:  2.54 MB
       Class:  3.35 MB
        Both:  5.89 MB

MaxMetaspaceSize: unlimited
CompressedClassSpaceSize: 1.00 GB
Initial GC threshold: 21.00 MB
Current GC threshold: 57.00 MB
CDS: off
MetaspaceReclaimPolicy: balanced
 - commit_granule_bytes: 65536.
 - commit_granule_words: 8192.
 - virtual_space_node_default_size: 1048576.
 - enlarge_chunks_in_place: 1.
 - new_chunks_are_fully_committed: 0.
 - uncommit_free_chunks: 1.
 - use_allocation_guard: 0.
 - handle_deallocations: 1.


Internal statistics:

num_allocs_failed_limit: 5.
num_arena_births: 436.
num_arena_deaths: 120.
num_vsnodes_births: 5.
num_vsnodes_deaths: 0.
num_space_committed: 547.
num_space_uncommitted: 0.
num_chunks_returned_to_freelist: 141.
num_chunks_taken_from_freelist: 1438.
num_chunk_merges: 46.
num_chunk_splits: 987.
num_chunks_enlarged: 729.
num_purges: 2.
num_inconsistent_stats: 0.

CodeCache: size=49152Kb used=6246Kb max_used=7899Kb free=42905Kb
 bounds [0x000002212bee0000, 0x000002212c6a0000, 0x000002212eee0000]
 total_blobs=3829 nmethods=3295 adapters=461
 compilation: enabled
              stopped_count=0, restarted_count=0
 full_count=0

Compilation events (20 events):
Event: 381.432 Thread 0x000002213582ef40 3284       1       jdk.internal.misc.Unsafe::putReferenceOpaque (9 bytes)
Event: 381.433 Thread 0x000002213582ef40 nmethod 3284 0x000002212c07f990 code [0x000002212c07fb20, 0x000002212c07fc38]
Event: 391.590 Thread 0x000002213582ef40 3285       1       java.lang.System::getProperty (25 bytes)
Event: 391.590 Thread 0x000002213582ef40 nmethod 3285 0x000002212c07f390 code [0x000002212c07f560, 0x000002212c07f7d8]
Event: 396.024 Thread 0x000002213582ef40 3286       1       java.util.concurrent.locks.LockSupport::setBlocker (12 bytes)
Event: 396.025 Thread 0x000002213582ef40 nmethod 3286 0x000002212c07f090 code [0x000002212c07f220, 0x000002212c07f318]
Event: 406.015 Thread 0x000002213582ef40 3287       1       java.util.concurrent.locks.ReentrantLock$Sync::isHeldExclusively (16 bytes)
Event: 406.015 Thread 0x000002213582ef40 nmethod 3287 0x000002212c07ed90 code [0x000002212c07ef20, 0x000002212c07f018]
Event: 425.980 Thread 0x000002213582ef40 3288       1       java.util.concurrent.locks.AbstractQueuedSynchronizer$ConditionObject::canReacquire (28 bytes)
Event: 425.981 Thread 0x000002213582ef40 nmethod 3288 0x000002212c07e990 code [0x000002212c07eb20, 0x000002212c07ec78]
Event: 425.995 Thread 0x000002213582ef40 3289       1       java.util.concurrent.ThreadPoolExecutor::getQueue (5 bytes)
Event: 425.996 Thread 0x000002213582ef40 nmethod 3289 0x000002212c07e690 code [0x000002212c07e820, 0x000002212c07e8f8]
Event: 432.193 Thread 0x000002213582ef40 3290       1       java.util.concurrent.ScheduledThreadPoolExecutor$DelayedWorkQueue::setIndex (16 bytes)
Event: 432.193 Thread 0x000002213582ef40 nmethod 3290 0x000002212c07e310 code [0x000002212c07e4a0, 0x000002212c07e5b8]
Event: 432.321 Thread 0x000002213582ef40 3291       1       java.util.concurrent.ScheduledThreadPoolExecutor$ScheduledFutureTask::getDelay (16 bytes)
Event: 432.321 Thread 0x000002213582ef40 nmethod 3291 0x000002212c07df90 code [0x000002212c07e120, 0x000002212c07e248]
Event: 432.321 Thread 0x000002213582ef40 3292       1       java.util.concurrent.TimeUnit::convert (77 bytes)
Event: 432.321 Thread 0x000002213582ef40 nmethod 3292 0x000002212c07d990 code [0x000002212c07db80, 0x000002212c07de08]
Event: 452.511 Thread 0x000002213582ef40 3293       1       java.lang.invoke.LambdaForm$MH/0x000000010008bc00::invoke (148 bytes)
Event: 452.511 Thread 0x000002213582ef40 nmethod 3293 0x000002212c07cf10 code [0x000002212c07d140, 0x000002212c07d548]

GC Heap History (20 events):
Event: 645.772 GC heap before
{Heap before GC invocations=67 (full 59):
 garbage-first heap   total 48128K, used 14393K [0x00000000c0000000, 0x0000000100000000)
  region size 1024K, 1 young (1024K), 0 survivors (0K)
 Metaspace       used 34461K, committed 35008K, reserved 1081344K
  class space    used 4467K, committed 4672K, reserved 1048576K
}
Event: 645.782 GC heap after
{Heap after GC invocations=68 (full 60):
 garbage-first heap   total 48128K, used 14393K [0x00000000c0000000, 0x0000000100000000)
  region size 1024K, 0 young (0K), 0 survivors (0K)
 Metaspace       used 34461K, committed 35008K, reserved 1081344K
  class space    used 4467K, committed 4672K, reserved 1048576K
}
Event: 655.923 GC heap before
{Heap before GC invocations=68 (full 60):
 garbage-first heap   total 48128K, used 14393K [0x00000000c0000000, 0x0000000100000000)
  region size 1024K, 1 young (1024K), 0 survivors (0K)
 Metaspace       used 34461K, committed 35008K, reserved 1081344K
  class space    used 4467K, committed 4672K, reserved 1048576K
}
Event: 655.933 GC heap after
{Heap after GC invocations=69 (full 61):
 garbage-first heap   total 48128K, used 14393K [0x00000000c0000000, 0x0000000100000000)
  region size 1024K, 0 young (0K), 0 survivors (0K)
 Metaspace       used 34461K, committed 35008K, reserved 1081344K
  class space    used 4467K, committed 4672K, reserved 1048576K
}
Event: 666.044 GC heap before
{Heap before GC invocations=69 (full 61):
 garbage-first heap   total 48128K, used 14393K [0x00000000c0000000, 0x0000000100000000)
  region size 1024K, 1 young (1024K), 0 survivors (0K)
 Metaspace       used 34461K, committed 35008K, reserved 1081344K
  class space    used 4467K, committed 4672K, reserved 1048576K
}
Event: 666.055 GC heap after
{Heap after GC invocations=70 (full 62):
 garbage-first heap   total 48128K, used 14393K [0x00000000c0000000, 0x0000000100000000)
  region size 1024K, 0 young (0K), 0 survivors (0K)
 Metaspace       used 34461K, committed 35008K, reserved 1081344K
  class space    used 4467K, committed 4672K, reserved 1048576K
}
Event: 676.237 GC heap before
{Heap before GC invocations=70 (full 62):
 garbage-first heap   total 48128K, used 14393K [0x00000000c0000000, 0x0000000100000000)
  region size 1024K, 1 young (1024K), 0 survivors (0K)
 Metaspace       used 34461K, committed 35008K, reserved 1081344K
  class space    used 4467K, committed 4672K, reserved 1048576K
}
Event: 676.248 GC heap after
{Heap after GC invocations=71 (full 63):
 garbage-first heap   total 48128K, used 14393K [0x00000000c0000000, 0x0000000100000000)
  region size 1024K, 0 young (0K), 0 survivors (0K)
 Metaspace       used 34461K, committed 35008K, reserved 1081344K
  class space    used 4467K, committed 4672K, reserved 1048576K
}
Event: 686.407 GC heap before
{Heap before GC invocations=71 (full 63):
 garbage-first heap   total 48128K, used 14393K [0x00000000c0000000, 0x0000000100000000)
  region size 1024K, 1 young (1024K), 0 survivors (0K)
 Metaspace       used 34461K, committed 35008K, reserved 1081344K
  class space    used 4467K, committed 4672K, reserved 1048576K
}
Event: 686.420 GC heap after
{Heap after GC invocations=72 (full 64):
 garbage-first heap   total 48128K, used 14393K [0x00000000c0000000, 0x0000000100000000)
  region size 1024K, 0 young (0K), 0 survivors (0K)
 Metaspace       used 34461K, committed 35008K, reserved 1081344K
  class space    used 4467K, committed 4672K, reserved 1048576K
}
Event: 696.590 GC heap before
{Heap before GC invocations=72 (full 64):
 garbage-first heap   total 48128K, used 14393K [0x00000000c0000000, 0x0000000100000000)
  region size 1024K, 1 young (1024K), 0 survivors (0K)
 Metaspace       used 34461K, committed 35008K, reserved 1081344K
  class space    used 4467K, committed 4672K, reserved 1048576K
}
Event: 696.601 GC heap after
{Heap after GC invocations=73 (full 65):
 garbage-first heap   total 48128K, used 14393K [0x00000000c0000000, 0x0000000100000000)
  region size 1024K, 0 young (0K), 0 survivors (0K)
 Metaspace       used 34461K, committed 35008K, reserved 1081344K
  class space    used 4467K, committed 4672K, reserved 1048576K
}
Event: 706.762 GC heap before
{Heap before GC invocations=73 (full 65):
 garbage-first heap   total 48128K, used 14393K [0x00000000c0000000, 0x0000000100000000)
  region size 1024K, 1 young (1024K), 0 survivors (0K)
 Metaspace       used 34461K, committed 35008K, reserved 1081344K
  class space    used 4467K, committed 4672K, reserved 1048576K
}
Event: 706.774 GC heap after
{Heap after GC invocations=74 (full 66):
 garbage-first heap   total 48128K, used 14393K [0x00000000c0000000, 0x0000000100000000)
  region size 1024K, 0 young (0K), 0 survivors (0K)
 Metaspace       used 34461K, committed 35008K, reserved 1081344K
  class space    used 4467K, committed 4672K, reserved 1048576K
}
Event: 716.895 GC heap before
{Heap before GC invocations=74 (full 66):
 garbage-first heap   total 48128K, used 14393K [0x00000000c0000000, 0x0000000100000000)
  region size 1024K, 1 young (1024K), 0 survivors (0K)
 Metaspace       used 34461K, committed 35008K, reserved 1081344K
  class space    used 4467K, committed 4672K, reserved 1048576K
}
Event: 716.905 GC heap after
{Heap after GC invocations=75 (full 67):
 garbage-first heap   total 48128K, used 14393K [0x00000000c0000000, 0x0000000100000000)
  region size 1024K, 0 young (0K), 0 survivors (0K)
 Metaspace       used 34461K, committed 35008K, reserved 1081344K
  class space    used 4467K, committed 4672K, reserved 1048576K
}
Event: 727.052 GC heap before
{Heap before GC invocations=75 (full 67):
 garbage-first heap   total 48128K, used 14393K [0x00000000c0000000, 0x0000000100000000)
  region size 1024K, 1 young (1024K), 0 survivors (0K)
 Metaspace       used 34461K, committed 35008K, reserved 1081344K
  class space    used 4467K, committed 4672K, reserved 1048576K
}
Event: 727.064 GC heap after
{Heap after GC invocations=76 (full 68):
 garbage-first heap   total 48128K, used 14393K [0x00000000c0000000, 0x0000000100000000)
  region size 1024K, 0 young (0K), 0 survivors (0K)
 Metaspace       used 34461K, committed 35008K, reserved 1081344K
  class space    used 4467K, committed 4672K, reserved 1048576K
}
Event: 737.196 GC heap before
{Heap before GC invocations=76 (full 68):
 garbage-first heap   total 48128K, used 14393K [0x00000000c0000000, 0x0000000100000000)
  region size 1024K, 1 young (1024K), 0 survivors (0K)
 Metaspace       used 34461K, committed 35008K, reserved 1081344K
  class space    used 4467K, committed 4672K, reserved 1048576K
}
Event: 737.208 GC heap after
{Heap after GC invocations=77 (full 69):
 garbage-first heap   total 48128K, used 14393K [0x00000000c0000000, 0x0000000100000000)
  region size 1024K, 0 young (0K), 0 survivors (0K)
 Metaspace       used 34461K, committed 35008K, reserved 1081344K
  class space    used 4467K, committed 4672K, reserved 1048576K
}

Dll operation events (7 events):
Event: 0.050 Loaded shared library c:\Users\Administrator\.vscode\extensions\redhat.java-1.16.0-win32-x64\jre\17.0.6-win32-x86_64\bin\java.dll
Event: 0.316 Loaded shared library C:\Users\Administrator\.vscode\extensions\redhat.java-1.16.0-win32-x64\jre\17.0.6-win32-x86_64\bin\net.dll
Event: 0.335 Loaded shared library C:\Users\Administrator\.vscode\extensions\redhat.java-1.16.0-win32-x64\jre\17.0.6-win32-x86_64\bin\nio.dll
Event: 0.531 Loaded shared library C:\Users\Administrator\.vscode\extensions\redhat.java-1.16.0-win32-x64\jre\17.0.6-win32-x86_64\bin\zip.dll
Event: 3.239 Loaded shared library C:\Users\Administrator\.vscode\extensions\redhat.java-1.16.0-win32-x64\jre\17.0.6-win32-x86_64\bin\jimage.dll
Event: 6.039 Loaded shared library C:\Users\Administrator\.vscode\extensions\redhat.java-1.16.0-win32-x64\jre\17.0.6-win32-x86_64\bin\management.dll
Event: 6.055 Loaded shared library C:\Users\Administrator\.vscode\extensions\redhat.java-1.16.0-win32-x64\jre\17.0.6-win32-x86_64\bin\management_ext.dll

Deoptimization events (6 events):
Event: 4.159 Thread 0x0000022127a77f30 DEOPT PACKING pc=0x000002212c46a899 sp=0x0000008f315fd1a0
Event: 4.159 Thread 0x0000022127a77f30 DEOPT UNPACKING pc=0x000002212bf37143 sp=0x0000008f315fc680 mode 3
Event: 4.815 Thread 0x0000022127a77f30 DEOPT PACKING pc=0x000002212c57e69d sp=0x0000008f315fa560
Event: 4.815 Thread 0x0000022127a77f30 DEOPT UNPACKING pc=0x000002212bf37143 sp=0x0000008f315f9a78 mode 3
Event: 6.204 Thread 0x0000022136dc3ae0 DEOPT PACKING pc=0x000002212c688935 sp=0x0000008f33afd440
Event: 6.204 Thread 0x0000022136dc3ae0 DEOPT UNPACKING pc=0x000002212bf37143 sp=0x0000008f33afc968 mode 3

Classes unloaded (20 events):
Event: 56.389 Thread 0x0000022134cf3b20 Unloading class 0x0000000100220800 'java/lang/invoke/LambdaForm$MH+0x0000000100220800'
Event: 56.389 Thread 0x0000022134cf3b20 Unloading class 0x0000000100215000 'java/lang/invoke/LambdaForm$DMH+0x0000000100215000'
Event: 56.389 Thread 0x0000022134cf3b20 Unloading class 0x0000000100091c00 'java/lang/invoke/LambdaForm$MH+0x0000000100091c00'
Event: 56.389 Thread 0x0000022134cf3b20 Unloading class 0x0000000100091800 'java/lang/invoke/LambdaForm$MH+0x0000000100091800'
Event: 56.390 Thread 0x0000022134cf3b20 Unloading class 0x0000000100091400 'java/lang/invoke/LambdaForm$MH+0x0000000100091400'
Event: 56.390 Thread 0x0000022134cf3b20 Unloading class 0x0000000100091000 'java/lang/invoke/LambdaForm$MH+0x0000000100091000'
Event: 56.390 Thread 0x0000022134cf3b20 Unloading class 0x0000000100090c00 'java/lang/invoke/LambdaForm$MH+0x0000000100090c00'
Event: 56.390 Thread 0x0000022134cf3b20 Unloading class 0x0000000100090800 'java/lang/invoke/LambdaForm$MH+0x0000000100090800'
Event: 56.390 Thread 0x0000022134cf3b20 Unloading class 0x0000000100090400 'java/lang/invoke/LambdaForm$MH+0x0000000100090400'
Event: 56.390 Thread 0x0000022134cf3b20 Unloading class 0x0000000100090000 'java/lang/invoke/LambdaForm$MH+0x0000000100090000'
Event: 56.390 Thread 0x0000022134cf3b20 Unloading class 0x000000010008b800 'java/lang/invoke/LambdaForm$MH+0x000000010008b800'
Event: 56.390 Thread 0x0000022134cf3b20 Unloading class 0x000000010008b400 'java/lang/invoke/LambdaForm$MH+0x000000010008b400'
Event: 56.390 Thread 0x0000022134cf3b20 Unloading class 0x000000010008b000 'java/lang/invoke/LambdaForm$MH+0x000000010008b000'
Event: 56.390 Thread 0x0000022134cf3b20 Unloading class 0x000000010008ac00 'java/lang/invoke/LambdaForm$MH+0x000000010008ac00'
Event: 56.390 Thread 0x0000022134cf3b20 Unloading class 0x000000010008a800 'java/lang/invoke/LambdaForm$MH+0x000000010008a800'
Event: 56.390 Thread 0x0000022134cf3b20 Unloading class 0x000000010008a400 'java/lang/invoke/LambdaForm$MH+0x000000010008a400'
Event: 56.390 Thread 0x0000022134cf3b20 Unloading class 0x0000000100089c00 'java/lang/invoke/LambdaForm$MH+0x0000000100089c00'
Event: 56.390 Thread 0x0000022134cf3b20 Unloading class 0x0000000100089400 'java/lang/invoke/LambdaForm$MH+0x0000000100089400'
Event: 56.390 Thread 0x0000022134cf3b20 Unloading class 0x0000000100088c00 'java/lang/invoke/LambdaForm$MH+0x0000000100088c00'
Event: 56.390 Thread 0x0000022134cf3b20 Unloading class 0x0000000100088400 'java/lang/invoke/LambdaForm$MH+0x0000000100088400'

Classes redefined (0 events):
No events

Internal exceptions (20 events):
Event: 4.724 Thread 0x0000022127a77f30 Exception <a 'java/lang/NoSuchMethodError'{0x00000000c2852b50}: 'int java.lang.invoke.Invokers$Holder.linkToTargetMethod(java.lang.Object, java.lang.Object)'> (0x00000000c2852b50) 
thrown [s\src\hotspot\share\interpreter\linkResolver.cpp, line 759]
Event: 4.733 Thread 0x0000022127a77f30 Exception <a 'java/lang/NoSuchMethodError'{0x00000000c2726c58}: 'java.lang.Object java.lang.invoke.DirectMethodHandle$Holder.invokeSpecial(java.lang.Object, java.lang.Object, java.lang.Object, java.lang.Object, java.lang.Object, java.lang.Object, java.lang.Object, java.lang.Object, java.lang.Object, java.lang.Object)'> (0x00000000c2726c58) 
thrown [s\src\hotspot\share\interpreter\linkResolver.cpp, line 759]
Event: 4.733 Thread 0x0000022127a77f30 Exception <a 'java/lang/NoSuchMethodError'{0x00000000c272b240}: 'java.lang.Object java.lang.invoke.Invokers$Holder.invoke_MT(java.lang.Object, java.lang.Object, java.lang.Object, java.lang.Object, java.lang.Object, java.lang.Object, java.lang.Object, java.lang.Object, java.lang.Object, java.lang.Object)'> (0x00000000c272b240) 
thrown [s\src\hotspot\share\interpreter\linkResolver.cpp, line 759]
Event: 4.735 Thread 0x0000022127a77f30 Exception <a 'java/lang/NoSuchMethodError'{0x00000000c2771280}: 'java.lang.Object java.lang.invoke.DirectMethodHandle$Holder.invokeSpecial(java.lang.Object, java.lang.Object, int, java.lang.Object, java.lang.Object)'> (0x00000000c2771280) 
thrown [s\src\hotspot\share\interpreter\linkResolver.cpp, line 759]
Event: 4.735 Thread 0x0000022127a77f30 Exception <a 'java/lang/NoSuchMethodError'{0x00000000c2774f28}: 'java.lang.Object java.lang.invoke.DelegatingMethodHandle$Holder.delegate(java.lang.Object, int, java.lang.Object, java.lang.Object)'> (0x00000000c2774f28) 
thrown [s\src\hotspot\share\interpreter\linkResolver.cpp, line 759]
Event: 4.736 Thread 0x0000022127a77f30 Exception <a 'java/lang/NoSuchMethodError'{0x00000000c27921f0}: 'int java.lang.invoke.Invokers$Holder.linkToTargetMethod(java.lang.Object, java.lang.Object, java.lang.Object)'> (0x00000000c27921f0) 
thrown [s\src\hotspot\share\interpreter\linkResolver.cpp, line 759]
Event: 4.766 Thread 0x0000022127a77f30 Exception <a 'java/lang/NoSuchMethodError'{0x00000000c240ca50}: 'void java.lang.invoke.DirectMethodHandle$Holder.invokeSpecial(java.lang.Object, java.lang.Object, java.lang.Object, java.lang.Object, java.lang.Object, java.lang.Object)'> (0x00000000c240ca50) 
thrown [s\src\hotspot\share\interpreter\linkResolver.cpp, line 759]
Event: 4.783 Thread 0x0000022127a77f30 Exception <a 'java/lang/NoSuchMethodError'{0x00000000c23b5d20}: 'java.lang.Object java.lang.invoke.DirectMethodHandle$Holder.invokeStaticInit(java.lang.Object, int, int, int, int)'> (0x00000000c23b5d20) 
thrown [s\src\hotspot\share\interpreter\linkResolver.cpp, line 759]
Event: 4.867 Thread 0x0000022127a77f30 Exception <a 'java/lang/NoSuchMethodError'{0x00000000c22e5548}: 'java.lang.Object java.lang.invoke.DirectMethodHandle$Holder.invokeStaticInit(java.lang.Object, java.lang.Object, int, int, int, int)'> (0x00000000c22e5548) 
thrown [s\src\hotspot\share\interpreter\linkResolver.cpp, line 759]
Event: 5.014 Thread 0x0000022127a77f30 Exception <a 'java/lang/NoSuchMethodError'{0x00000000ce581c48}: 'void java.lang.invoke.DirectMethodHandle$Holder.invokeSpecialIFC(java.lang.Object, java.lang.Object, java.lang.Object)'> (0x00000000ce581c48) 
thrown [s\src\hotspot\share\interpreter\linkResolver.cpp, line 759]
Event: 5.890 Thread 0x0000022127a77f30 Exception <a 'java/lang/NoSuchMethodError'{0x00000000ce3a92d0}: 'java.lang.Object java.lang.invoke.DirectMethodHandle$Holder.invokeInterface(java.lang.Object, java.lang.Object, int)'> (0x00000000ce3a92d0) 
thrown [s\src\hotspot\share\interpreter\linkResolver.cpp, line 759]
Event: 5.891 Thread 0x0000022127a77f30 Exception <a 'java/lang/IncompatibleClassChangeError'{0x00000000ce3bc5a8}: Found class java.lang.Object, but interface was expected> (0x00000000ce3bc5a8) 
thrown [s\src\hotspot\share\interpreter\linkResolver.cpp, line 826]
Event: 6.021 Thread 0x0000022127a77f30 Exception <a 'java/lang/NoSuchMethodError'{0x00000000c25be940}: 'java.lang.Object java.lang.invoke.DirectMethodHandle$Holder.newInvokeSpecial(java.lang.Object, java.lang.Object, int, java.lang.Object, java.lang.Object)'> (0x00000000c25be940) 
thrown [s\src\hotspot\share\interpreter\linkResolver.cpp, line 759]
Event: 6.022 Thread 0x0000022127a77f30 Exception <a 'java/lang/NoSuchMethodError'{0x00000000c25d0c30}: 'java.lang.Object java.lang.invoke.DirectMethodHandle$Holder.invokeSpecial(java.lang.Object, java.lang.Object, int, java.lang.Object, int, java.lang.Object)'> (0x00000000c25d0c30) 
thrown [s\src\hotspot\share\interpreter\linkResolver.cpp, line 759]
Event: 6.022 Thread 0x0000022127a77f30 Exception <a 'java/lang/NoSuchMethodError'{0x00000000c25d8a38}: 'java.lang.Object java.lang.invoke.DirectMethodHandle$Holder.newInvokeSpecial(java.lang.Object, java.lang.Object, int, java.lang.Object, int)'> (0x00000000c25d8a38) 
thrown [s\src\hotspot\share\interpreter\linkResolver.cpp, line 759]
Event: 6.022 Thread 0x0000022127a77f30 Exception <a 'java/lang/NoSuchMethodError'{0x00000000c25dcb38}: 'java.lang.Object java.lang.invoke.DirectMethodHandle$Holder.invokeSpecial(java.lang.Object, java.lang.Object, java.lang.Object, int, java.lang.Object, int)'> (0x00000000c25dcb38) 
thrown [s\src\hotspot\share\interpreter\linkResolver.cpp, line 759]
Event: 6.202 Thread 0x0000022136dc3ae0 Exception <a 'java/lang/NoSuchMethodError'{0x00000000ce58d400}: 'java.lang.Object java.lang.invoke.DirectMethodHandle$Holder.invokeStatic(java.lang.Object, int, java.lang.Object)'> (0x00000000ce58d400) 
thrown [s\src\hotspot\share\interpreter\linkResolver.cpp, line 759]
Event: 6.204 Thread 0x0000022135a10990 Exception <a 'java/lang/NoSuchMethodError'{0x00000000ce5a59b8}: 'java.lang.Object java.lang.invoke.DirectMethodHandle$Holder.invokeStatic(java.lang.Object, java.lang.Object, java.lang.Object, int, java.lang.Object, java.lang.Object)'> (0x00000000ce5a59b8) 
thrown [s\src\hotspot\share\interpreter\linkResolver.cpp, line 759]
Event: 46.094 Thread 0x00000221362dd930 Exception <a 'java/lang/NoSuchMethodError'{0x00000000c2802d48}: 'void java.lang.invoke.DirectMethodHandle$Holder.invokeStatic(java.lang.Object, long)'> (0x00000000c2802d48) 
thrown [s\src\hotspot\share\interpreter\linkResolver.cpp, line 759]
Event: 46.096 Thread 0x00000221362dd930 Exception <a 'java/lang/NoSuchMethodError'{0x00000000c28080f0}: 'java.lang.Object java.lang.invoke.DirectMethodHandle$Holder.newInvokeSpecial(java.lang.Object, long)'> (0x00000000c28080f0) 
thrown [s\src\hotspot\share\interpreter\linkResolver.cpp, line 759]

VM Operations (20 events):
Event: 645.782 Executing VM operation: G1CollectFull done
Event: 655.923 Executing VM operation: G1CollectFull
Event: 655.933 Executing VM operation: G1CollectFull done
Event: 666.044 Executing VM operation: G1CollectFull
Event: 666.055 Executing VM operation: G1CollectFull done
Event: 676.237 Executing VM operation: G1CollectFull
Event: 676.248 Executing VM operation: G1CollectFull done
Event: 686.407 Executing VM operation: G1CollectFull
Event: 686.420 Executing VM operation: G1CollectFull done
Event: 696.590 Executing VM operation: G1CollectFull
Event: 696.601 Executing VM operation: G1CollectFull done
Event: 706.762 Executing VM operation: G1CollectFull
Event: 706.775 Executing VM operation: G1CollectFull done
Event: 716.895 Executing VM operation: G1CollectFull
Event: 716.905 Executing VM operation: G1CollectFull done
Event: 727.052 Executing VM operation: G1CollectFull
Event: 727.064 Executing VM operation: G1CollectFull done
Event: 737.196 Executing VM operation: G1CollectFull
Event: 737.208 Executing VM operation: G1CollectFull done
Event: 747.298 Executing VM operation: G1CollectFull

Events (20 events):
Event: 11.916 Thread 0x0000022136741990 Thread exited: 0x0000022136741990
Event: 11.916 Thread 0x0000022135a73ac0 Thread exited: 0x0000022135a73ac0
Event: 46.070 loading class java/lang/ProcessBuilder
Event: 46.071 loading class java/lang/ProcessBuilder done
Event: 46.072 loading class java/lang/ProcessImpl
Event: 46.073 loading class java/lang/Process
Event: 46.073 loading class java/lang/Process done
Event: 46.073 loading class java/lang/ProcessImpl done
Event: 46.096 loading class java/lang/ProcessImpl$2
Event: 46.097 loading class java/lang/ProcessImpl$2 done
Event: 46.097 loading class java/lang/Process$PipeInputStream
Event: 46.097 loading class java/lang/Process$PipeInputStream done
Event: 46.098 loading class jdk/internal/event/ProcessStartEvent
Event: 46.098 loading class jdk/internal/event/ProcessStartEvent done
Event: 46.230 loading class java/io/FileOutputStream$1
Event: 46.230 loading class java/io/FileOutputStream$1 done
Event: 66.245 Thread 0x0000022136df7080 Thread exited: 0x0000022136df7080
Event: 66.908 Thread 0x0000022136de37a0 Thread exited: 0x0000022136de37a0
Event: 66.922 Thread 0x0000022136df4e80 Thread exited: 0x0000022136df4e80
Event: 126.245 Thread 0x0000022136df66e0 Thread exited: 0x0000022136df66e0


Dynamic libraries:
0x00007ff7323f0000 - 0x00007ff7323fe000 	c:\Users\Administrator\.vscode\extensions\redhat.java-1.16.0-win32-x64\jre\17.0.6-win32-x86_64\bin\java.exe
0x00007ffb8e0f0000 - 0x00007ffb8e2e8000 	C:\Windows\SYSTEM32\ntdll.dll
0x00007ffb8dba0000 - 0x00007ffb8dc5f000 	C:\Windows\System32\KERNEL32.DLL
0x00007ffb8b900000 - 0x00007ffb8bbd2000 	C:\Windows\System32\KERNELBASE.dll
0x00007ffb8bbe0000 - 0x00007ffb8bce0000 	C:\Windows\System32\ucrtbase.dll
0x00007ffb87660000 - 0x00007ffb87679000 	c:\Users\Administrator\.vscode\extensions\redhat.java-1.16.0-win32-x64\jre\17.0.6-win32-x86_64\bin\VCRUNTIME140.dll
0x00007ffb87640000 - 0x00007ffb87657000 	c:\Users\Administrator\.vscode\extensions\redhat.java-1.16.0-win32-x64\jre\17.0.6-win32-x86_64\bin\jli.dll
0x00007ffb8c250000 - 0x00007ffb8c3f1000 	C:\Windows\System32\USER32.dll
0x00007ffb8c0e0000 - 0x00007ffb8c102000 	C:\Windows\System32\win32u.dll
0x00007ffb7e8b0000 - 0x00007ffb7eb4a000 	C:\Windows\WinSxS\amd64_microsoft.windows.common-controls_6595b64144ccf1df_6.0.19041.1110_none_60b5254171f9507e\COMCTL32.dll
0x00007ffb8d550000 - 0x00007ffb8d57b000 	C:\Windows\System32\GDI32.dll
0x00007ffb8bfd0000 - 0x00007ffb8c0df000 	C:\Windows\System32\gdi32full.dll
0x00007ffb8d660000 - 0x00007ffb8d6fe000 	C:\Windows\System32\msvcrt.dll
0x00007ffb8b7f0000 - 0x00007ffb8b88d000 	C:\Windows\System32\msvcp_win.dll
0x00007ffb8d3a0000 - 0x00007ffb8d3d0000 	C:\Windows\System32\IMM32.DLL
0x00007ffb87630000 - 0x00007ffb8763c000 	c:\Users\Administrator\.vscode\extensions\redhat.java-1.16.0-win32-x64\jre\17.0.6-win32-x86_64\bin\vcruntime140_1.dll
0x00007ffb6a170000 - 0x00007ffb6a201000 	c:\Users\Administrator\.vscode\extensions\redhat.java-1.16.0-win32-x64\jre\17.0.6-win32-x86_64\bin\msvcp140.dll
0x00007ffb2d320000 - 0x00007ffb2df67000 	c:\Users\Administrator\.vscode\extensions\redhat.java-1.16.0-win32-x64\jre\17.0.6-win32-x86_64\bin\server\jvm.dll
0x00007ffb8c680000 - 0x00007ffb8c72e000 	C:\Windows\System32\ADVAPI32.dll
0x00007ffb8deb0000 - 0x00007ffb8df4c000 	C:\Windows\System32\sechost.dll
0x00007ffb8dc60000 - 0x00007ffb8dd84000 	C:\Windows\System32\RPCRT4.dll
0x00007ffb84b30000 - 0x00007ffb84b3a000 	C:\Windows\SYSTEM32\VERSION.dll
0x00007ffb82330000 - 0x00007ffb82357000 	C:\Windows\SYSTEM32\WINMM.dll
0x00007ffb72820000 - 0x00007ffb72829000 	C:\Windows\SYSTEM32\WSOCK32.dll
0x00007ffb8c610000 - 0x00007ffb8c67b000 	C:\Windows\System32\ws2_32.DLL
0x00007ffb89690000 - 0x00007ffb896a2000 	C:\Windows\SYSTEM32\kernel.appcore.dll
0x00007ffb87620000 - 0x00007ffb8762a000 	c:\Users\Administrator\.vscode\extensions\redhat.java-1.16.0-win32-x64\jre\17.0.6-win32-x86_64\bin\jimage.dll
0x00007ffb82b90000 - 0x00007ffb82d74000 	C:\Windows\SYSTEM32\DBGHELP.DLL
0x00007ffb72830000 - 0x00007ffb72865000 	C:\Windows\SYSTEM32\dbgcore.DLL
0x00007ffb8bde0000 - 0x00007ffb8be62000 	C:\Windows\System32\bcryptPrimitives.dll
0x00007ffb763d0000 - 0x00007ffb763f5000 	c:\Users\Administrator\.vscode\extensions\redhat.java-1.16.0-win32-x64\jre\17.0.6-win32-x86_64\bin\java.dll
0x00007ffb75c50000 - 0x00007ffb75c68000 	c:\Users\Administrator\.vscode\extensions\redhat.java-1.16.0-win32-x64\jre\17.0.6-win32-x86_64\bin\zip.dll
0x00007ffb8cc40000 - 0x00007ffb8d385000 	C:\Windows\System32\SHELL32.dll
0x00007ffb89890000 - 0x00007ffb8a022000 	C:\Windows\SYSTEM32\windows.storage.dll
0x00007ffb8c730000 - 0x00007ffb8ca85000 	C:\Windows\System32\combase.dll
0x00007ffb8b170000 - 0x00007ffb8b1a0000 	C:\Windows\SYSTEM32\Wldp.dll
0x00007ffb8c1a0000 - 0x00007ffb8c24d000 	C:\Windows\System32\SHCORE.dll
0x00007ffb8dd90000 - 0x00007ffb8dde5000 	C:\Windows\System32\shlwapi.dll
0x00007ffb8b730000 - 0x00007ffb8b74f000 	C:\Windows\SYSTEM32\profapi.dll
0x00007ffb75c30000 - 0x00007ffb75c49000 	C:\Users\Administrator\.vscode\extensions\redhat.java-1.16.0-win32-x64\jre\17.0.6-win32-x86_64\bin\net.dll
0x00007ffb84e50000 - 0x00007ffb84f5a000 	C:\Windows\SYSTEM32\WINHTTP.dll
0x00007ffb8af50000 - 0x00007ffb8afba000 	C:\Windows\system32\mswsock.dll
0x00007ffb75250000 - 0x00007ffb75265000 	C:\Users\Administrator\.vscode\extensions\redhat.java-1.16.0-win32-x64\jre\17.0.6-win32-x86_64\bin\nio.dll
0x00007ffb8b1b0000 - 0x00007ffb8b1c8000 	C:\Windows\SYSTEM32\CRYPTSP.dll
0x00007ffb8a820000 - 0x00007ffb8a854000 	C:\Windows\system32\rsaenh.dll
0x00007ffb8c110000 - 0x00007ffb8c137000 	C:\Windows\System32\bcrypt.dll
0x00007ffb8b6f0000 - 0x00007ffb8b71e000 	C:\Windows\SYSTEM32\USERENV.dll
0x00007ffb8b0e0000 - 0x00007ffb8b0ec000 	C:\Windows\SYSTEM32\CRYPTBASE.dll
0x00007ffb8ac10000 - 0x00007ffb8ac4b000 	C:\Windows\SYSTEM32\IPHLPAPI.DLL
0x00007ffb8ddf0000 - 0x00007ffb8ddf8000 	C:\Windows\System32\NSI.dll
0x00007ffb853e0000 - 0x00007ffb853f7000 	C:\Windows\SYSTEM32\dhcpcsvc6.DLL
0x00007ffb85ed0000 - 0x00007ffb85eed000 	C:\Windows\SYSTEM32\dhcpcsvc.DLL
0x00007ffb8ac50000 - 0x00007ffb8ad1b000 	C:\Windows\SYSTEM32\DNSAPI.dll
0x00007ffb75ab0000 - 0x00007ffb75ab9000 	C:\Users\Administrator\.vscode\extensions\redhat.java-1.16.0-win32-x64\jre\17.0.6-win32-x86_64\bin\management.dll
0x00007ffb750d0000 - 0x00007ffb750db000 	C:\Users\Administrator\.vscode\extensions\redhat.java-1.16.0-win32-x64\jre\17.0.6-win32-x86_64\bin\management_ext.dll
0x00007ffb8d720000 - 0x00007ffb8d728000 	C:\Windows\System32\PSAPI.DLL

dbghelp: loaded successfully - version: 4.0.5 - missing functions: none
symbol engine: initialized successfully - sym options: 0x614 - pdb path: .;c:\Users\Administrator\.vscode\extensions\redhat.java-1.16.0-win32-x64\jre\17.0.6-win32-x86_64\bin;C:\Windows\SYSTEM32;C:\Windows\WinSxS\amd64_microsoft.windows.common-controls_6595b64144ccf1df_6.0.19041.1110_none_60b5254171f9507e;c:\Users\Administrator\.vscode\extensions\redhat.java-1.16.0-win32-x64\jre\17.0.6-win32-x86_64\bin\server

VM Arguments:
jvm_args: -XX:+HeapDumpOnOutOfMemoryError -Xmx1024m -Dsts.lsp.client=vscode -Dsts.log.file=/dev/null -XX:TieredStopAtLevel=1 -Xlog:jni+resolve=off -Dspring.config.location=file:c:\Users\Administrator\.vscode\extensions\vmware.vscode-spring-boot-1.45.0\language-server\BOOT-INF\classes\application.properties 
java_command: org.springframework.ide.vscode.boot.app.BootLanguageServerBootApp
java_class_path (initial): c:\Users\Administrator\.vscode\extensions\vmware.vscode-spring-boot-1.45.0\language-server\BOOT-INF\classes;c:\Users\Administrator\.vscode\extensions\vmware.vscode-spring-boot-1.45.0\language-server\BOOT-INF\lib\annotations-24.0.1.jar;c:\Users\Administrator\.vscode\extensions\vmware.vscode-spring-boot-1.45.0\language-server\BOOT-INF\lib\ant-1.10.13.jar;c:\Users\Administrator\.vscode\extensions\vmware.vscode-spring-boot-1.45.0\language-server\BOOT-INF\lib\ant-launcher-1.10.13.jar;c:\Users\Administrator\.vscode\extensions\vmware.vscode-spring-boot-1.45.0\language-server\BOOT-INF\lib\antlr-runtime-3.5.3.jar;c:\Users\Administrator\.vscode\extensions\vmware.vscode-spring-boot-1.45.0\language-server\BOOT-INF\lib\antlr4-4.11.1.jar;c:\Users\Administrator\.vscode\extensions\vmware.vscode-spring-boot-1.45.0\language-server\BOOT-INF\lib\antlr4-runtime-4.11.1.jar;c:\Users\Administrator\.vscode\extensions\vmware.vscode-spring-boot-1.45.0\language-server\BOOT-INF\lib\asm-9.4.jar;c:\Users\Administrator\.vscode\extensions\vmware.vscode-spring-boot-1.45.0\language-server\BOOT-INF\lib\asm-analysis-9.4.jar;c:\Users\Administrator\.vscode\extensions\vmware.vscode-spring-boot-1.45.0\language-server\BOOT-INF\lib\asm-tree-9.4.jar;c:\Users\Administrator\.vscode\extensions\vmware.vscode-spring-boot-1.45.0\language-server\BOOT-INF\lib\asm-util-9.4.jar;c:\Users\Administrator\.vscode\extensions\vmware.vscode-spring-boot-1.45.0\language-server\BOOT-INF\lib\caffeine-3.1.2.jar;c:\Users\Administrator\.vscode\extensions\vmware.vscode-spring-boot-1.45.0\language-server\BOOT-INF\lib\checker-qual-3.12.0.jar;c:\Users\Administrator\.vscode\extensions\vmware.vscode-spring-boot-1.45.0\language-server\BOOT-INF\lib\classgraph-4.8.149.jar;c:\Users\Administrator\.vscode\extensions\vmware.vscode-spring-boot-1.45.0\language-server\BOOT-INF\lib\commons-codec-1.15.jar;c:\Users\Administrator\.vscode\extensions\vmware.vscode-spring-boot-1.45.0\language-server\BOOT-INF\lib\commons-compres
Launcher Type: SUN_STANDARD

[Global flags]
     intx CICompilerCount                          = 4                                         {product} {ergonomic}
     uint ConcGCThreads                            = 3                                         {product} {ergonomic}
     uint G1ConcRefinementThreads                  = 10                                        {product} {ergonomic}
   size_t G1HeapRegionSize                         = 1048576                                   {product} {ergonomic}
    uintx GCDrainStackTargetSize                   = 64                                        {product} {ergonomic}
     bool HeapDumpOnOutOfMemoryError               = true                                   {manageable} {command line}
   size_t InitialHeapSize                          = 266338304                                 {product} {ergonomic}
   size_t MarkStackSize                            = 4194304                                   {product} {ergonomic}
   size_t MaxHeapSize                              = 1073741824                                {product} {command line}
   size_t MaxNewSize                               = 643825664                                 {product} {ergonomic}
   size_t MinHeapDeltaBytes                        = 1048576                                   {product} {ergonomic}
   size_t MinHeapSize                              = 8388608                                   {product} {ergonomic}
    uintx NonProfiledCodeHeapSize                  = 0                                      {pd product} {ergonomic}
     bool ProfileInterpreter                       = false                                  {pd product} {command line}
    uintx ProfiledCodeHeapSize                     = 0                                      {pd product} {ergonomic}
   size_t SoftMaxHeapSize                          = 1073741824                             {manageable} {ergonomic}
     intx TieredStopAtLevel                        = 1                                         {product} {command line}
     bool UseCompressedClassPointers               = true                           {product lp64_product} {ergonomic}
     bool UseCompressedOops                        = true                           {product lp64_product} {ergonomic}
     bool UseG1GC                                  = true                                      {product} {ergonomic}
     bool UseLargePagesIndividualAllocation        = false                                  {pd product} {ergonomic}

Logging:
Log output configuration:
 #0: stdout all=warning,jni+resolve=off uptime,level,tags
 #1: stderr all=off uptime,level,tags

Environment Variables:
JAVA_HOME=D:\Java\jdk-17
PATH=C:\Program Files (x86)\Common Files\Oracle\Java\javapath;C:\Program Files\Common Files\Oracle\Java\javapath;E:\VMware\VMware Workstation\bin\;C:\Windows\system32;C:\Windows;C:\Windows\System32\Wbem;C:\Windows\System32\WindowsPowerShell\v1.0\;C:\Windows\System32\OpenSSH\;C:\Program Files (x86)\NVIDIA Corporation\PhysX\Common;C:\Program Files\NVIDIA Corporation\NVIDIA NvDLISR;D:\Java\jdk-17\bin;D:\MySQL\MySQL Server 8.0\bin\;D:\Git\cmd;D:\apache-maven-3.8.6-bin\apache-maven-3.8.6\bin;C:\Program Files\Docker\Docker\resources\bin;D:\AndroidTool\flutter_windows_3.7.6-stable\flutter\bin;D:\AndroidTool\flutter_windows_3.7.6-stable\flutter\bin\cache\dart-sdk;D:\web\dll;D:\nvm;D:\nodejs;D:\Java\jdk-17\jre1.8;C:\Users\Administrator\AppData\Local\Programs\Python\Python38\Scripts\;C:\Users\Administrator\AppData\Local\Programs\Python\Python38\;C:\Users\Administrator\AppData\Local\Microsoft\WindowsApps;C:\Users\Administrator\AppData\Roaming\npm;D:\Microsoft VS Code\bin;D:\nvm;D:\nodejs
USERNAME=Administrator
OS=Windows_NT
PROCESSOR_IDENTIFIER=Intel64 Family 6 Model 151 Stepping 2, GenuineIntel
TMP=C:\Users\ADMINI~1\AppData\Local\Temp
TEMP=C:\Users\ADMINI~1\AppData\Local\Temp



---------------  S Y S T E M  ---------------

OS:
 Windows 10 , 64 bit Build 19041 (10.0.19041.2546)
OS uptime: 25 days 2:01 hours
Hyper-V role detected

CPU: total 12 (initial active 12) (6 cores per cpu, 2 threads per core) family 6 model 151 stepping 2 microcode 0x28, cx8, cmov, fxsr, ht, mmx, 3dnowpref, sse, sse2, sse3, ssse3, sse4.1, sse4.2, popcnt, lzcnt, tsc, tscinvbit, avx, avx2, aes, erms, clmul, bmi1, bmi2, adx, sha, fma, vzeroupper, clflush, clflushopt, clwb, hv

Memory: 4k page, system-wide physical 16239M (1088M free)
TotalPageFile size 65391M (AvailPageFile size 17M)
current process WorkingSet (physical memory assigned to process): 134M, peak: 134M
current process commit charge ("private bytes"): 178M, peak: 368M

vm_info: OpenJDK 64-Bit Server VM (17.0.6+10) for windows-amd64 JRE (17.0.6+10), built on Jan 18 2023 10:08:59 by "temurin" with MS VC++ 16.7 (VS2019)

END.
